mode: atomic
github.com/opendatahub-io/opendatahub-operator/v2/pkg/controller/actions/render/kustomize/action_render_manifests.go:30.56,31.25 1 0
github.com/opendatahub-io/opendatahub-operator/v2/pkg/controller/actions/render/kustomize/action_render_manifests.go:31.25,33.3 1 0
github.com/opendatahub-io/opendatahub-operator/v2/pkg/controller/actions/render/kustomize/action_render_manifests.go:36.54,37.25 1 4
github.com/opendatahub-io/opendatahub-operator/v2/pkg/controller/actions/render/kustomize/action_render_manifests.go:37.25,39.3 1 4
github.com/opendatahub-io/opendatahub-operator/v2/pkg/controller/actions/render/kustomize/action_render_manifests.go:42.54,43.25 1 0
github.com/opendatahub-io/opendatahub-operator/v2/pkg/controller/actions/render/kustomize/action_render_manifests.go:43.25,45.3 1 0
github.com/opendatahub-io/opendatahub-operator/v2/pkg/controller/actions/render/kustomize/action_render_manifests.go:48.59,49.25 1 4
github.com/opendatahub-io/opendatahub-operator/v2/pkg/controller/actions/render/kustomize/action_render_manifests.go:49.25,51.3 1 4
github.com/opendatahub-io/opendatahub-operator/v2/pkg/controller/actions/render/kustomize/action_render_manifests.go:54.59,55.25 1 0
github.com/opendatahub-io/opendatahub-operator/v2/pkg/controller/actions/render/kustomize/action_render_manifests.go:55.25,57.3 1 0
github.com/opendatahub-io/opendatahub-operator/v2/pkg/controller/actions/render/kustomize/action_render_manifests.go:60.72,61.30 1 2
github.com/opendatahub-io/opendatahub-operator/v2/pkg/controller/actions/render/kustomize/action_render_manifests.go:61.30,63.3 1 2
github.com/opendatahub-io/opendatahub-operator/v2/pkg/controller/actions/render/kustomize/action_render_manifests.go:66.41,67.30 1 1
github.com/opendatahub-io/opendatahub-operator/v2/pkg/controller/actions/render/kustomize/action_render_manifests.go:67.30,69.3 1 1
github.com/opendatahub-io/opendatahub-operator/v2/pkg/controller/actions/render/kustomize/action_render_manifests.go:72.82,74.2 1 5
github.com/opendatahub-io/opendatahub-operator/v2/pkg/controller/actions/render/kustomize/action_render_manifests.go:76.113,79.30 2 4
github.com/opendatahub-io/opendatahub-operator/v2/pkg/controller/actions/render/kustomize/action_render_manifests.go:79.30,85.17 2 4
github.com/opendatahub-io/opendatahub-operator/v2/pkg/controller/actions/render/kustomize/action_render_manifests.go:85.17,87.4 1 0
github.com/opendatahub-io/opendatahub-operator/v2/pkg/controller/actions/render/kustomize/action_render_manifests.go:89.3,89.48 1 4
github.com/opendatahub-io/opendatahub-operator/v2/pkg/controller/actions/render/kustomize/action_render_manifests.go:92.2,92.20 1 4
github.com/opendatahub-io/opendatahub-operator/v2/pkg/controller/actions/render/kustomize/action_render_manifests.go:95.47,101.27 2 2
github.com/opendatahub-io/opendatahub-operator/v2/pkg/controller/actions/render/kustomize/action_render_manifests.go:101.27,103.3 1 11
github.com/opendatahub-io/opendatahub-operator/v2/pkg/controller/actions/render/kustomize/action_render_manifests.go:105.2,105.18 1 2
github.com/opendatahub-io/opendatahub-operator/v2/pkg/controller/actions/render/kustomize/action_render_manifests.go:105.18,107.3 1 1
github.com/opendatahub-io/opendatahub-operator/v2/pkg/controller/actions/render/kustomize/action_render_manifests.go:109.2,111.19 2 2
