mode: atomic
github.com/opendatahub-io/opendatahub-operator/v2/pkg/controller/actions/deploy/action_deploy.go:44.46,45.30 1 3
github.com/opendatahub-io/opendatahub-operator/v2/pkg/controller/actions/deploy/action_deploy.go:45.30,47.3 1 3
github.com/opendatahub-io/opendatahub-operator/v2/pkg/controller/actions/deploy/action_deploy.go:50.38,51.30 1 7
github.com/opendatahub-io/opendatahub-operator/v2/pkg/controller/actions/deploy/action_deploy.go:51.30,53.3 1 7
github.com/opendatahub-io/opendatahub-operator/v2/pkg/controller/actions/deploy/action_deploy.go:56.54,57.30 1 0
github.com/opendatahub-io/opendatahub-operator/v2/pkg/controller/actions/deploy/action_deploy.go:57.30,58.27 1 0
github.com/opendatahub-io/opendatahub-operator/v2/pkg/controller/actions/deploy/action_deploy.go:58.27,60.4 1 0
github.com/opendatahub-io/opendatahub-operator/v2/pkg/controller/actions/deploy/action_deploy.go:62.3,62.30 1 0
github.com/opendatahub-io/opendatahub-operator/v2/pkg/controller/actions/deploy/action_deploy.go:66.54,67.30 1 0
github.com/opendatahub-io/opendatahub-operator/v2/pkg/controller/actions/deploy/action_deploy.go:67.30,68.27 1 0
github.com/opendatahub-io/opendatahub-operator/v2/pkg/controller/actions/deploy/action_deploy.go:68.27,70.4 1 0
github.com/opendatahub-io/opendatahub-operator/v2/pkg/controller/actions/deploy/action_deploy.go:72.3,72.28 1 0
github.com/opendatahub-io/opendatahub-operator/v2/pkg/controller/actions/deploy/action_deploy.go:72.28,74.4 1 0
github.com/opendatahub-io/opendatahub-operator/v2/pkg/controller/actions/deploy/action_deploy.go:78.59,79.30 1 0
github.com/opendatahub-io/opendatahub-operator/v2/pkg/controller/actions/deploy/action_deploy.go:79.30,80.32 1 0
github.com/opendatahub-io/opendatahub-operator/v2/pkg/controller/actions/deploy/action_deploy.go:80.32,82.4 1 0
github.com/opendatahub-io/opendatahub-operator/v2/pkg/controller/actions/deploy/action_deploy.go:84.3,84.35 1 0
github.com/opendatahub-io/opendatahub-operator/v2/pkg/controller/actions/deploy/action_deploy.go:88.59,89.30 1 0
github.com/opendatahub-io/opendatahub-operator/v2/pkg/controller/actions/deploy/action_deploy.go:89.30,90.32 1 0
github.com/opendatahub-io/opendatahub-operator/v2/pkg/controller/actions/deploy/action_deploy.go:90.32,92.4 1 0
github.com/opendatahub-io/opendatahub-operator/v2/pkg/controller/actions/deploy/action_deploy.go:94.3,94.28 1 0
github.com/opendatahub-io/opendatahub-operator/v2/pkg/controller/actions/deploy/action_deploy.go:94.28,96.4 1 0
github.com/opendatahub-io/opendatahub-operator/v2/pkg/controller/actions/deploy/action_deploy.go:100.45,101.30 1 3
github.com/opendatahub-io/opendatahub-operator/v2/pkg/controller/actions/deploy/action_deploy.go:101.30,103.3 1 3
github.com/opendatahub-io/opendatahub-operator/v2/pkg/controller/actions/deploy/action_deploy.go:106.85,108.20 1 16
github.com/opendatahub-io/opendatahub-operator/v2/pkg/controller/actions/deploy/action_deploy.go:108.20,110.3 1 7
github.com/opendatahub-io/opendatahub-operator/v2/pkg/controller/actions/deploy/action_deploy.go:112.2,113.16 2 16
github.com/opendatahub-io/opendatahub-operator/v2/pkg/controller/actions/deploy/action_deploy.go:113.16,115.3 1 0
github.com/opendatahub-io/opendatahub-operator/v2/pkg/controller/actions/deploy/action_deploy.go:117.2,120.30 3 16
github.com/opendatahub-io/opendatahub-operator/v2/pkg/controller/actions/deploy/action_deploy.go:120.30,125.10 4 17
github.com/opendatahub-io/opendatahub-operator/v2/pkg/controller/actions/deploy/action_deploy.go:126.37,129.17 1 8
github.com/opendatahub-io/opendatahub-operator/v2/pkg/controller/actions/deploy/action_deploy.go:130.25,131.104 1 0
github.com/opendatahub-io/opendatahub-operator/v2/pkg/controller/actions/deploy/action_deploy.go:132.11,135.106 1 9
github.com/opendatahub-io/opendatahub-operator/v2/pkg/controller/actions/deploy/action_deploy.go:135.106,137.5 1 0
github.com/opendatahub-io/opendatahub-operator/v2/pkg/controller/actions/deploy/action_deploy.go:140.4,140.85 1 9
github.com/opendatahub-io/opendatahub-operator/v2/pkg/controller/actions/deploy/action_deploy.go:140.85,142.104 1 1
github.com/opendatahub-io/opendatahub-operator/v2/pkg/controller/actions/deploy/action_deploy.go:142.104,144.6 1 0
github.com/opendatahub-io/opendatahub-operator/v2/pkg/controller/actions/deploy/action_deploy.go:147.5,147.13 1 1
github.com/opendatahub-io/opendatahub-operator/v2/pkg/controller/actions/deploy/action_deploy.go:151.3,154.45 3 16
github.com/opendatahub-io/opendatahub-operator/v2/pkg/controller/actions/deploy/action_deploy.go:155.37,156.48 1 2
github.com/opendatahub-io/opendatahub-operator/v2/pkg/controller/actions/deploy/action_deploy.go:157.11,158.45 1 14
github.com/opendatahub-io/opendatahub-operator/v2/pkg/controller/actions/deploy/action_deploy.go:161.3,161.17 1 16
github.com/opendatahub-io/opendatahub-operator/v2/pkg/controller/actions/deploy/action_deploy.go:161.17,163.4 1 0
github.com/opendatahub-io/opendatahub-operator/v2/pkg/controller/actions/deploy/action_deploy.go:165.3,165.9 1 16
github.com/opendatahub-io/opendatahub-operator/v2/pkg/controller/actions/deploy/action_deploy.go:165.9,167.4 1 13
github.com/opendatahub-io/opendatahub-operator/v2/pkg/controller/actions/deploy/action_deploy.go:170.2,170.12 1 16
github.com/opendatahub-io/opendatahub-operator/v2/pkg/controller/actions/deploy/action_deploy.go:178.17,186.20 5 2
github.com/opendatahub-io/opendatahub-operator/v2/pkg/controller/actions/deploy/action_deploy.go:186.20,188.17 2 0
github.com/opendatahub-io/opendatahub-operator/v2/pkg/controller/actions/deploy/action_deploy.go:188.17,190.4 1 0
github.com/opendatahub-io/opendatahub-operator/v2/pkg/controller/actions/deploy/action_deploy.go:191.3,191.13 1 0
github.com/opendatahub-io/opendatahub-operator/v2/pkg/controller/actions/deploy/action_deploy.go:191.13,194.4 1 0
github.com/opendatahub-io/opendatahub-operator/v2/pkg/controller/actions/deploy/action_deploy.go:197.2,207.22 4 2
github.com/opendatahub-io/opendatahub-operator/v2/pkg/controller/actions/deploy/action_deploy.go:208.17,209.68 1 0
github.com/opendatahub-io/opendatahub-operator/v2/pkg/controller/actions/deploy/action_deploy.go:210.15,211.68 1 2
github.com/opendatahub-io/opendatahub-operator/v2/pkg/controller/actions/deploy/action_deploy.go:212.10,213.63 1 0
github.com/opendatahub-io/opendatahub-operator/v2/pkg/controller/actions/deploy/action_deploy.go:216.2,216.16 1 2
github.com/opendatahub-io/opendatahub-operator/v2/pkg/controller/actions/deploy/action_deploy.go:216.16,218.3 1 0
github.com/opendatahub-io/opendatahub-operator/v2/pkg/controller/actions/deploy/action_deploy.go:220.2,220.20 1 2
github.com/opendatahub-io/opendatahub-operator/v2/pkg/controller/actions/deploy/action_deploy.go:220.20,222.17 2 0
github.com/opendatahub-io/opendatahub-operator/v2/pkg/controller/actions/deploy/action_deploy.go:222.17,224.4 1 0
github.com/opendatahub-io/opendatahub-operator/v2/pkg/controller/actions/deploy/action_deploy.go:227.2,227.18 1 2
github.com/opendatahub-io/opendatahub-operator/v2/pkg/controller/actions/deploy/action_deploy.go:235.17,237.14 2 14
github.com/opendatahub-io/opendatahub-operator/v2/pkg/controller/actions/deploy/action_deploy.go:237.14,239.17 2 7
github.com/opendatahub-io/opendatahub-operator/v2/pkg/controller/actions/deploy/action_deploy.go:239.17,241.4 1 0
github.com/opendatahub-io/opendatahub-operator/v2/pkg/controller/actions/deploy/action_deploy.go:243.3,243.29 1 7
github.com/opendatahub-io/opendatahub-operator/v2/pkg/controller/actions/deploy/action_deploy.go:246.2,254.71 8 14
github.com/opendatahub-io/opendatahub-operator/v2/pkg/controller/actions/deploy/action_deploy.go:254.71,256.3 1 10
github.com/opendatahub-io/opendatahub-operator/v2/pkg/controller/actions/deploy/action_deploy.go:259.2,261.20 2 14
github.com/opendatahub-io/opendatahub-operator/v2/pkg/controller/actions/deploy/action_deploy.go:261.20,263.17 2 7
github.com/opendatahub-io/opendatahub-operator/v2/pkg/controller/actions/deploy/action_deploy.go:263.17,265.4 1 0
github.com/opendatahub-io/opendatahub-operator/v2/pkg/controller/actions/deploy/action_deploy.go:266.3,266.13 1 7
github.com/opendatahub-io/opendatahub-operator/v2/pkg/controller/actions/deploy/action_deploy.go:266.13,269.4 1 3
github.com/opendatahub-io/opendatahub-operator/v2/pkg/controller/actions/deploy/action_deploy.go:272.2,275.9 3 11
github.com/opendatahub-io/opendatahub-operator/v2/pkg/controller/actions/deploy/action_deploy.go:278.82,284.49 3 2
github.com/opendatahub-io/opendatahub-operator/v2/pkg/controller/actions/deploy/action_deploy.go:284.49,286.4 1 0
github.com/opendatahub-io/opendatahub-operator/v2/pkg/controller/actions/deploy/action_deploy.go:288.10,290.12 2 9
github.com/opendatahub-io/opendatahub-operator/v2/pkg/controller/actions/deploy/action_deploy.go:290.12,291.93 1 2
github.com/opendatahub-io/opendatahub-operator/v2/pkg/controller/actions/deploy/action_deploy.go:291.93,293.5 1 0
github.com/opendatahub-io/opendatahub-operator/v2/pkg/controller/actions/deploy/action_deploy.go:296.3,301.23 2 9
github.com/opendatahub-io/opendatahub-operator/v2/pkg/controller/actions/deploy/action_deploy.go:302.18,303.69 1 2
github.com/opendatahub-io/opendatahub-operator/v2/pkg/controller/actions/deploy/action_deploy.go:304.16,305.69 1 7
github.com/opendatahub-io/opendatahub-operator/v2/pkg/controller/actions/deploy/action_deploy.go:306.11,307.64 1 0
github.com/opendatahub-io/opendatahub-operator/v2/pkg/controller/actions/deploy/action_deploy.go:310.3,310.17 1 9
github.com/opendatahub-io/opendatahub-operator/v2/pkg/controller/actions/deploy/action_deploy.go:310.17,312.4 1 0
github.com/opendatahub-io/opendatahub-operator/v2/pkg/controller/actions/deploy/action_deploy.go:315.2,315.20 1 11
github.com/opendatahub-io/opendatahub-operator/v2/pkg/controller/actions/deploy/action_deploy.go:315.20,317.17 2 4
github.com/opendatahub-io/opendatahub-operator/v2/pkg/controller/actions/deploy/action_deploy.go:317.17,319.4 1 0
github.com/opendatahub-io/opendatahub-operator/v2/pkg/controller/actions/deploy/action_deploy.go:322.2,322.18 1 11
github.com/opendatahub-io/opendatahub-operator/v2/pkg/controller/actions/deploy/action_deploy.go:329.39,336.16 3 2
github.com/opendatahub-io/opendatahub-operator/v2/pkg/controller/actions/deploy/action_deploy.go:336.16,338.3 1 1
github.com/opendatahub-io/opendatahub-operator/v2/pkg/controller/actions/deploy/action_deploy.go:340.2,340.17 1 1
github.com/opendatahub-io/opendatahub-operator/v2/pkg/controller/actions/deploy/action_deploy.go:349.39,355.32 2 2
github.com/opendatahub-io/opendatahub-operator/v2/pkg/controller/actions/deploy/action_deploy.go:356.22,362.93 1 1
github.com/opendatahub-io/opendatahub-operator/v2/pkg/controller/actions/deploy/action_deploy.go:362.93,363.9 1 1
github.com/opendatahub-io/opendatahub-operator/v2/pkg/controller/actions/deploy/action_deploy.go:371.3,371.57 1 0
github.com/opendatahub-io/opendatahub-operator/v2/pkg/controller/actions/deploy/action_deploy.go:371.57,373.4 1 0
github.com/opendatahub-io/opendatahub-operator/v2/pkg/controller/actions/deploy/action_deploy.go:374.10,376.8 1 1
github.com/opendatahub-io/opendatahub-operator/v2/pkg/controller/actions/deploy/action_deploy.go:379.2,379.16 1 2
github.com/opendatahub-io/opendatahub-operator/v2/pkg/controller/actions/deploy/action_deploy.go:379.16,381.17 2 2
github.com/opendatahub-io/opendatahub-operator/v2/pkg/controller/actions/deploy/action_deploy.go:381.17,383.4 1 0
github.com/opendatahub-io/opendatahub-operator/v2/pkg/controller/actions/deploy/action_deploy.go:384.8,386.17 2 0
github.com/opendatahub-io/opendatahub-operator/v2/pkg/controller/actions/deploy/action_deploy.go:386.17,388.4 1 0
github.com/opendatahub-io/opendatahub-operator/v2/pkg/controller/actions/deploy/action_deploy.go:390.3,397.17 2 0
github.com/opendatahub-io/opendatahub-operator/v2/pkg/controller/actions/deploy/action_deploy.go:397.17,399.4 1 0
github.com/opendatahub-io/opendatahub-operator/v2/pkg/controller/actions/deploy/action_deploy.go:402.2,402.17 1 2
github.com/opendatahub-io/opendatahub-operator/v2/pkg/controller/actions/deploy/action_deploy.go:411.39,417.32 2 9
github.com/opendatahub-io/opendatahub-operator/v2/pkg/controller/actions/deploy/action_deploy.go:418.22,424.93 1 0
github.com/opendatahub-io/opendatahub-operator/v2/pkg/controller/actions/deploy/action_deploy.go:424.93,425.9 1 0
github.com/opendatahub-io/opendatahub-operator/v2/pkg/controller/actions/deploy/action_deploy.go:435.3,435.52 1 0
github.com/opendatahub-io/opendatahub-operator/v2/pkg/controller/actions/deploy/action_deploy.go:435.52,437.4 1 0
github.com/opendatahub-io/opendatahub-operator/v2/pkg/controller/actions/deploy/action_deploy.go:438.23,444.17 2 2
github.com/opendatahub-io/opendatahub-operator/v2/pkg/controller/actions/deploy/action_deploy.go:444.17,446.4 1 0
github.com/opendatahub-io/opendatahub-operator/v2/pkg/controller/actions/deploy/action_deploy.go:447.3,447.12 1 2
github.com/opendatahub-io/opendatahub-operator/v2/pkg/controller/actions/deploy/action_deploy.go:447.12,449.4 1 1
github.com/opendatahub-io/opendatahub-operator/v2/pkg/controller/actions/deploy/action_deploy.go:450.10,452.8 1 7
github.com/opendatahub-io/opendatahub-operator/v2/pkg/controller/actions/deploy/action_deploy.go:455.2,456.16 2 9
github.com/opendatahub-io/opendatahub-operator/v2/pkg/controller/actions/deploy/action_deploy.go:456.16,458.3 1 0
github.com/opendatahub-io/opendatahub-operator/v2/pkg/controller/actions/deploy/action_deploy.go:460.2,460.17 1 9
github.com/opendatahub-io/opendatahub-operator/v2/pkg/controller/actions/deploy/action_deploy.go:463.47,468.27 2 11
github.com/opendatahub-io/opendatahub-operator/v2/pkg/controller/actions/deploy/action_deploy.go:468.27,470.3 1 13
github.com/opendatahub-io/opendatahub-operator/v2/pkg/controller/actions/deploy/action_deploy.go:472.2,472.19 1 11
github.com/opendatahub-io/opendatahub-operator/v2/pkg/controller/actions/deploy/action_deploy_cache.go:29.42,30.24 1 1
github.com/opendatahub-io/opendatahub-operator/v2/pkg/controller/actions/deploy/action_deploy_cache.go:30.24,32.3 1 1
github.com/opendatahub-io/opendatahub-operator/v2/pkg/controller/actions/deploy/action_deploy_cache.go:35.40,40.27 2 3
github.com/opendatahub-io/opendatahub-operator/v2/pkg/controller/actions/deploy/action_deploy_cache.go:40.27,42.3 1 1
github.com/opendatahub-io/opendatahub-operator/v2/pkg/controller/actions/deploy/action_deploy_cache.go:44.2,45.41 1 3
github.com/opendatahub-io/opendatahub-operator/v2/pkg/controller/actions/deploy/action_deploy_cache.go:45.41,47.11 2 4
github.com/opendatahub-io/opendatahub-operator/v2/pkg/controller/actions/deploy/action_deploy_cache.go:47.11,49.5 1 0
github.com/opendatahub-io/opendatahub-operator/v2/pkg/controller/actions/deploy/action_deploy_cache.go:51.4,51.17 1 4
github.com/opendatahub-io/opendatahub-operator/v2/pkg/controller/actions/deploy/action_deploy_cache.go:56.2,56.11 1 3
github.com/opendatahub-io/opendatahub-operator/v2/pkg/controller/actions/deploy/action_deploy_cache.go:59.101,60.40 1 4
github.com/opendatahub-io/opendatahub-operator/v2/pkg/controller/actions/deploy/action_deploy_cache.go:60.40,62.3 1 0
github.com/opendatahub-io/opendatahub-operator/v2/pkg/controller/actions/deploy/action_deploy_cache.go:64.2,65.16 2 4
github.com/opendatahub-io/opendatahub-operator/v2/pkg/controller/actions/deploy/action_deploy_cache.go:65.16,67.3 1 0
github.com/opendatahub-io/opendatahub-operator/v2/pkg/controller/actions/deploy/action_deploy_cache.go:69.2,69.15 1 4
github.com/opendatahub-io/opendatahub-operator/v2/pkg/controller/actions/deploy/action_deploy_cache.go:69.15,71.3 1 0
github.com/opendatahub-io/opendatahub-operator/v2/pkg/controller/actions/deploy/action_deploy_cache.go:73.2,75.12 2 4
github.com/opendatahub-io/opendatahub-operator/v2/pkg/controller/actions/deploy/action_deploy_cache.go:78.109,79.40 1 7
github.com/opendatahub-io/opendatahub-operator/v2/pkg/controller/actions/deploy/action_deploy_cache.go:79.40,81.3 1 2
github.com/opendatahub-io/opendatahub-operator/v2/pkg/controller/actions/deploy/action_deploy_cache.go:83.2,84.16 2 5
github.com/opendatahub-io/opendatahub-operator/v2/pkg/controller/actions/deploy/action_deploy_cache.go:84.16,86.3 1 0
github.com/opendatahub-io/opendatahub-operator/v2/pkg/controller/actions/deploy/action_deploy_cache.go:88.2,88.15 1 5
github.com/opendatahub-io/opendatahub-operator/v2/pkg/controller/actions/deploy/action_deploy_cache.go:88.15,90.3 1 0
github.com/opendatahub-io/opendatahub-operator/v2/pkg/controller/actions/deploy/action_deploy_cache.go:92.2,94.20 2 5
github.com/opendatahub-io/opendatahub-operator/v2/pkg/controller/actions/deploy/action_deploy_cache.go:97.24,99.2 1 7
github.com/opendatahub-io/opendatahub-operator/v2/pkg/controller/actions/deploy/action_deploy_cache.go:104.19,106.16 2 9
github.com/opendatahub-io/opendatahub-operator/v2/pkg/controller/actions/deploy/action_deploy_cache.go:106.16,108.3 1 0
github.com/opendatahub-io/opendatahub-operator/v2/pkg/controller/actions/deploy/action_deploy_cache.go:110.2,116.8 1 9
github.com/opendatahub-io/opendatahub-operator/v2/pkg/controller/actions/deploy/action_deploy_merge_deployment.go:9.99,18.22 4 2
github.com/opendatahub-io/opendatahub-operator/v2/pkg/controller/actions/deploy/action_deploy_merge_deployment.go:18.22,20.3 1 0
github.com/opendatahub-io/opendatahub-operator/v2/pkg/controller/actions/deploy/action_deploy_merge_deployment.go:21.2,22.22 2 2
github.com/opendatahub-io/opendatahub-operator/v2/pkg/controller/actions/deploy/action_deploy_merge_deployment.go:22.22,24.3 1 0
github.com/opendatahub-io/opendatahub-operator/v2/pkg/controller/actions/deploy/action_deploy_merge_deployment.go:26.2,29.15 3 2
github.com/opendatahub-io/opendatahub-operator/v2/pkg/controller/actions/deploy/action_deploy_merge_deployment.go:29.15,31.10 2 2
github.com/opendatahub-io/opendatahub-operator/v2/pkg/controller/actions/deploy/action_deploy_merge_deployment.go:31.10,33.4 1 0
github.com/opendatahub-io/opendatahub-operator/v2/pkg/controller/actions/deploy/action_deploy_merge_deployment.go:36.2,37.15 2 2
github.com/opendatahub-io/opendatahub-operator/v2/pkg/controller/actions/deploy/action_deploy_merge_deployment.go:37.15,39.10 2 2
github.com/opendatahub-io/opendatahub-operator/v2/pkg/controller/actions/deploy/action_deploy_merge_deployment.go:39.10,41.4 1 0
github.com/opendatahub-io/opendatahub-operator/v2/pkg/controller/actions/deploy/action_deploy_merge_deployment.go:44.2,44.34 1 2
github.com/opendatahub-io/opendatahub-operator/v2/pkg/controller/actions/deploy/action_deploy_merge_deployment.go:44.34,46.10 2 2
github.com/opendatahub-io/opendatahub-operator/v2/pkg/controller/actions/deploy/action_deploy_merge_deployment.go:46.10,48.4 1 0
github.com/opendatahub-io/opendatahub-operator/v2/pkg/controller/actions/deploy/action_deploy_merge_deployment.go:50.3,51.10 2 2
github.com/opendatahub-io/opendatahub-operator/v2/pkg/controller/actions/deploy/action_deploy_merge_deployment.go:51.10,53.12 1 0
github.com/opendatahub-io/opendatahub-operator/v2/pkg/controller/actions/deploy/action_deploy_merge_deployment.go:56.3,57.10 2 2
github.com/opendatahub-io/opendatahub-operator/v2/pkg/controller/actions/deploy/action_deploy_merge_deployment.go:57.10,59.4 1 0
github.com/opendatahub-io/opendatahub-operator/v2/pkg/controller/actions/deploy/action_deploy_merge_deployment.go:62.3,62.31 1 2
github.com/opendatahub-io/opendatahub-operator/v2/pkg/controller/actions/deploy/action_deploy_merge_deployment.go:65.2,65.34 1 2
github.com/opendatahub-io/opendatahub-operator/v2/pkg/controller/actions/deploy/action_deploy_merge_deployment.go:65.34,67.10 2 2
github.com/opendatahub-io/opendatahub-operator/v2/pkg/controller/actions/deploy/action_deploy_merge_deployment.go:67.10,69.4 1 0
github.com/opendatahub-io/opendatahub-operator/v2/pkg/controller/actions/deploy/action_deploy_merge_deployment.go:71.3,72.10 2 2
github.com/opendatahub-io/opendatahub-operator/v2/pkg/controller/actions/deploy/action_deploy_merge_deployment.go:72.10,74.12 1 0
github.com/opendatahub-io/opendatahub-operator/v2/pkg/controller/actions/deploy/action_deploy_merge_deployment.go:78.3,79.10 2 2
github.com/opendatahub-io/opendatahub-operator/v2/pkg/controller/actions/deploy/action_deploy_merge_deployment.go:79.10,80.12 1 0
github.com/opendatahub-io/opendatahub-operator/v2/pkg/controller/actions/deploy/action_deploy_merge_deployment.go:84.3,84.44 1 2
github.com/opendatahub-io/opendatahub-operator/v2/pkg/controller/actions/deploy/action_deploy_merge_deployment.go:84.44,86.4 1 1
github.com/opendatahub-io/opendatahub-operator/v2/pkg/controller/actions/deploy/action_deploy_merge_deployment.go:86.9,88.4 1 1
github.com/opendatahub-io/opendatahub-operator/v2/pkg/controller/actions/deploy/action_deploy_merge_deployment.go:95.2,96.16 2 2
github.com/opendatahub-io/opendatahub-operator/v2/pkg/controller/actions/deploy/action_deploy_merge_deployment.go:96.16,98.3 1 0
github.com/opendatahub-io/opendatahub-operator/v2/pkg/controller/actions/deploy/action_deploy_merge_deployment.go:99.2,99.9 1 2
github.com/opendatahub-io/opendatahub-operator/v2/pkg/controller/actions/deploy/action_deploy_merge_deployment.go:99.9,101.3 1 1
github.com/opendatahub-io/opendatahub-operator/v2/pkg/controller/actions/deploy/action_deploy_merge_deployment.go:101.8,102.100 1 1
github.com/opendatahub-io/opendatahub-operator/v2/pkg/controller/actions/deploy/action_deploy_merge_deployment.go:102.100,104.4 1 0
github.com/opendatahub-io/opendatahub-operator/v2/pkg/controller/actions/deploy/action_deploy_merge_deployment.go:107.2,107.12 1 2
github.com/opendatahub-io/opendatahub-operator/v2/pkg/controller/actions/deploy/action_deploy_metrics.go:27.13,29.2 1 1
github.com/opendatahub-io/opendatahub-operator/v2/pkg/controller/actions/deploy/action_deploy_remove_deployment_resources.go:9.71,18.22 4 1
github.com/opendatahub-io/opendatahub-operator/v2/pkg/controller/actions/deploy/action_deploy_remove_deployment_resources.go:18.22,20.3 1 0
github.com/opendatahub-io/opendatahub-operator/v2/pkg/controller/actions/deploy/action_deploy_remove_deployment_resources.go:22.2,23.15 2 1
github.com/opendatahub-io/opendatahub-operator/v2/pkg/controller/actions/deploy/action_deploy_remove_deployment_resources.go:23.15,25.10 2 1
github.com/opendatahub-io/opendatahub-operator/v2/pkg/controller/actions/deploy/action_deploy_remove_deployment_resources.go:25.10,27.4 1 0
github.com/opendatahub-io/opendatahub-operator/v2/pkg/controller/actions/deploy/action_deploy_remove_deployment_resources.go:30.2,30.34 1 1
github.com/opendatahub-io/opendatahub-operator/v2/pkg/controller/actions/deploy/action_deploy_remove_deployment_resources.go:30.34,32.10 2 1
github.com/opendatahub-io/opendatahub-operator/v2/pkg/controller/actions/deploy/action_deploy_remove_deployment_resources.go:32.10,34.4 1 0
github.com/opendatahub-io/opendatahub-operator/v2/pkg/controller/actions/deploy/action_deploy_remove_deployment_resources.go:36.3,36.25 1 1
github.com/opendatahub-io/opendatahub-operator/v2/pkg/controller/actions/deploy/action_deploy_remove_deployment_resources.go:43.2,45.12 2 1
github.com/opendatahub-io/opendatahub-operator/v2/pkg/controller/actions/deploy/action_deploy_support.go:10.54,11.9 1 6
github.com/opendatahub-io/opendatahub-operator/v2/pkg/controller/actions/deploy/action_deploy_support.go:12.113,13.14 1 1
github.com/opendatahub-io/opendatahub-operator/v2/pkg/controller/actions/deploy/action_deploy_support.go:14.111,15.14 1 1
github.com/opendatahub-io/opendatahub-operator/v2/pkg/controller/actions/deploy/action_deploy_support.go:16.105,17.14 1 0
github.com/opendatahub-io/opendatahub-operator/v2/pkg/controller/actions/deploy/action_deploy_support.go:18.10,19.15 1 4
github.com/opendatahub-io/opendatahub-operator/v2/pkg/controller/actions/deploy/action_deploy_support.go:23.93,24.22 1 9
github.com/opendatahub-io/opendatahub-operator/v2/pkg/controller/actions/deploy/action_deploy_support.go:24.22,25.46 1 0
github.com/opendatahub-io/opendatahub-operator/v2/pkg/controller/actions/deploy/action_deploy_support.go:25.46,27.4 1 0
github.com/opendatahub-io/opendatahub-operator/v2/pkg/controller/actions/deploy/action_deploy_support.go:30.2,31.45 2 9
github.com/opendatahub-io/opendatahub-operator/v2/pkg/controller/actions/deploy/action_deploy_support.go:31.45,33.3 1 2
github.com/opendatahub-io/opendatahub-operator/v2/pkg/controller/actions/deploy/action_deploy_support.go:36.90,37.22 1 1
github.com/opendatahub-io/opendatahub-operator/v2/pkg/controller/actions/deploy/action_deploy_support.go:37.22,38.46 1 0
github.com/opendatahub-io/opendatahub-operator/v2/pkg/controller/actions/deploy/action_deploy_support.go:38.46,40.4 1 0
github.com/opendatahub-io/opendatahub-operator/v2/pkg/controller/actions/deploy/action_deploy_support.go:43.2,45.45 2 1
github.com/opendatahub-io/opendatahub-operator/v2/pkg/controller/actions/deploy/action_deploy_support.go:45.45,47.3 1 0
