mode: atomic
github.com/opendatahub-io/opendatahub-operator/v2/pkg/controller/conditions/conditions.go:19.38,20.35 1 0
github.com/opendatahub-io/opendatahub-operator/v2/pkg/controller/conditions/conditions.go:20.35,22.3 1 0
github.com/opendatahub-io/opendatahub-operator/v2/pkg/controller/conditions/conditions.go:25.50,27.20 2 0
github.com/opendatahub-io/opendatahub-operator/v2/pkg/controller/conditions/conditions.go:27.20,29.3 1 0
github.com/opendatahub-io/opendatahub-operator/v2/pkg/controller/conditions/conditions.go:31.2,31.35 1 0
github.com/opendatahub-io/opendatahub-operator/v2/pkg/controller/conditions/conditions.go:31.35,33.3 1 0
github.com/opendatahub-io/opendatahub-operator/v2/pkg/controller/conditions/conditions.go:36.49,37.35 1 0
github.com/opendatahub-io/opendatahub-operator/v2/pkg/controller/conditions/conditions.go:37.35,39.3 1 0
github.com/opendatahub-io/opendatahub-operator/v2/pkg/controller/conditions/conditions.go:42.58,43.35 1 1
github.com/opendatahub-io/opendatahub-operator/v2/pkg/controller/conditions/conditions.go:43.35,45.3 1 1
github.com/opendatahub-io/opendatahub-operator/v2/pkg/controller/conditions/conditions.go:48.34,49.35 1 0
github.com/opendatahub-io/opendatahub-operator/v2/pkg/controller/conditions/conditions.go:49.35,53.3 3 0
github.com/opendatahub-io/opendatahub-operator/v2/pkg/controller/conditions/conditions.go:62.98,64.31 2 6
github.com/opendatahub-io/opendatahub-operator/v2/pkg/controller/conditions/conditions.go:64.31,65.45 1 9
github.com/opendatahub-io/opendatahub-operator/v2/pkg/controller/conditions/conditions.go:65.45,66.12 1 0
github.com/opendatahub-io/opendatahub-operator/v2/pkg/controller/conditions/conditions.go:68.3,68.25 1 9
github.com/opendatahub-io/opendatahub-operator/v2/pkg/controller/conditions/conditions.go:71.2,79.11 3 6
github.com/opendatahub-io/opendatahub-operator/v2/pkg/controller/conditions/conditions.go:92.42,94.18 2 6
github.com/opendatahub-io/opendatahub-operator/v2/pkg/controller/conditions/conditions.go:94.18,100.3 2 6
github.com/opendatahub-io/opendatahub-operator/v2/pkg/controller/conditions/conditions.go:102.2,103.42 2 6
github.com/opendatahub-io/opendatahub-operator/v2/pkg/controller/conditions/conditions.go:103.42,105.3 1 0
github.com/opendatahub-io/opendatahub-operator/v2/pkg/controller/conditions/conditions.go:107.2,107.33 1 6
github.com/opendatahub-io/opendatahub-operator/v2/pkg/controller/conditions/conditions.go:107.33,108.39 1 9
github.com/opendatahub-io/opendatahub-operator/v2/pkg/controller/conditions/conditions.go:108.39,109.12 1 0
github.com/opendatahub-io/opendatahub-operator/v2/pkg/controller/conditions/conditions.go:112.3,115.5 1 9
github.com/opendatahub-io/opendatahub-operator/v2/pkg/controller/conditions/conditions.go:119.34,120.23 1 11
github.com/opendatahub-io/opendatahub-operator/v2/pkg/controller/conditions/conditions.go:120.23,122.3 1 0
github.com/opendatahub-io/opendatahub-operator/v2/pkg/controller/conditions/conditions.go:124.2,124.51 1 11
github.com/opendatahub-io/opendatahub-operator/v2/pkg/controller/conditions/conditions.go:127.60,129.2 1 1
github.com/opendatahub-io/opendatahub-operator/v2/pkg/controller/conditions/conditions.go:131.60,133.2 1 23
github.com/opendatahub-io/opendatahub-operator/v2/pkg/controller/conditions/conditions.go:141.55,142.23 1 61
github.com/opendatahub-io/opendatahub-operator/v2/pkg/controller/conditions/conditions.go:142.23,144.3 1 0
github.com/opendatahub-io/opendatahub-operator/v2/pkg/controller/conditions/conditions.go:146.2,146.43 1 61
github.com/opendatahub-io/opendatahub-operator/v2/pkg/controller/conditions/conditions.go:146.43,148.3 1 22
github.com/opendatahub-io/opendatahub-operator/v2/pkg/controller/conditions/conditions.go:150.2,150.33 1 39
github.com/opendatahub-io/opendatahub-operator/v2/pkg/controller/conditions/conditions.go:161.50,162.23 1 1
github.com/opendatahub-io/opendatahub-operator/v2/pkg/controller/conditions/conditions.go:162.23,164.3 1 0
github.com/opendatahub-io/opendatahub-operator/v2/pkg/controller/conditions/conditions.go:166.2,166.43 1 1
github.com/opendatahub-io/opendatahub-operator/v2/pkg/controller/conditions/conditions.go:166.43,168.3 1 0
github.com/opendatahub-io/opendatahub-operator/v2/pkg/controller/conditions/conditions.go:170.2,172.12 2 1
github.com/opendatahub-io/opendatahub-operator/v2/pkg/controller/conditions/conditions.go:192.81,201.2 3 15
github.com/opendatahub-io/opendatahub-operator/v2/pkg/controller/conditions/conditions.go:203.54,205.2 1 10
github.com/opendatahub-io/opendatahub-operator/v2/pkg/controller/conditions/conditions.go:207.55,209.2 1 5
github.com/opendatahub-io/opendatahub-operator/v2/pkg/controller/conditions/conditions.go:211.57,213.2 1 0
github.com/opendatahub-io/opendatahub-operator/v2/pkg/controller/conditions/conditions.go:215.59,225.2 2 0
github.com/opendatahub-io/opendatahub-operator/v2/pkg/controller/conditions/conditions.go:236.48,237.45 1 40
github.com/opendatahub-io/opendatahub-operator/v2/pkg/controller/conditions/conditions.go:237.45,244.3 1 26
github.com/opendatahub-io/opendatahub-operator/v2/pkg/controller/conditions/conditions.go:244.8,244.25 1 14
github.com/opendatahub-io/opendatahub-operator/v2/pkg/controller/conditions/conditions.go:244.25,249.3 1 5
github.com/opendatahub-io/opendatahub-operator/v2/pkg/controller/conditions/conditions.go:272.60,278.31 4 40
github.com/opendatahub-io/opendatahub-operator/v2/pkg/controller/conditions/conditions.go:278.31,279.10 1 107
github.com/opendatahub-io/opendatahub-operator/v2/pkg/controller/conditions/conditions.go:280.37,281.9 1 9
github.com/opendatahub-io/opendatahub-operator/v2/pkg/controller/conditions/conditions.go:282.58,283.9 1 37
github.com/opendatahub-io/opendatahub-operator/v2/pkg/controller/conditions/conditions.go:284.52,285.9 1 0
github.com/opendatahub-io/opendatahub-operator/v2/pkg/controller/conditions/conditions.go:286.11,288.7 2 61
github.com/opendatahub-io/opendatahub-operator/v2/pkg/controller/conditions/conditions.go:292.2,294.45 2 40
github.com/opendatahub-io/opendatahub-operator/v2/pkg/controller/conditions/conditions.go:294.45,296.3 1 27
github.com/opendatahub-io/opendatahub-operator/v2/pkg/controller/conditions/conditions.go:298.2,298.31 1 40
github.com/opendatahub-io/opendatahub-operator/v2/pkg/controller/conditions/conditions.go:298.31,299.40 1 52
github.com/opendatahub-io/opendatahub-operator/v2/pkg/controller/conditions/conditions.go:299.40,302.4 2 10
github.com/opendatahub-io/opendatahub-operator/v2/pkg/controller/conditions/conditions.go:305.2,305.31 1 30
github.com/opendatahub-io/opendatahub-operator/v2/pkg/controller/conditions/conditions.go:305.31,306.42 1 33
github.com/opendatahub-io/opendatahub-operator/v2/pkg/controller/conditions/conditions.go:306.42,309.4 2 16
github.com/opendatahub-io/opendatahub-operator/v2/pkg/controller/conditions/conditions.go:312.2,312.12 1 14
github.com/opendatahub-io/opendatahub-operator/v2/pkg/controller/conditions/conditions.go:319.27,321.2 1 0
github.com/opendatahub-io/opendatahub-operator/v2/pkg/controller/conditions/conditions.go:330.26,332.26 2 1
github.com/opendatahub-io/opendatahub-operator/v2/pkg/controller/conditions/conditions.go:332.26,334.3 1 0
github.com/opendatahub-io/opendatahub-operator/v2/pkg/controller/conditions/conditions.go:336.2,339.33 3 1
github.com/opendatahub-io/opendatahub-operator/v2/pkg/controller/conditions/conditions.go:339.33,341.3 1 2
github.com/opendatahub-io/opendatahub-operator/v2/pkg/controller/conditions/conditions.go:343.2,345.68 2 1
github.com/opendatahub-io/opendatahub-operator/v2/pkg/controller/conditions/conditions.go:345.68,347.15 2 5
github.com/opendatahub-io/opendatahub-operator/v2/pkg/controller/conditions/conditions.go:347.15,349.4 1 2
github.com/opendatahub-io/opendatahub-operator/v2/pkg/controller/conditions/conditions.go:351.3,351.13 1 5
github.com/opendatahub-io/opendatahub-operator/v2/pkg/controller/conditions/conditions_support.go:12.90,19.46 3 66
github.com/opendatahub-io/opendatahub-operator/v2/pkg/controller/conditions/conditions_support.go:19.46,21.3 1 66
github.com/opendatahub-io/opendatahub-operator/v2/pkg/controller/conditions/conditions_support.go:23.2,23.76 1 66
github.com/opendatahub-io/opendatahub-operator/v2/pkg/controller/conditions/conditions_support.go:23.76,25.3 1 103
github.com/opendatahub-io/opendatahub-operator/v2/pkg/controller/conditions/conditions_support.go:27.2,27.15 1 66
github.com/opendatahub-io/opendatahub-operator/v2/pkg/controller/conditions/conditions_support.go:27.15,28.47 1 20
github.com/opendatahub-io/opendatahub-operator/v2/pkg/controller/conditions/conditions_support.go:28.47,30.4 1 0
github.com/opendatahub-io/opendatahub-operator/v2/pkg/controller/conditions/conditions_support.go:31.3,33.14 3 20
github.com/opendatahub-io/opendatahub-operator/v2/pkg/controller/conditions/conditions_support.go:36.2,36.43 1 46
github.com/opendatahub-io/opendatahub-operator/v2/pkg/controller/conditions/conditions_support.go:36.43,38.3 1 23
github.com/opendatahub-io/opendatahub-operator/v2/pkg/controller/conditions/conditions_support.go:40.2,45.26 4 23
github.com/opendatahub-io/opendatahub-operator/v2/pkg/controller/conditions/conditions_support.go:45.26,48.50 2 23
github.com/opendatahub-io/opendatahub-operator/v2/pkg/controller/conditions/conditions_support.go:48.50,50.4 1 0
github.com/opendatahub-io/opendatahub-operator/v2/pkg/controller/conditions/conditions_support.go:53.2,55.13 2 23
github.com/opendatahub-io/opendatahub-operator/v2/pkg/controller/conditions/conditions_support.go:58.84,62.12 3 1
github.com/opendatahub-io/opendatahub-operator/v2/pkg/controller/conditions/conditions_support.go:62.12,64.3 1 0
github.com/opendatahub-io/opendatahub-operator/v2/pkg/controller/conditions/conditions_support.go:66.2,66.83 1 1
github.com/opendatahub-io/opendatahub-operator/v2/pkg/controller/conditions/conditions_support.go:66.83,68.3 1 2
github.com/opendatahub-io/opendatahub-operator/v2/pkg/controller/conditions/conditions_support.go:70.2,71.13 2 1
github.com/opendatahub-io/opendatahub-operator/v2/pkg/controller/conditions/conditions_support.go:71.13,73.3 1 1
github.com/opendatahub-io/opendatahub-operator/v2/pkg/controller/conditions/conditions_support.go:75.2,75.16 1 1
github.com/opendatahub-io/opendatahub-operator/v2/pkg/controller/conditions/conditions_support.go:78.95,79.38 1 31
github.com/opendatahub-io/opendatahub-operator/v2/pkg/controller/conditions/conditions_support.go:79.38,80.30 1 35
github.com/opendatahub-io/opendatahub-operator/v2/pkg/controller/conditions/conditions_support.go:80.30,82.4 1 14
github.com/opendatahub-io/opendatahub-operator/v2/pkg/controller/conditions/conditions_support.go:85.2,85.12 1 17
github.com/opendatahub-io/opendatahub-operator/v2/pkg/controller/conditions/conditions_support.go:88.84,90.2 1 11
github.com/opendatahub-io/opendatahub-operator/v2/pkg/controller/conditions/conditions_support.go:92.85,94.2 1 0
github.com/opendatahub-io/opendatahub-operator/v2/pkg/controller/conditions/conditions_support.go:96.126,97.86 1 11
github.com/opendatahub-io/opendatahub-operator/v2/pkg/controller/conditions/conditions_support.go:97.86,99.3 1 29
github.com/opendatahub-io/opendatahub-operator/v2/pkg/controller/conditions/conditions_support.go:102.53,103.25 1 15
github.com/opendatahub-io/opendatahub-operator/v2/pkg/controller/conditions/conditions_support.go:103.25,105.3 1 1
github.com/opendatahub-io/opendatahub-operator/v2/pkg/controller/conditions/conditions_support.go:108.60,114.2 1 46
