mode: atomic
github.com/opendatahub-io/opendatahub-operator/v2/internal/webhook/hardwareprofile/mutating.go:81.61,91.2 3 1
github.com/opendatahub-io/opendatahub-operator/v2/internal/webhook/hardwareprofile/mutating.go:114.90,118.22 2 1
github.com/opendatahub-io/opendatahub-operator/v2/internal/webhook/hardwareprofile/mutating.go:118.22,121.3 2 1
github.com/opendatahub-io/opendatahub-operator/v2/internal/webhook/hardwareprofile/mutating.go:124.2,124.31 1 1
github.com/opendatahub-io/opendatahub-operator/v2/internal/webhook/hardwareprofile/mutating.go:124.31,128.3 3 1
github.com/opendatahub-io/opendatahub-operator/v2/internal/webhook/hardwareprofile/mutating.go:131.2,132.51 2 1
github.com/opendatahub-io/opendatahub-operator/v2/internal/webhook/hardwareprofile/mutating.go:132.51,135.3 2 0
github.com/opendatahub-io/opendatahub-operator/v2/internal/webhook/hardwareprofile/mutating.go:138.2,138.42 1 1
github.com/opendatahub-io/opendatahub-operator/v2/internal/webhook/hardwareprofile/mutating.go:138.42,140.3 1 0
github.com/opendatahub-io/opendatahub-operator/v2/internal/webhook/hardwareprofile/mutating.go:142.2,144.23 2 1
github.com/opendatahub-io/opendatahub-operator/v2/internal/webhook/hardwareprofile/mutating.go:145.46,146.59 1 1
github.com/opendatahub-io/opendatahub-operator/v2/internal/webhook/hardwareprofile/mutating.go:147.10,148.100 1 1
github.com/opendatahub-io/opendatahub-operator/v2/internal/webhook/hardwareprofile/mutating.go:151.2,151.13 1 1
github.com/opendatahub-io/opendatahub-operator/v2/internal/webhook/hardwareprofile/mutating.go:161.56,174.43 3 1
github.com/opendatahub-io/opendatahub-operator/v2/internal/webhook/hardwareprofile/mutating.go:174.43,175.32 1 1
github.com/opendatahub-io/opendatahub-operator/v2/internal/webhook/hardwareprofile/mutating.go:175.32,177.4 1 1
github.com/opendatahub-io/opendatahub-operator/v2/internal/webhook/hardwareprofile/mutating.go:180.2,180.14 1 1
github.com/opendatahub-io/opendatahub-operator/v2/internal/webhook/hardwareprofile/mutating.go:212.148,217.23 3 1
github.com/opendatahub-io/opendatahub-operator/v2/internal/webhook/hardwareprofile/mutating.go:217.23,219.3 1 1
github.com/opendatahub-io/opendatahub-operator/v2/internal/webhook/hardwareprofile/mutating.go:222.2,223.28 2 1
github.com/opendatahub-io/opendatahub-operator/v2/internal/webhook/hardwareprofile/mutating.go:223.28,225.3 1 1
github.com/opendatahub-io/opendatahub-operator/v2/internal/webhook/hardwareprofile/mutating.go:226.2,226.28 1 1
github.com/opendatahub-io/opendatahub-operator/v2/internal/webhook/hardwareprofile/mutating.go:226.28,228.3 1 1
github.com/opendatahub-io/opendatahub-operator/v2/internal/webhook/hardwareprofile/mutating.go:231.2,232.16 2 1
github.com/opendatahub-io/opendatahub-operator/v2/internal/webhook/hardwareprofile/mutating.go:232.16,235.3 2 1
github.com/opendatahub-io/opendatahub-operator/v2/internal/webhook/hardwareprofile/mutating.go:238.2,238.70 1 1
github.com/opendatahub-io/opendatahub-operator/v2/internal/webhook/hardwareprofile/mutating.go:238.70,240.3 1 1
github.com/opendatahub-io/opendatahub-operator/v2/internal/webhook/hardwareprofile/mutating.go:243.2,246.72 2 1
github.com/opendatahub-io/opendatahub-operator/v2/internal/webhook/hardwareprofile/mutating.go:246.72,249.3 2 1
github.com/opendatahub-io/opendatahub-operator/v2/internal/webhook/hardwareprofile/mutating.go:252.2,253.16 2 1
github.com/opendatahub-io/opendatahub-operator/v2/internal/webhook/hardwareprofile/mutating.go:253.16,256.3 2 0
github.com/opendatahub-io/opendatahub-operator/v2/internal/webhook/hardwareprofile/mutating.go:259.2,259.69 1 1
github.com/opendatahub-io/opendatahub-operator/v2/internal/webhook/hardwareprofile/mutating.go:283.124,287.52 3 1
github.com/opendatahub-io/opendatahub-operator/v2/internal/webhook/hardwareprofile/mutating.go:287.52,288.29 1 1
github.com/opendatahub-io/opendatahub-operator/v2/internal/webhook/hardwareprofile/mutating.go:288.29,290.4 1 1
github.com/opendatahub-io/opendatahub-operator/v2/internal/webhook/hardwareprofile/mutating.go:291.3,291.79 1 0
github.com/opendatahub-io/opendatahub-operator/v2/internal/webhook/hardwareprofile/mutating.go:294.2,294.17 1 1
github.com/opendatahub-io/opendatahub-operator/v2/internal/webhook/hardwareprofile/mutating.go:322.144,328.35 3 1
github.com/opendatahub-io/opendatahub-operator/v2/internal/webhook/hardwareprofile/mutating.go:328.35,329.73 1 1
github.com/opendatahub-io/opendatahub-operator/v2/internal/webhook/hardwareprofile/mutating.go:329.73,331.4 1 1
github.com/opendatahub-io/opendatahub-operator/v2/internal/webhook/hardwareprofile/mutating.go:335.2,335.36 1 1
github.com/opendatahub-io/opendatahub-operator/v2/internal/webhook/hardwareprofile/mutating.go:335.36,337.97 1 1
github.com/opendatahub-io/opendatahub-operator/v2/internal/webhook/hardwareprofile/mutating.go:337.97,339.4 1 1
github.com/opendatahub-io/opendatahub-operator/v2/internal/webhook/hardwareprofile/mutating.go:342.3,342.42 1 1
github.com/opendatahub-io/opendatahub-operator/v2/internal/webhook/hardwareprofile/mutating.go:342.42,343.71 1 1
github.com/opendatahub-io/opendatahub-operator/v2/internal/webhook/hardwareprofile/mutating.go:343.71,345.5 1 1
github.com/opendatahub-io/opendatahub-operator/v2/internal/webhook/hardwareprofile/mutating.go:349.2,349.12 1 1
github.com/opendatahub-io/opendatahub-operator/v2/internal/webhook/hardwareprofile/mutating.go:364.61,366.13 2 1
github.com/opendatahub-io/opendatahub-operator/v2/internal/webhook/hardwareprofile/mutating.go:366.13,368.3 1 0
github.com/opendatahub-io/opendatahub-operator/v2/internal/webhook/hardwareprofile/mutating.go:369.2,369.20 1 1
github.com/opendatahub-io/opendatahub-operator/v2/internal/webhook/hardwareprofile/mutating.go:383.128,385.16 2 1
github.com/opendatahub-io/opendatahub-operator/v2/internal/webhook/hardwareprofile/mutating.go:385.16,387.3 1 0
github.com/opendatahub-io/opendatahub-operator/v2/internal/webhook/hardwareprofile/mutating.go:390.2,391.16 2 1
github.com/opendatahub-io/opendatahub-operator/v2/internal/webhook/hardwareprofile/mutating.go:391.16,393.3 1 0
github.com/opendatahub-io/opendatahub-operator/v2/internal/webhook/hardwareprofile/mutating.go:394.2,394.36 1 1
github.com/opendatahub-io/opendatahub-operator/v2/internal/webhook/hardwareprofile/mutating.go:394.36,396.3 1 0
github.com/opendatahub-io/opendatahub-operator/v2/internal/webhook/hardwareprofile/mutating.go:399.2,399.41 1 1
github.com/opendatahub-io/opendatahub-operator/v2/internal/webhook/hardwareprofile/mutating.go:399.41,400.88 1 1
github.com/opendatahub-io/opendatahub-operator/v2/internal/webhook/hardwareprofile/mutating.go:400.88,402.4 1 1
github.com/opendatahub-io/opendatahub-operator/v2/internal/webhook/hardwareprofile/mutating.go:406.2,406.86 1 1
github.com/opendatahub-io/opendatahub-operator/v2/internal/webhook/hardwareprofile/mutating.go:419.123,421.9 2 1
github.com/opendatahub-io/opendatahub-operator/v2/internal/webhook/hardwareprofile/mutating.go:421.9,423.3 1 0
github.com/opendatahub-io/opendatahub-operator/v2/internal/webhook/hardwareprofile/mutating.go:426.2,427.16 2 1
github.com/opendatahub-io/opendatahub-operator/v2/internal/webhook/hardwareprofile/mutating.go:427.16,429.3 1 0
github.com/opendatahub-io/opendatahub-operator/v2/internal/webhook/hardwareprofile/mutating.go:432.2,433.16 2 1
github.com/opendatahub-io/opendatahub-operator/v2/internal/webhook/hardwareprofile/mutating.go:433.16,435.3 1 0
github.com/opendatahub-io/opendatahub-operator/v2/internal/webhook/hardwareprofile/mutating.go:438.2,438.76 1 1
github.com/opendatahub-io/opendatahub-operator/v2/internal/webhook/hardwareprofile/mutating.go:438.76,440.3 1 1
github.com/opendatahub-io/opendatahub-operator/v2/internal/webhook/hardwareprofile/mutating.go:443.2,445.12 3 1
github.com/opendatahub-io/opendatahub-operator/v2/internal/webhook/hardwareprofile/mutating.go:464.132,465.41 1 1
github.com/opendatahub-io/opendatahub-operator/v2/internal/webhook/hardwareprofile/mutating.go:465.41,467.59 1 1
github.com/opendatahub-io/opendatahub-operator/v2/internal/webhook/hardwareprofile/mutating.go:467.59,468.12 1 1
github.com/opendatahub-io/opendatahub-operator/v2/internal/webhook/hardwareprofile/mutating.go:471.3,472.17 2 1
github.com/opendatahub-io/opendatahub-operator/v2/internal/webhook/hardwareprofile/mutating.go:472.17,474.4 1 1
github.com/opendatahub-io/opendatahub-operator/v2/internal/webhook/hardwareprofile/mutating.go:475.3,475.54 1 1
github.com/opendatahub-io/opendatahub-operator/v2/internal/webhook/hardwareprofile/mutating.go:477.2,477.12 1 1
github.com/opendatahub-io/opendatahub-operator/v2/internal/webhook/hardwareprofile/mutating.go:499.125,503.16 3 1
github.com/opendatahub-io/opendatahub-operator/v2/internal/webhook/hardwareprofile/mutating.go:503.16,505.3 1 0
github.com/opendatahub-io/opendatahub-operator/v2/internal/webhook/hardwareprofile/mutating.go:508.2,508.36 1 1
github.com/opendatahub-io/opendatahub-operator/v2/internal/webhook/hardwareprofile/mutating.go:508.36,509.120 1 1
github.com/opendatahub-io/opendatahub-operator/v2/internal/webhook/hardwareprofile/mutating.go:509.120,511.4 1 1
github.com/opendatahub-io/opendatahub-operator/v2/internal/webhook/hardwareprofile/mutating.go:515.2,515.35 1 1
github.com/opendatahub-io/opendatahub-operator/v2/internal/webhook/hardwareprofile/mutating.go:515.35,517.51 2 1
github.com/opendatahub-io/opendatahub-operator/v2/internal/webhook/hardwareprofile/mutating.go:517.51,519.18 2 1
github.com/opendatahub-io/opendatahub-operator/v2/internal/webhook/hardwareprofile/mutating.go:519.18,521.5 1 0
github.com/opendatahub-io/opendatahub-operator/v2/internal/webhook/hardwareprofile/mutating.go:522.4,522.55 1 1
github.com/opendatahub-io/opendatahub-operator/v2/internal/webhook/hardwareprofile/mutating.go:525.3,525.110 1 1
github.com/opendatahub-io/opendatahub-operator/v2/internal/webhook/hardwareprofile/mutating.go:525.110,527.4 1 0
github.com/opendatahub-io/opendatahub-operator/v2/internal/webhook/hardwareprofile/mutating.go:530.2,530.12 1 1
github.com/opendatahub-io/opendatahub-operator/v2/internal/webhook/hardwareprofile/mutating.go:543.88,544.20 1 1
github.com/opendatahub-io/opendatahub-operator/v2/internal/webhook/hardwareprofile/mutating.go:545.18,546.77 1 1
github.com/opendatahub-io/opendatahub-operator/v2/internal/webhook/hardwareprofile/mutating.go:547.21,548.46 1 1
github.com/opendatahub-io/opendatahub-operator/v2/internal/webhook/hardwareprofile/mutating.go:549.10,550.85 1 0
github.com/opendatahub-io/opendatahub-operator/v2/internal/webhook/hardwareprofile/register.go:17.47,22.39 1 1
github.com/opendatahub-io/opendatahub-operator/v2/internal/webhook/hardwareprofile/register.go:22.39,24.3 1 0
github.com/opendatahub-io/opendatahub-operator/v2/internal/webhook/hardwareprofile/register.go:26.2,26.12 1 1
github.com/opendatahub-io/opendatahub-operator/v2/internal/webhook/inferenceservice/mutating.go:37.42,39.2 1 1
github.com/opendatahub-io/opendatahub-operator/v2/internal/webhook/inferenceservice/mutating.go:64.70,71.2 3 0
github.com/opendatahub-io/opendatahub-operator/v2/internal/webhook/inferenceservice/mutating.go:73.99,76.22 2 1
github.com/opendatahub-io/opendatahub-operator/v2/internal/webhook/inferenceservice/mutating.go:76.22,79.3 2 0
github.com/opendatahub-io/opendatahub-operator/v2/internal/webhook/inferenceservice/mutating.go:82.2,83.16 2 1
github.com/opendatahub-io/opendatahub-operator/v2/internal/webhook/inferenceservice/mutating.go:83.16,85.3 1 0
github.com/opendatahub-io/opendatahub-operator/v2/internal/webhook/inferenceservice/mutating.go:88.2,88.42 1 1
github.com/opendatahub-io/opendatahub-operator/v2/internal/webhook/inferenceservice/mutating.go:88.42,90.3 1 0
github.com/opendatahub-io/opendatahub-operator/v2/internal/webhook/inferenceservice/mutating.go:92.2,92.23 1 1
github.com/opendatahub-io/opendatahub-operator/v2/internal/webhook/inferenceservice/mutating.go:93.46,106.30 3 1
github.com/opendatahub-io/opendatahub-operator/v2/internal/webhook/inferenceservice/mutating.go:106.30,108.4 1 1
github.com/opendatahub-io/opendatahub-operator/v2/internal/webhook/inferenceservice/mutating.go:111.3,111.20 1 1
github.com/opendatahub-io/opendatahub-operator/v2/internal/webhook/inferenceservice/mutating.go:111.20,113.4 1 1
github.com/opendatahub-io/opendatahub-operator/v2/internal/webhook/inferenceservice/mutating.go:115.3,116.17 2 1
github.com/opendatahub-io/opendatahub-operator/v2/internal/webhook/inferenceservice/mutating.go:116.17,119.4 2 1
github.com/opendatahub-io/opendatahub-operator/v2/internal/webhook/inferenceservice/mutating.go:122.3,122.25 1 1
github.com/opendatahub-io/opendatahub-operator/v2/internal/webhook/inferenceservice/mutating.go:122.25,124.18 2 1
github.com/opendatahub-io/opendatahub-operator/v2/internal/webhook/inferenceservice/mutating.go:124.18,126.5 1 0
github.com/opendatahub-io/opendatahub-operator/v2/internal/webhook/inferenceservice/mutating.go:127.4,127.71 1 1
github.com/opendatahub-io/opendatahub-operator/v2/internal/webhook/inferenceservice/mutating.go:131.3,131.119 1 0
github.com/opendatahub-io/opendatahub-operator/v2/internal/webhook/inferenceservice/mutating.go:133.10,134.131 1 1
github.com/opendatahub-io/opendatahub-operator/v2/internal/webhook/inferenceservice/mutating.go:144.17,150.40 3 1
github.com/opendatahub-io/opendatahub-operator/v2/internal/webhook/inferenceservice/mutating.go:151.25,152.77 1 1
github.com/opendatahub-io/opendatahub-operator/v2/internal/webhook/inferenceservice/mutating.go:152.77,154.4 1 0
github.com/opendatahub-io/opendatahub-operator/v2/internal/webhook/inferenceservice/mutating.go:155.3,156.19 2 1
github.com/opendatahub-io/opendatahub-operator/v2/internal/webhook/inferenceservice/mutating.go:158.25,159.91 1 1
github.com/opendatahub-io/opendatahub-operator/v2/internal/webhook/inferenceservice/mutating.go:159.91,161.4 1 1
github.com/opendatahub-io/opendatahub-operator/v2/internal/webhook/inferenceservice/mutating.go:162.3,163.19 2 1
github.com/opendatahub-io/opendatahub-operator/v2/internal/webhook/inferenceservice/mutating.go:165.24,166.70 1 1
github.com/opendatahub-io/opendatahub-operator/v2/internal/webhook/inferenceservice/mutating.go:166.70,168.4 1 1
github.com/opendatahub-io/opendatahub-operator/v2/internal/webhook/inferenceservice/mutating.go:169.3,170.19 2 1
github.com/opendatahub-io/opendatahub-operator/v2/internal/webhook/inferenceservice/mutating.go:172.10,174.20 2 0
github.com/opendatahub-io/opendatahub-operator/v2/internal/webhook/inferenceservice/mutating.go:179.112,181.16 2 1
github.com/opendatahub-io/opendatahub-operator/v2/internal/webhook/inferenceservice/mutating.go:181.16,183.3 1 0
github.com/opendatahub-io/opendatahub-operator/v2/internal/webhook/inferenceservice/mutating.go:186.2,186.42 1 1
github.com/opendatahub-io/opendatahub-operator/v2/internal/webhook/inferenceservice/mutating.go:186.42,187.59 1 0
github.com/opendatahub-io/opendatahub-operator/v2/internal/webhook/inferenceservice/mutating.go:187.59,188.71 1 0
github.com/opendatahub-io/opendatahub-operator/v2/internal/webhook/inferenceservice/mutating.go:188.71,190.5 1 0
github.com/opendatahub-io/opendatahub-operator/v2/internal/webhook/inferenceservice/mutating.go:195.2,200.99 3 1
github.com/opendatahub-io/opendatahub-operator/v2/internal/webhook/inferenceservice/mutating.go:204.138,207.112 2 1
github.com/opendatahub-io/opendatahub-operator/v2/internal/webhook/inferenceservice/mutating.go:207.112,209.3 1 0
github.com/opendatahub-io/opendatahub-operator/v2/internal/webhook/inferenceservice/mutating.go:211.2,213.13 3 1
github.com/opendatahub-io/opendatahub-operator/v2/internal/webhook/inferenceservice/mutating.go:213.13,215.3 1 1
github.com/opendatahub-io/opendatahub-operator/v2/internal/webhook/inferenceservice/mutating.go:217.2,220.88 2 1
github.com/opendatahub-io/opendatahub-operator/v2/internal/webhook/inferenceservice/mutating.go:224.105,226.16 2 1
github.com/opendatahub-io/opendatahub-operator/v2/internal/webhook/inferenceservice/mutating.go:226.16,228.3 1 0
github.com/opendatahub-io/opendatahub-operator/v2/internal/webhook/inferenceservice/mutating.go:229.2,229.12 1 1
github.com/opendatahub-io/opendatahub-operator/v2/internal/webhook/inferenceservice/mutating.go:229.12,231.3 1 1
github.com/opendatahub-io/opendatahub-operator/v2/internal/webhook/inferenceservice/mutating.go:233.2,234.16 2 1
github.com/opendatahub-io/opendatahub-operator/v2/internal/webhook/inferenceservice/mutating.go:234.16,236.3 1 0
github.com/opendatahub-io/opendatahub-operator/v2/internal/webhook/inferenceservice/mutating.go:237.2,240.78 3 1
github.com/opendatahub-io/opendatahub-operator/v2/internal/webhook/inferenceservice/register.go:11.47,16.39 1 0
github.com/opendatahub-io/opendatahub-operator/v2/internal/webhook/inferenceservice/register.go:16.39,18.3 1 0
github.com/opendatahub-io/opendatahub-operator/v2/internal/webhook/inferenceservice/register.go:20.2,20.12 1 0
github.com/opendatahub-io/opendatahub-operator/v2/internal/webhook/kueue/register.go:17.47,22.39 1 0
github.com/opendatahub-io/opendatahub-operator/v2/internal/webhook/kueue/register.go:22.39,24.3 1 0
github.com/opendatahub-io/opendatahub-operator/v2/internal/webhook/kueue/register.go:26.2,26.12 1 0
github.com/opendatahub-io/opendatahub-operator/v2/internal/webhook/kueue/validating.go:63.62,70.2 3 1
github.com/opendatahub-io/opendatahub-operator/v2/internal/webhook/kueue/validating.go:80.91,84.22 2 1
github.com/opendatahub-io/opendatahub-operator/v2/internal/webhook/kueue/validating.go:84.22,87.3 2 1
github.com/opendatahub-io/opendatahub-operator/v2/internal/webhook/kueue/validating.go:90.2,90.31 1 1
github.com/opendatahub-io/opendatahub-operator/v2/internal/webhook/kueue/validating.go:90.31,94.3 3 1
github.com/opendatahub-io/opendatahub-operator/v2/internal/webhook/kueue/validating.go:97.2,98.51 2 1
github.com/opendatahub-io/opendatahub-operator/v2/internal/webhook/kueue/validating.go:98.51,101.3 2 0
github.com/opendatahub-io/opendatahub-operator/v2/internal/webhook/kueue/validating.go:104.2,104.42 1 1
github.com/opendatahub-io/opendatahub-operator/v2/internal/webhook/kueue/validating.go:104.42,106.3 1 0
github.com/opendatahub-io/opendatahub-operator/v2/internal/webhook/kueue/validating.go:108.2,110.23 2 1
github.com/opendatahub-io/opendatahub-operator/v2/internal/webhook/kueue/validating.go:111.46,112.50 1 1
github.com/opendatahub-io/opendatahub-operator/v2/internal/webhook/kueue/validating.go:113.10,114.100 1 1
github.com/opendatahub-io/opendatahub-operator/v2/internal/webhook/kueue/validating.go:117.2,117.13 1 1
github.com/opendatahub-io/opendatahub-operator/v2/internal/webhook/kueue/validating.go:128.56,146.43 3 1
github.com/opendatahub-io/opendatahub-operator/v2/internal/webhook/kueue/validating.go:146.43,147.32 1 1
github.com/opendatahub-io/opendatahub-operator/v2/internal/webhook/kueue/validating.go:147.32,149.4 1 1
github.com/opendatahub-io/opendatahub-operator/v2/internal/webhook/kueue/validating.go:152.2,152.14 1 1
github.com/opendatahub-io/opendatahub-operator/v2/internal/webhook/kueue/validating.go:164.80,166.16 2 1
github.com/opendatahub-io/opendatahub-operator/v2/internal/webhook/kueue/validating.go:166.16,168.3 1 0
github.com/opendatahub-io/opendatahub-operator/v2/internal/webhook/kueue/validating.go:170.2,172.74 2 1
github.com/opendatahub-io/opendatahub-operator/v2/internal/webhook/kueue/validating.go:182.53,185.2 1 1
github.com/opendatahub-io/opendatahub-operator/v2/internal/webhook/kueue/validating.go:197.104,201.80 3 1
github.com/opendatahub-io/opendatahub-operator/v2/internal/webhook/kueue/validating.go:201.80,204.3 1 0
github.com/opendatahub-io/opendatahub-operator/v2/internal/webhook/kueue/validating.go:206.2,206.41 1 1
github.com/opendatahub-io/opendatahub-operator/v2/internal/webhook/kueue/validating.go:216.58,217.19 1 1
github.com/opendatahub-io/opendatahub-operator/v2/internal/webhook/kueue/validating.go:217.19,220.3 1 1
github.com/opendatahub-io/opendatahub-operator/v2/internal/webhook/kueue/validating.go:222.2,224.9 2 1
github.com/opendatahub-io/opendatahub-operator/v2/internal/webhook/kueue/validating.go:224.9,227.3 1 0
github.com/opendatahub-io/opendatahub-operator/v2/internal/webhook/kueue/validating.go:229.2,229.21 1 1
github.com/opendatahub-io/opendatahub-operator/v2/internal/webhook/kueue/validating.go:229.21,232.3 1 1
github.com/opendatahub-io/opendatahub-operator/v2/internal/webhook/kueue/validating.go:235.2,235.12 1 1
github.com/opendatahub-io/opendatahub-operator/v2/internal/webhook/kueue/validating.go:246.140,255.16 4 1
github.com/opendatahub-io/opendatahub-operator/v2/internal/webhook/kueue/validating.go:255.16,259.3 2 0
github.com/opendatahub-io/opendatahub-operator/v2/internal/webhook/kueue/validating.go:261.2,261.28 1 1
github.com/opendatahub-io/opendatahub-operator/v2/internal/webhook/kueue/validating.go:261.28,264.3 1 1
github.com/opendatahub-io/opendatahub-operator/v2/internal/webhook/kueue/validating.go:267.2,269.9 2 1
github.com/opendatahub-io/opendatahub-operator/v2/internal/webhook/kueue/validating.go:270.44,272.91 1 0
github.com/opendatahub-io/opendatahub-operator/v2/internal/webhook/kueue/validating.go:273.18,276.119 2 0
github.com/opendatahub-io/opendatahub-operator/v2/internal/webhook/kueue/validating.go:277.21,279.91 1 1
github.com/opendatahub-io/opendatahub-operator/v2/internal/webhook/kueue/validating.go:283.2,283.61 1 1
github.com/opendatahub-io/opendatahub-operator/v2/internal/webhook/kueue/validating.go:283.61,286.3 1 1
github.com/opendatahub-io/opendatahub-operator/v2/internal/webhook/kueue/validating.go:289.2,289.121 1 1
github.com/opendatahub-io/opendatahub-operator/v2/internal/webhook/datasciencecluster/defaulting.go:43.62,49.2 4 1
github.com/opendatahub-io/opendatahub-operator/v2/internal/webhook/datasciencecluster/defaulting.go:59.76,61.12 2 1
github.com/opendatahub-io/opendatahub-operator/v2/internal/webhook/datasciencecluster/defaulting.go:61.12,66.3 4 0
github.com/opendatahub-io/opendatahub-operator/v2/internal/webhook/datasciencecluster/defaulting.go:69.2,70.12 2 1
github.com/opendatahub-io/opendatahub-operator/v2/internal/webhook/datasciencecluster/defaulting.go:79.87,83.57 3 1
github.com/opendatahub-io/opendatahub-operator/v2/internal/webhook/datasciencecluster/defaulting.go:83.57,84.46 1 1
github.com/opendatahub-io/opendatahub-operator/v2/internal/webhook/datasciencecluster/defaulting.go:84.46,87.4 2 1
github.com/opendatahub-io/opendatahub-operator/v2/internal/webhook/datasciencecluster/register.go:10.47,15.39 1 1
github.com/opendatahub-io/opendatahub-operator/v2/internal/webhook/datasciencecluster/register.go:15.39,17.3 1 0
github.com/opendatahub-io/opendatahub-operator/v2/internal/webhook/datasciencecluster/register.go:20.2,22.39 1 1
github.com/opendatahub-io/opendatahub-operator/v2/internal/webhook/datasciencecluster/register.go:22.39,24.3 1 0
github.com/opendatahub-io/opendatahub-operator/v2/internal/webhook/datasciencecluster/register.go:26.2,26.12 1 1
github.com/opendatahub-io/opendatahub-operator/v2/internal/webhook/datasciencecluster/validating.go:40.62,47.2 3 1
github.com/opendatahub-io/opendatahub-operator/v2/internal/webhook/datasciencecluster/validating.go:58.91,64.23 4 1
github.com/opendatahub-io/opendatahub-operator/v2/internal/webhook/datasciencecluster/validating.go:65.26,66.98 1 1
github.com/opendatahub-io/opendatahub-operator/v2/internal/webhook/datasciencecluster/validating.go:67.10,68.22 1 1
github.com/opendatahub-io/opendatahub-operator/v2/internal/webhook/datasciencecluster/validating.go:71.2,71.19 1 1
github.com/opendatahub-io/opendatahub-operator/v2/internal/webhook/datasciencecluster/validating.go:71.19,73.3 1 1
github.com/opendatahub-io/opendatahub-operator/v2/internal/webhook/datasciencecluster/validating.go:75.2,75.99 1 1
github.com/opendatahub-io/opendatahub-operator/v2/internal/webhook/dscinitialization/register.go:10.47,14.39 1 1
github.com/opendatahub-io/opendatahub-operator/v2/internal/webhook/dscinitialization/register.go:14.39,16.3 1 0
github.com/opendatahub-io/opendatahub-operator/v2/internal/webhook/dscinitialization/register.go:18.2,18.12 1 1
github.com/opendatahub-io/opendatahub-operator/v2/internal/webhook/dscinitialization/validating.go:40.62,47.2 3 1
github.com/opendatahub-io/opendatahub-operator/v2/internal/webhook/dscinitialization/validating.go:58.91,64.23 4 1
github.com/opendatahub-io/opendatahub-operator/v2/internal/webhook/dscinitialization/validating.go:65.26,66.97 1 1
github.com/opendatahub-io/opendatahub-operator/v2/internal/webhook/dscinitialization/validating.go:67.26,69.89 1 1
github.com/opendatahub-io/opendatahub-operator/v2/internal/webhook/dscinitialization/validating.go:70.10,71.22 1 0
github.com/opendatahub-io/opendatahub-operator/v2/internal/webhook/dscinitialization/validating.go:74.2,74.19 1 1
github.com/opendatahub-io/opendatahub-operator/v2/internal/webhook/dscinitialization/validating.go:74.19,76.3 1 1
github.com/opendatahub-io/opendatahub-operator/v2/internal/webhook/dscinitialization/validating.go:78.2,78.99 1 1
github.com/opendatahub-io/opendatahub-operator/v2/internal/webhook/notebook/mutating.go:47.68,54.2 3 1
github.com/opendatahub-io/opendatahub-operator/v2/internal/webhook/notebook/mutating.go:56.97,59.22 2 1
github.com/opendatahub-io/opendatahub-operator/v2/internal/webhook/notebook/mutating.go:59.22,62.3 2 0
github.com/opendatahub-io/opendatahub-operator/v2/internal/webhook/notebook/mutating.go:65.2,66.56 2 1
github.com/opendatahub-io/opendatahub-operator/v2/internal/webhook/notebook/mutating.go:66.56,69.3 2 0
github.com/opendatahub-io/opendatahub-operator/v2/internal/webhook/notebook/mutating.go:72.2,72.47 1 1
github.com/opendatahub-io/opendatahub-operator/v2/internal/webhook/notebook/mutating.go:72.47,74.3 1 0
github.com/opendatahub-io/opendatahub-operator/v2/internal/webhook/notebook/mutating.go:76.2,78.23 2 1
github.com/opendatahub-io/opendatahub-operator/v2/internal/webhook/notebook/mutating.go:79.46,81.30 2 1
github.com/opendatahub-io/opendatahub-operator/v2/internal/webhook/notebook/mutating.go:81.30,83.4 1 1
github.com/opendatahub-io/opendatahub-operator/v2/internal/webhook/notebook/mutating.go:86.3,86.41 1 1
github.com/opendatahub-io/opendatahub-operator/v2/internal/webhook/notebook/mutating.go:86.41,88.4 1 1
github.com/opendatahub-io/opendatahub-operator/v2/internal/webhook/notebook/mutating.go:90.3,91.17 2 1
github.com/opendatahub-io/opendatahub-operator/v2/internal/webhook/notebook/mutating.go:91.17,94.4 2 0
github.com/opendatahub-io/opendatahub-operator/v2/internal/webhook/notebook/mutating.go:96.3,96.25 1 1
github.com/opendatahub-io/opendatahub-operator/v2/internal/webhook/notebook/mutating.go:96.25,98.18 2 1
github.com/opendatahub-io/opendatahub-operator/v2/internal/webhook/notebook/mutating.go:98.18,101.5 2 0
github.com/opendatahub-io/opendatahub-operator/v2/internal/webhook/notebook/mutating.go:102.4,102.71 1 1
github.com/opendatahub-io/opendatahub-operator/v2/internal/webhook/notebook/mutating.go:105.10,106.100 1 1
github.com/opendatahub-io/opendatahub-operator/v2/internal/webhook/notebook/mutating.go:109.2,109.13 1 1
github.com/opendatahub-io/opendatahub-operator/v2/internal/webhook/notebook/mutating.go:120.56,124.27 3 1
github.com/opendatahub-io/opendatahub-operator/v2/internal/webhook/notebook/mutating.go:124.27,126.3 1 1
github.com/opendatahub-io/opendatahub-operator/v2/internal/webhook/notebook/mutating.go:129.2,130.16 2 1
github.com/opendatahub-io/opendatahub-operator/v2/internal/webhook/notebook/mutating.go:130.16,133.3 2 1
github.com/opendatahub-io/opendatahub-operator/v2/internal/webhook/notebook/mutating.go:136.2,137.16 2 1
github.com/opendatahub-io/opendatahub-operator/v2/internal/webhook/notebook/mutating.go:137.16,140.3 2 0
github.com/opendatahub-io/opendatahub-operator/v2/internal/webhook/notebook/mutating.go:142.2,142.33 1 1
github.com/opendatahub-io/opendatahub-operator/v2/internal/webhook/notebook/mutating.go:142.33,145.3 1 1
github.com/opendatahub-io/opendatahub-operator/v2/internal/webhook/notebook/mutating.go:147.2,147.32 1 1
github.com/opendatahub-io/opendatahub-operator/v2/internal/webhook/notebook/mutating.go:147.32,149.3 1 1
github.com/opendatahub-io/opendatahub-operator/v2/internal/webhook/notebook/mutating.go:151.2,151.100 1 1
github.com/opendatahub-io/opendatahub-operator/v2/internal/webhook/notebook/mutating.go:156.81,157.36 1 1
github.com/opendatahub-io/opendatahub-operator/v2/internal/webhook/notebook/mutating.go:157.36,159.3 1 1
github.com/opendatahub-io/opendatahub-operator/v2/internal/webhook/notebook/mutating.go:161.2,164.29 3 1
github.com/opendatahub-io/opendatahub-operator/v2/internal/webhook/notebook/mutating.go:164.29,166.17 2 1
github.com/opendatahub-io/opendatahub-operator/v2/internal/webhook/notebook/mutating.go:166.17,167.12 1 0
github.com/opendatahub-io/opendatahub-operator/v2/internal/webhook/notebook/mutating.go:171.3,172.28 2 1
github.com/opendatahub-io/opendatahub-operator/v2/internal/webhook/notebook/mutating.go:172.28,174.4 1 1
github.com/opendatahub-io/opendatahub-operator/v2/internal/webhook/notebook/mutating.go:176.3,179.36 3 1
github.com/opendatahub-io/opendatahub-operator/v2/internal/webhook/notebook/mutating.go:179.36,181.4 1 1
github.com/opendatahub-io/opendatahub-operator/v2/internal/webhook/notebook/mutating.go:183.3,186.5 1 1
github.com/opendatahub-io/opendatahub-operator/v2/internal/webhook/notebook/mutating.go:189.2,189.24 1 1
github.com/opendatahub-io/opendatahub-operator/v2/internal/webhook/notebook/mutating.go:194.177,200.39 4 1
github.com/opendatahub-io/opendatahub-operator/v2/internal/webhook/notebook/mutating.go:200.39,204.43 2 1
github.com/opendatahub-io/opendatahub-operator/v2/internal/webhook/notebook/mutating.go:204.43,206.12 2 1
github.com/opendatahub-io/opendatahub-operator/v2/internal/webhook/notebook/mutating.go:209.3,210.136 2 1
github.com/opendatahub-io/opendatahub-operator/v2/internal/webhook/notebook/mutating.go:210.136,211.30 1 1
github.com/opendatahub-io/opendatahub-operator/v2/internal/webhook/notebook/mutating.go:211.30,213.13 2 1
github.com/opendatahub-io/opendatahub-operator/v2/internal/webhook/notebook/mutating.go:215.4,216.76 2 0
github.com/opendatahub-io/opendatahub-operator/v2/internal/webhook/notebook/mutating.go:220.3,237.51 3 1
github.com/opendatahub-io/opendatahub-operator/v2/internal/webhook/notebook/mutating.go:237.51,240.4 2 0
github.com/opendatahub-io/opendatahub-operator/v2/internal/webhook/notebook/mutating.go:243.3,243.26 1 1
github.com/opendatahub-io/opendatahub-operator/v2/internal/webhook/notebook/mutating.go:243.26,251.4 2 1
github.com/opendatahub-io/opendatahub-operator/v2/internal/webhook/notebook/mutating.go:253.3,253.116 1 1
github.com/opendatahub-io/opendatahub-operator/v2/internal/webhook/notebook/mutating.go:256.2,256.50 1 1
github.com/opendatahub-io/opendatahub-operator/v2/internal/webhook/notebook/mutating.go:259.164,262.16 2 1
github.com/opendatahub-io/opendatahub-operator/v2/internal/webhook/notebook/mutating.go:262.16,264.3 1 0
github.com/opendatahub-io/opendatahub-operator/v2/internal/webhook/notebook/mutating.go:265.2,265.36 1 1
github.com/opendatahub-io/opendatahub-operator/v2/internal/webhook/notebook/mutating.go:265.36,267.3 1 0
github.com/opendatahub-io/opendatahub-operator/v2/internal/webhook/notebook/mutating.go:270.2,271.9 2 1
github.com/opendatahub-io/opendatahub-operator/v2/internal/webhook/notebook/mutating.go:271.9,273.3 1 0
github.com/opendatahub-io/opendatahub-operator/v2/internal/webhook/notebook/mutating.go:276.2,280.40 3 1
github.com/opendatahub-io/opendatahub-operator/v2/internal/webhook/notebook/mutating.go:280.40,281.57 1 1
github.com/opendatahub-io/opendatahub-operator/v2/internal/webhook/notebook/mutating.go:281.57,282.63 1 1
github.com/opendatahub-io/opendatahub-operator/v2/internal/webhook/notebook/mutating.go:282.63,284.5 1 1
github.com/opendatahub-io/opendatahub-operator/v2/internal/webhook/notebook/mutating.go:289.2,290.39 2 1
github.com/opendatahub-io/opendatahub-operator/v2/internal/webhook/notebook/mutating.go:290.39,297.3 2 1
github.com/opendatahub-io/opendatahub-operator/v2/internal/webhook/notebook/mutating.go:300.2,306.102 3 1
github.com/opendatahub-io/opendatahub-operator/v2/internal/webhook/notebook/mutating.go:306.102,308.3 1 0
github.com/opendatahub-io/opendatahub-operator/v2/internal/webhook/notebook/mutating.go:310.2,310.22 1 1
github.com/opendatahub-io/opendatahub-operator/v2/internal/webhook/notebook/register.go:11.47,17.39 1 0
github.com/opendatahub-io/opendatahub-operator/v2/internal/webhook/notebook/register.go:17.39,19.3 1 0
github.com/opendatahub-io/opendatahub-operator/v2/internal/webhook/notebook/register.go:21.2,21.12 1 0
github.com/opendatahub-io/opendatahub-operator/v2/internal/controller/dscinitialization/auth.go:42.103,46.16 3 1
github.com/opendatahub-io/opendatahub-operator/v2/internal/controller/dscinitialization/auth.go:46.16,48.3 1 1
github.com/opendatahub-io/opendatahub-operator/v2/internal/controller/dscinitialization/auth.go:50.2,50.29 1 1
github.com/opendatahub-io/opendatahub-operator/v2/internal/controller/dscinitialization/auth.go:50.29,52.3 1 0
github.com/opendatahub-io/opendatahub-operator/v2/internal/controller/dscinitialization/auth.go:54.2,54.105 1 1
github.com/opendatahub-io/opendatahub-operator/v2/internal/controller/dscinitialization/auth.go:54.105,56.3 1 0
github.com/opendatahub-io/opendatahub-operator/v2/internal/controller/dscinitialization/auth.go:57.2,57.12 1 1
github.com/opendatahub-io/opendatahub-operator/v2/internal/controller/dscinitialization/auth.go:67.63,70.22 2 1
github.com/opendatahub-io/opendatahub-operator/v2/internal/controller/dscinitialization/auth.go:70.22,72.3 1 1
github.com/opendatahub-io/opendatahub-operator/v2/internal/controller/dscinitialization/auth.go:74.2,81.3 1 1
github.com/opendatahub-io/opendatahub-operator/v2/internal/controller/dscinitialization/dscinitialization_controller.go:71.109,80.9 6 1
github.com/opendatahub-io/opendatahub-operator/v2/internal/controller/dscinitialization/dscinitialization_controller.go:81.30,82.28 1 1
github.com/opendatahub-io/opendatahub-operator/v2/internal/controller/dscinitialization/dscinitialization_controller.go:83.18,91.28 5 0
github.com/opendatahub-io/opendatahub-operator/v2/internal/controller/dscinitialization/dscinitialization_controller.go:94.2,94.35 1 1
github.com/opendatahub-io/opendatahub-operator/v2/internal/controller/dscinitialization/dscinitialization_controller.go:94.35,97.48 3 0
github.com/opendatahub-io/opendatahub-operator/v2/internal/controller/dscinitialization/dscinitialization_controller.go:97.48,99.4 1 0
github.com/opendatahub-io/opendatahub-operator/v2/internal/controller/dscinitialization/dscinitialization_controller.go:102.2,102.41 1 1
github.com/opendatahub-io/opendatahub-operator/v2/internal/controller/dscinitialization/dscinitialization_controller.go:102.41,103.65 1 1
github.com/opendatahub-io/opendatahub-operator/v2/internal/controller/dscinitialization/dscinitialization_controller.go:103.65,106.57 3 1
github.com/opendatahub-io/opendatahub-operator/v2/internal/controller/dscinitialization/dscinitialization_controller.go:106.57,108.5 1 0
github.com/opendatahub-io/opendatahub-operator/v2/internal/controller/dscinitialization/dscinitialization_controller.go:110.8,113.65 2 1
github.com/opendatahub-io/opendatahub-operator/v2/internal/controller/dscinitialization/dscinitialization_controller.go:113.65,115.95 2 1
github.com/opendatahub-io/opendatahub-operator/v2/internal/controller/dscinitialization/dscinitialization_controller.go:115.95,117.5 1 0
github.com/opendatahub-io/opendatahub-operator/v2/internal/controller/dscinitialization/dscinitialization_controller.go:118.4,118.68 1 1
github.com/opendatahub-io/opendatahub-operator/v2/internal/controller/dscinitialization/dscinitialization_controller.go:118.68,120.61 2 1
github.com/opendatahub-io/opendatahub-operator/v2/internal/controller/dscinitialization/dscinitialization_controller.go:120.61,122.6 1 0
github.com/opendatahub-io/opendatahub-operator/v2/internal/controller/dscinitialization/dscinitialization_controller.go:124.4,124.14 1 1
github.com/opendatahub-io/opendatahub-operator/v2/internal/controller/dscinitialization/dscinitialization_controller.go:126.3,126.17 1 1
github.com/opendatahub-io/opendatahub-operator/v2/internal/controller/dscinitialization/dscinitialization_controller.go:126.17,129.4 2 0
github.com/opendatahub-io/opendatahub-operator/v2/internal/controller/dscinitialization/dscinitialization_controller.go:131.3,131.28 1 1
github.com/opendatahub-io/opendatahub-operator/v2/internal/controller/dscinitialization/dscinitialization_controller.go:135.2,135.39 1 1
github.com/opendatahub-io/opendatahub-operator/v2/internal/controller/dscinitialization/dscinitialization_controller.go:135.39,138.106 3 1
github.com/opendatahub-io/opendatahub-operator/v2/internal/controller/dscinitialization/dscinitialization_controller.go:138.106,142.4 3 1
github.com/opendatahub-io/opendatahub-operator/v2/internal/controller/dscinitialization/dscinitialization_controller.go:143.3,143.17 1 1
github.com/opendatahub-io/opendatahub-operator/v2/internal/controller/dscinitialization/dscinitialization_controller.go:143.17,149.4 3 0
github.com/opendatahub-io/opendatahub-operator/v2/internal/controller/dscinitialization/dscinitialization_controller.go:153.2,153.85 1 1
github.com/opendatahub-io/opendatahub-operator/v2/internal/controller/dscinitialization/dscinitialization_controller.go:153.85,155.106 2 0
github.com/opendatahub-io/opendatahub-operator/v2/internal/controller/dscinitialization/dscinitialization_controller.go:155.106,157.4 1 0
github.com/opendatahub-io/opendatahub-operator/v2/internal/controller/dscinitialization/dscinitialization_controller.go:158.3,158.17 1 0
github.com/opendatahub-io/opendatahub-operator/v2/internal/controller/dscinitialization/dscinitialization_controller.go:158.17,163.4 3 0
github.com/opendatahub-io/opendatahub-operator/v2/internal/controller/dscinitialization/dscinitialization_controller.go:167.2,167.74 1 1
github.com/opendatahub-io/opendatahub-operator/v2/internal/controller/dscinitialization/dscinitialization_controller.go:167.74,168.102 1 0
github.com/opendatahub-io/opendatahub-operator/v2/internal/controller/dscinitialization/dscinitialization_controller.go:168.102,171.4 2 0
github.com/opendatahub-io/opendatahub-operator/v2/internal/controller/dscinitialization/dscinitialization_controller.go:171.18,176.4 2 0
github.com/opendatahub-io/opendatahub-operator/v2/internal/controller/dscinitialization/dscinitialization_controller.go:179.3,182.33 2 0
github.com/opendatahub-io/opendatahub-operator/v2/internal/controller/dscinitialization/dscinitialization_controller.go:185.2,185.18 1 1
github.com/opendatahub-io/opendatahub-operator/v2/internal/controller/dscinitialization/dscinitialization_controller.go:186.20,187.105 1 0
github.com/opendatahub-io/opendatahub-operator/v2/internal/controller/dscinitialization/dscinitialization_controller.go:187.105,189.81 2 0
github.com/opendatahub-io/opendatahub-operator/v2/internal/controller/dscinitialization/dscinitialization_controller.go:189.81,191.5 1 0
github.com/opendatahub-io/opendatahub-operator/v2/internal/controller/dscinitialization/dscinitialization_controller.go:194.3,194.28 1 0
github.com/opendatahub-io/opendatahub-operator/v2/internal/controller/dscinitialization/dscinitialization_controller.go:195.38,196.105 1 0
github.com/opendatahub-io/opendatahub-operator/v2/internal/controller/dscinitialization/dscinitialization_controller.go:196.105,198.81 2 0
github.com/opendatahub-io/opendatahub-operator/v2/internal/controller/dscinitialization/dscinitialization_controller.go:198.81,200.5 1 0
github.com/opendatahub-io/opendatahub-operator/v2/internal/controller/dscinitialization/dscinitialization_controller.go:203.3,203.28 1 0
github.com/opendatahub-io/opendatahub-operator/v2/internal/controller/dscinitialization/dscinitialization_controller.go:204.16,205.105 1 0
github.com/opendatahub-io/opendatahub-operator/v2/internal/controller/dscinitialization/dscinitialization_controller.go:205.105,207.86 2 0
github.com/opendatahub-io/opendatahub-operator/v2/internal/controller/dscinitialization/dscinitialization_controller.go:207.86,209.5 1 0
github.com/opendatahub-io/opendatahub-operator/v2/internal/controller/dscinitialization/dscinitialization_controller.go:212.3,212.28 1 0
github.com/opendatahub-io/opendatahub-operator/v2/internal/controller/dscinitialization/dscinitialization_controller.go:213.10,214.19 1 1
github.com/opendatahub-io/opendatahub-operator/v2/internal/controller/dscinitialization/dscinitialization_controller.go:215.33,216.70 1 0
github.com/opendatahub-io/opendatahub-operator/v2/internal/controller/dscinitialization/dscinitialization_controller.go:216.70,218.62 2 0
github.com/opendatahub-io/opendatahub-operator/v2/internal/controller/dscinitialization/dscinitialization_controller.go:218.62,220.6 1 0
github.com/opendatahub-io/opendatahub-operator/v2/internal/controller/dscinitialization/dscinitialization_controller.go:222.5,222.59 1 0
github.com/opendatahub-io/opendatahub-operator/v2/internal/controller/dscinitialization/dscinitialization_controller.go:222.59,224.6 1 0
github.com/opendatahub-io/opendatahub-operator/v2/internal/controller/dscinitialization/dscinitialization_controller.go:225.10,227.53 2 0
github.com/opendatahub-io/opendatahub-operator/v2/internal/controller/dscinitialization/dscinitialization_controller.go:227.53,229.6 1 0
github.com/opendatahub-io/opendatahub-operator/v2/internal/controller/dscinitialization/dscinitialization_controller.go:231.29,233.147 2 0
github.com/opendatahub-io/opendatahub-operator/v2/internal/controller/dscinitialization/dscinitialization_controller.go:233.147,238.5 3 0
github.com/opendatahub-io/opendatahub-operator/v2/internal/controller/dscinitialization/dscinitialization_controller.go:240.4,241.58 2 0
github.com/opendatahub-io/opendatahub-operator/v2/internal/controller/dscinitialization/dscinitialization_controller.go:241.58,243.5 1 0
github.com/opendatahub-io/opendatahub-operator/v2/internal/controller/dscinitialization/dscinitialization_controller.go:244.4,244.77 1 0
github.com/opendatahub-io/opendatahub-operator/v2/internal/controller/dscinitialization/dscinitialization_controller.go:244.77,246.5 1 0
github.com/opendatahub-io/opendatahub-operator/v2/internal/controller/dscinitialization/dscinitialization_controller.go:247.4,247.68 1 0
github.com/opendatahub-io/opendatahub-operator/v2/internal/controller/dscinitialization/dscinitialization_controller.go:247.68,249.5 1 0
github.com/opendatahub-io/opendatahub-operator/v2/internal/controller/dscinitialization/dscinitialization_controller.go:250.11,251.70 1 1
github.com/opendatahub-io/opendatahub-operator/v2/internal/controller/dscinitialization/dscinitialization_controller.go:251.70,253.59 2 1
github.com/opendatahub-io/opendatahub-operator/v2/internal/controller/dscinitialization/dscinitialization_controller.go:253.59,255.6 1 0
github.com/opendatahub-io/opendatahub-operator/v2/internal/controller/dscinitialization/dscinitialization_controller.go:256.10,258.53 2 1
github.com/opendatahub-io/opendatahub-operator/v2/internal/controller/dscinitialization/dscinitialization_controller.go:258.53,260.6 1 0
github.com/opendatahub-io/opendatahub-operator/v2/internal/controller/dscinitialization/dscinitialization_controller.go:265.3,265.52 1 1
github.com/opendatahub-io/opendatahub-operator/v2/internal/controller/dscinitialization/dscinitialization_controller.go:265.52,268.4 2 0
github.com/opendatahub-io/opendatahub-operator/v2/internal/controller/dscinitialization/dscinitialization_controller.go:271.3,271.98 1 1
github.com/opendatahub-io/opendatahub-operator/v2/internal/controller/dscinitialization/dscinitialization_controller.go:271.98,274.4 2 1
github.com/opendatahub-io/opendatahub-operator/v2/internal/controller/dscinitialization/dscinitialization_controller.go:275.3,275.17 1 1
github.com/opendatahub-io/opendatahub-operator/v2/internal/controller/dscinitialization/dscinitialization_controller.go:275.17,278.4 2 0
github.com/opendatahub-io/opendatahub-operator/v2/internal/controller/dscinitialization/dscinitialization_controller.go:280.3,280.28 1 1
github.com/opendatahub-io/opendatahub-operator/v2/internal/controller/dscinitialization/dscinitialization_controller.go:285.101,333.102 1 1
github.com/opendatahub-io/opendatahub-operator/v2/internal/controller/dscinitialization/dscinitialization_controller.go:333.102,335.5 1 0
github.com/opendatahub-io/opendatahub-operator/v2/internal/controller/dscinitialization/dscinitialization_controller.go:355.130,357.80 2 1
github.com/opendatahub-io/opendatahub-operator/v2/internal/controller/dscinitialization/dscinitialization_controller.go:357.80,361.3 2 0
github.com/opendatahub-io/opendatahub-operator/v2/internal/controller/dscinitialization/dscinitialization_controller.go:362.2,362.12 1 1
github.com/opendatahub-io/opendatahub-operator/v2/internal/controller/dscinitialization/dscinitialization_controller.go:365.127,368.16 3 0
github.com/opendatahub-io/opendatahub-operator/v2/internal/controller/dscinitialization/dscinitialization_controller.go:368.16,370.3 1 0
github.com/opendatahub-io/opendatahub-operator/v2/internal/controller/dscinitialization/dscinitialization_controller.go:372.2,372.85 1 0
github.com/opendatahub-io/opendatahub-operator/v2/internal/controller/dscinitialization/dscinitialization_controller.go:372.85,376.3 2 0
github.com/opendatahub-io/opendatahub-operator/v2/internal/controller/dscinitialization/dscinitialization_controller.go:377.2,377.12 1 0
github.com/opendatahub-io/opendatahub-operator/v2/internal/controller/dscinitialization/dscinitialization_controller.go:380.97,383.57 3 0
github.com/opendatahub-io/opendatahub-operator/v2/internal/controller/dscinitialization/dscinitialization_controller.go:383.57,387.3 2 0
github.com/opendatahub-io/opendatahub-operator/v2/internal/controller/dscinitialization/dscinitialization_controller.go:388.2,388.80 1 0
github.com/opendatahub-io/opendatahub-operator/v2/internal/controller/dscinitialization/dscinitialization_controller.go:388.80,392.3 2 0
github.com/opendatahub-io/opendatahub-operator/v2/internal/controller/dscinitialization/dscinitialization_controller.go:393.2,393.12 1 0
github.com/opendatahub-io/opendatahub-operator/v2/internal/controller/dscinitialization/dscinitialization_controller.go:396.115,399.57 3 1
github.com/opendatahub-io/opendatahub-operator/v2/internal/controller/dscinitialization/dscinitialization_controller.go:399.57,403.3 2 0
github.com/opendatahub-io/opendatahub-operator/v2/internal/controller/dscinitialization/dscinitialization_controller.go:404.2,404.34 1 1
github.com/opendatahub-io/opendatahub-operator/v2/internal/controller/dscinitialization/dscinitialization_controller.go:404.34,408.3 2 0
github.com/opendatahub-io/opendatahub-operator/v2/internal/controller/dscinitialization/dscinitialization_controller.go:410.2,410.12 1 1
github.com/opendatahub-io/opendatahub-operator/v2/internal/controller/dscinitialization/dscinitialization_controller.go:413.85,420.43 3 1
github.com/opendatahub-io/opendatahub-operator/v2/internal/controller/dscinitialization/dscinitialization_controller.go:420.43,422.3 1 0
github.com/opendatahub-io/opendatahub-operator/v2/internal/controller/dscinitialization/dscinitialization_controller.go:424.2,424.12 1 1
github.com/opendatahub-io/opendatahub-operator/v2/internal/controller/dscinitialization/dscinitialization_controller.go:427.114,444.41 2 1
github.com/opendatahub-io/opendatahub-operator/v2/internal/controller/dscinitialization/dscinitialization_controller.go:444.41,446.99 1 0
github.com/opendatahub-io/opendatahub-operator/v2/internal/controller/dscinitialization/dscinitialization_controller.go:446.99,448.4 1 0
github.com/opendatahub-io/opendatahub-operator/v2/internal/controller/dscinitialization/dscinitialization_controller.go:448.9,450.4 1 0
github.com/opendatahub-io/opendatahub-operator/v2/internal/controller/dscinitialization/dscinitialization_controller.go:453.2,456.101 3 1
github.com/opendatahub-io/opendatahub-operator/v2/internal/controller/dscinitialization/dscinitialization_controller.go:456.101,458.3 1 0
github.com/opendatahub-io/opendatahub-operator/v2/internal/controller/dscinitialization/dscinitialization_controller.go:460.2,468.48 2 1
github.com/opendatahub-io/opendatahub-operator/v2/internal/controller/dscinitialization/dscinitialization_controller.go:468.48,470.3 1 0
github.com/opendatahub-io/opendatahub-operator/v2/internal/controller/dscinitialization/dscinitialization_controller.go:471.2,471.12 1 1
github.com/opendatahub-io/opendatahub-operator/v2/internal/controller/dscinitialization/monitoring.go:36.144,38.23 2 0
github.com/opendatahub-io/opendatahub-operator/v2/internal/controller/dscinitialization/monitoring.go:38.23,40.68 1 0
github.com/opendatahub-io/opendatahub-operator/v2/internal/controller/dscinitialization/monitoring.go:40.68,42.4 1 0
github.com/opendatahub-io/opendatahub-operator/v2/internal/controller/dscinitialization/monitoring.go:44.2,44.31 1 0
github.com/opendatahub-io/opendatahub-operator/v2/internal/controller/dscinitialization/monitoring.go:44.31,61.17 2 0
github.com/opendatahub-io/opendatahub-operator/v2/internal/controller/dscinitialization/monitoring.go:61.17,64.4 2 0
github.com/opendatahub-io/opendatahub-operator/v2/internal/controller/dscinitialization/monitoring.go:68.2,68.63 1 0
github.com/opendatahub-io/opendatahub-operator/v2/internal/controller/dscinitialization/monitoring.go:68.63,70.3 1 0
github.com/opendatahub-io/opendatahub-operator/v2/internal/controller/dscinitialization/monitoring.go:73.2,73.61 1 0
github.com/opendatahub-io/opendatahub-operator/v2/internal/controller/dscinitialization/monitoring.go:73.61,75.3 1 0
github.com/opendatahub-io/opendatahub-operator/v2/internal/controller/dscinitialization/monitoring.go:77.2,77.23 1 0
github.com/opendatahub-io/opendatahub-operator/v2/internal/controller/dscinitialization/monitoring.go:77.23,79.17 2 0
github.com/opendatahub-io/opendatahub-operator/v2/internal/controller/dscinitialization/monitoring.go:79.17,81.4 1 0
github.com/opendatahub-io/opendatahub-operator/v2/internal/controller/dscinitialization/monitoring.go:84.2,85.12 2 0
github.com/opendatahub-io/opendatahub-operator/v2/internal/controller/dscinitialization/monitoring.go:88.123,92.16 3 0
github.com/opendatahub-io/opendatahub-operator/v2/internal/controller/dscinitialization/monitoring.go:92.16,95.3 2 0
github.com/opendatahub-io/opendatahub-operator/v2/internal/controller/dscinitialization/monitoring.go:99.2,100.16 2 0
github.com/opendatahub-io/opendatahub-operator/v2/internal/controller/dscinitialization/monitoring.go:100.16,103.3 2 0
github.com/opendatahub-io/opendatahub-operator/v2/internal/controller/dscinitialization/monitoring.go:107.2,108.16 2 0
github.com/opendatahub-io/opendatahub-operator/v2/internal/controller/dscinitialization/monitoring.go:108.16,111.3 2 0
github.com/opendatahub-io/opendatahub-operator/v2/internal/controller/dscinitialization/monitoring.go:116.2,125.16 2 0
github.com/opendatahub-io/opendatahub-operator/v2/internal/controller/dscinitialization/monitoring.go:125.16,128.3 2 0
github.com/opendatahub-io/opendatahub-operator/v2/internal/controller/dscinitialization/monitoring.go:132.2,133.16 2 0
github.com/opendatahub-io/opendatahub-operator/v2/internal/controller/dscinitialization/monitoring.go:133.16,135.3 1 0
github.com/opendatahub-io/opendatahub-operator/v2/internal/controller/dscinitialization/monitoring.go:136.2,136.57 1 0
github.com/opendatahub-io/opendatahub-operator/v2/internal/controller/dscinitialization/monitoring.go:136.57,142.17 3 0
github.com/opendatahub-io/opendatahub-operator/v2/internal/controller/dscinitialization/monitoring.go:142.17,145.4 2 0
github.com/opendatahub-io/opendatahub-operator/v2/internal/controller/dscinitialization/monitoring.go:147.2,147.53 1 0
github.com/opendatahub-io/opendatahub-operator/v2/internal/controller/dscinitialization/monitoring.go:147.53,153.17 3 0
github.com/opendatahub-io/opendatahub-operator/v2/internal/controller/dscinitialization/monitoring.go:153.17,156.4 2 0
github.com/opendatahub-io/opendatahub-operator/v2/internal/controller/dscinitialization/monitoring.go:161.2,162.16 2 0
github.com/opendatahub-io/opendatahub-operator/v2/internal/controller/dscinitialization/monitoring.go:162.16,165.3 2 0
github.com/opendatahub-io/opendatahub-operator/v2/internal/controller/dscinitialization/monitoring.go:168.2,169.16 2 0
github.com/opendatahub-io/opendatahub-operator/v2/internal/controller/dscinitialization/monitoring.go:169.16,171.3 1 0
github.com/opendatahub-io/opendatahub-operator/v2/internal/controller/dscinitialization/monitoring.go:174.2,178.16 1 0
github.com/opendatahub-io/opendatahub-operator/v2/internal/controller/dscinitialization/monitoring.go:178.16,181.3 2 0
github.com/opendatahub-io/opendatahub-operator/v2/internal/controller/dscinitialization/monitoring.go:183.2,184.16 2 0
github.com/opendatahub-io/opendatahub-operator/v2/internal/controller/dscinitialization/monitoring.go:184.16,187.3 2 0
github.com/opendatahub-io/opendatahub-operator/v2/internal/controller/dscinitialization/monitoring.go:191.2,191.99 1 0
github.com/opendatahub-io/opendatahub-operator/v2/internal/controller/dscinitialization/monitoring.go:191.99,194.3 2 0
github.com/opendatahub-io/opendatahub-operator/v2/internal/controller/dscinitialization/monitoring.go:196.2,196.12 1 0
github.com/opendatahub-io/opendatahub-operator/v2/internal/controller/dscinitialization/monitoring.go:199.121,206.16 3 0
github.com/opendatahub-io/opendatahub-operator/v2/internal/controller/dscinitialization/monitoring.go:206.16,209.3 2 0
github.com/opendatahub-io/opendatahub-operator/v2/internal/controller/dscinitialization/monitoring.go:211.2,212.16 2 0
github.com/opendatahub-io/opendatahub-operator/v2/internal/controller/dscinitialization/monitoring.go:212.16,214.3 1 0
github.com/opendatahub-io/opendatahub-operator/v2/internal/controller/dscinitialization/monitoring.go:215.2,221.16 2 0
github.com/opendatahub-io/opendatahub-operator/v2/internal/controller/dscinitialization/monitoring.go:221.16,224.3 2 0
github.com/opendatahub-io/opendatahub-operator/v2/internal/controller/dscinitialization/monitoring.go:227.2,234.79 1 0
github.com/opendatahub-io/opendatahub-operator/v2/internal/controller/dscinitialization/monitoring.go:234.79,237.3 2 0
github.com/opendatahub-io/opendatahub-operator/v2/internal/controller/dscinitialization/monitoring.go:241.2,246.16 3 0
github.com/opendatahub-io/opendatahub-operator/v2/internal/controller/dscinitialization/monitoring.go:246.16,249.3 2 0
github.com/opendatahub-io/opendatahub-operator/v2/internal/controller/dscinitialization/monitoring.go:253.2,254.16 2 0
github.com/opendatahub-io/opendatahub-operator/v2/internal/controller/dscinitialization/monitoring.go:254.16,257.3 2 0
github.com/opendatahub-io/opendatahub-operator/v2/internal/controller/dscinitialization/monitoring.go:261.2,266.16 3 0
github.com/opendatahub-io/opendatahub-operator/v2/internal/controller/dscinitialization/monitoring.go:266.16,269.3 2 0
github.com/opendatahub-io/opendatahub-operator/v2/internal/controller/dscinitialization/monitoring.go:273.2,278.16 3 0
github.com/opendatahub-io/opendatahub-operator/v2/internal/controller/dscinitialization/monitoring.go:278.16,281.3 2 0
github.com/opendatahub-io/opendatahub-operator/v2/internal/controller/dscinitialization/monitoring.go:284.2,285.16 2 0
github.com/opendatahub-io/opendatahub-operator/v2/internal/controller/dscinitialization/monitoring.go:285.16,288.3 2 0
github.com/opendatahub-io/opendatahub-operator/v2/internal/controller/dscinitialization/monitoring.go:292.2,296.16 2 0
github.com/opendatahub-io/opendatahub-operator/v2/internal/controller/dscinitialization/monitoring.go:296.16,299.3 2 0
github.com/opendatahub-io/opendatahub-operator/v2/internal/controller/dscinitialization/monitoring.go:301.2,306.16 2 0
github.com/opendatahub-io/opendatahub-operator/v2/internal/controller/dscinitialization/monitoring.go:306.16,309.3 2 0
github.com/opendatahub-io/opendatahub-operator/v2/internal/controller/dscinitialization/monitoring.go:315.2,320.16 3 0
github.com/opendatahub-io/opendatahub-operator/v2/internal/controller/dscinitialization/monitoring.go:320.16,321.30 1 0
github.com/opendatahub-io/opendatahub-operator/v2/internal/controller/dscinitialization/monitoring.go:321.30,323.4 1 0
github.com/opendatahub-io/opendatahub-operator/v2/internal/controller/dscinitialization/monitoring.go:325.2,325.64 1 0
github.com/opendatahub-io/opendatahub-operator/v2/internal/controller/dscinitialization/monitoring.go:325.64,327.17 2 0
github.com/opendatahub-io/opendatahub-operator/v2/internal/controller/dscinitialization/monitoring.go:327.17,329.4 1 0
github.com/opendatahub-io/opendatahub-operator/v2/internal/controller/dscinitialization/monitoring.go:332.2,334.16 2 0
github.com/opendatahub-io/opendatahub-operator/v2/internal/controller/dscinitialization/monitoring.go:334.16,337.3 2 0
github.com/opendatahub-io/opendatahub-operator/v2/internal/controller/dscinitialization/monitoring.go:340.2,340.97 1 0
github.com/opendatahub-io/opendatahub-operator/v2/internal/controller/dscinitialization/monitoring.go:340.97,342.3 1 0
github.com/opendatahub-io/opendatahub-operator/v2/internal/controller/dscinitialization/monitoring.go:344.2,344.12 1 0
github.com/opendatahub-io/opendatahub-operator/v2/internal/controller/dscinitialization/monitoring.go:347.127,351.16 4 0
github.com/opendatahub-io/opendatahub-operator/v2/internal/controller/dscinitialization/monitoring.go:351.16,352.30 1 0
github.com/opendatahub-io/opendatahub-operator/v2/internal/controller/dscinitialization/monitoring.go:352.30,354.4 1 0
github.com/opendatahub-io/opendatahub-operator/v2/internal/controller/dscinitialization/monitoring.go:359.2,364.16 3 0
github.com/opendatahub-io/opendatahub-operator/v2/internal/controller/dscinitialization/monitoring.go:364.16,365.30 1 0
github.com/opendatahub-io/opendatahub-operator/v2/internal/controller/dscinitialization/monitoring.go:365.30,367.4 1 0
github.com/opendatahub-io/opendatahub-operator/v2/internal/controller/dscinitialization/monitoring.go:369.2,369.68 1 0
github.com/opendatahub-io/opendatahub-operator/v2/internal/controller/dscinitialization/monitoring.go:369.68,371.17 2 0
github.com/opendatahub-io/opendatahub-operator/v2/internal/controller/dscinitialization/monitoring.go:371.17,373.4 1 0
github.com/opendatahub-io/opendatahub-operator/v2/internal/controller/dscinitialization/monitoring.go:376.2,377.86 2 0
github.com/opendatahub-io/opendatahub-operator/v2/internal/controller/dscinitialization/monitoring.go:377.86,383.80 1 0
github.com/opendatahub-io/opendatahub-operator/v2/internal/controller/dscinitialization/monitoring.go:383.80,386.4 2 0
github.com/opendatahub-io/opendatahub-operator/v2/internal/controller/dscinitialization/monitoring.go:387.8,393.80 1 0
github.com/opendatahub-io/opendatahub-operator/v2/internal/controller/dscinitialization/monitoring.go:393.80,396.4 2 0
github.com/opendatahub-io/opendatahub-operator/v2/internal/controller/dscinitialization/monitoring.go:398.2,398.12 1 0
github.com/opendatahub-io/opendatahub-operator/v2/internal/controller/dscinitialization/monitoring.go:401.129,403.16 2 0
github.com/opendatahub-io/opendatahub-operator/v2/internal/controller/dscinitialization/monitoring.go:403.16,405.3 1 0
github.com/opendatahub-io/opendatahub-operator/v2/internal/controller/dscinitialization/monitoring.go:407.2,419.16 4 0
github.com/opendatahub-io/opendatahub-operator/v2/internal/controller/dscinitialization/monitoring.go:419.16,420.29 1 0
github.com/opendatahub-io/opendatahub-operator/v2/internal/controller/dscinitialization/monitoring.go:420.29,423.18 2 0
github.com/opendatahub-io/opendatahub-operator/v2/internal/controller/dscinitialization/monitoring.go:423.18,425.5 1 0
github.com/opendatahub-io/opendatahub-operator/v2/internal/controller/dscinitialization/monitoring.go:426.4,427.50 2 0
github.com/opendatahub-io/opendatahub-operator/v2/internal/controller/dscinitialization/monitoring.go:427.50,429.5 1 0
github.com/opendatahub-io/opendatahub-operator/v2/internal/controller/dscinitialization/monitoring.go:430.9,432.4 1 0
github.com/opendatahub-io/opendatahub-operator/v2/internal/controller/dscinitialization/monitoring.go:434.2,434.12 1 0
github.com/opendatahub-io/opendatahub-operator/v2/internal/controller/dscinitialization/monitoring.go:437.121,444.37 3 0
github.com/opendatahub-io/opendatahub-operator/v2/internal/controller/dscinitialization/monitoring.go:444.37,445.30 1 0
github.com/opendatahub-io/opendatahub-operator/v2/internal/controller/dscinitialization/monitoring.go:445.30,448.4 2 0
github.com/opendatahub-io/opendatahub-operator/v2/internal/controller/dscinitialization/monitoring.go:448.9,457.81 2 0
github.com/opendatahub-io/opendatahub-operator/v2/internal/controller/dscinitialization/monitoring.go:457.81,460.5 2 0
github.com/opendatahub-io/opendatahub-operator/v2/internal/controller/dscinitialization/monitoring.go:463.2,463.12 1 0
github.com/opendatahub-io/opendatahub-operator/v2/internal/controller/dscinitialization/monitoring.go:466.128,468.60 2 0
github.com/opendatahub-io/opendatahub-operator/v2/internal/controller/dscinitialization/monitoring.go:468.60,470.3 1 0
github.com/opendatahub-io/opendatahub-operator/v2/internal/controller/dscinitialization/monitoring.go:473.2,478.16 3 0
github.com/opendatahub-io/opendatahub-operator/v2/internal/controller/dscinitialization/monitoring.go:478.16,482.3 2 0
github.com/opendatahub-io/opendatahub-operator/v2/internal/controller/dscinitialization/monitoring.go:484.2,491.79 1 0
github.com/opendatahub-io/opendatahub-operator/v2/internal/controller/dscinitialization/monitoring.go:491.79,494.3 2 0
github.com/opendatahub-io/opendatahub-operator/v2/internal/controller/dscinitialization/monitoring.go:495.2,495.12 1 0
github.com/opendatahub-io/opendatahub-operator/v2/internal/controller/dscinitialization/utils.go:40.150,43.70 2 1
github.com/opendatahub-io/opendatahub-operator/v2/internal/controller/dscinitialization/utils.go:43.70,46.3 2 0
github.com/opendatahub-io/opendatahub-operator/v2/internal/controller/dscinitialization/utils.go:48.2,48.103 1 1
github.com/opendatahub-io/opendatahub-operator/v2/internal/controller/dscinitialization/utils.go:48.103,49.67 1 1
github.com/opendatahub-io/opendatahub-operator/v2/internal/controller/dscinitialization/utils.go:49.67,52.4 2 0
github.com/opendatahub-io/opendatahub-operator/v2/internal/controller/dscinitialization/utils.go:56.2,56.88 1 1
github.com/opendatahub-io/opendatahub-operator/v2/internal/controller/dscinitialization/utils.go:56.88,58.3 1 0
github.com/opendatahub-io/opendatahub-operator/v2/internal/controller/dscinitialization/utils.go:60.2,60.12 1 1
github.com/opendatahub-io/opendatahub-operator/v2/internal/controller/dscinitialization/utils.go:63.147,72.17 5 1
github.com/opendatahub-io/opendatahub-operator/v2/internal/controller/dscinitialization/utils.go:72.17,74.3 1 0
github.com/opendatahub-io/opendatahub-operator/v2/internal/controller/dscinitialization/utils.go:76.2,76.27 1 1
github.com/opendatahub-io/opendatahub-operator/v2/internal/controller/dscinitialization/utils.go:77.9,84.89 2 1
github.com/opendatahub-io/opendatahub-operator/v2/internal/controller/dscinitialization/utils.go:84.89,85.31 1 1
github.com/opendatahub-io/opendatahub-operator/v2/internal/controller/dscinitialization/utils.go:85.31,87.5 1 0
github.com/opendatahub-io/opendatahub-operator/v2/internal/controller/dscinitialization/utils.go:89.3,91.116 2 1
github.com/opendatahub-io/opendatahub-operator/v2/internal/controller/dscinitialization/utils.go:92.9,93.41 1 1
github.com/opendatahub-io/opendatahub-operator/v2/internal/controller/dscinitialization/utils.go:93.41,95.4 1 0
github.com/opendatahub-io/opendatahub-operator/v2/internal/controller/dscinitialization/utils.go:97.3,97.57 1 1
github.com/opendatahub-io/opendatahub-operator/v2/internal/controller/dscinitialization/utils.go:98.10,99.109 1 0
github.com/opendatahub-io/opendatahub-operator/v2/internal/controller/dscinitialization/utils.go:103.159,112.38 3 1
github.com/opendatahub-io/opendatahub-operator/v2/internal/controller/dscinitialization/utils.go:112.38,114.3 1 0
github.com/opendatahub-io/opendatahub-operator/v2/internal/controller/dscinitialization/utils.go:116.2,116.31 1 1
github.com/opendatahub-io/opendatahub-operator/v2/internal/controller/dscinitialization/utils.go:116.31,117.23 1 1
github.com/opendatahub-io/opendatahub-operator/v2/internal/controller/dscinitialization/utils.go:117.23,119.4 1 1
github.com/opendatahub-io/opendatahub-operator/v2/internal/controller/dscinitialization/utils.go:122.2,122.88 1 1
github.com/opendatahub-io/opendatahub-operator/v2/internal/controller/dscinitialization/utils.go:122.88,125.3 2 1
github.com/opendatahub-io/opendatahub-operator/v2/internal/controller/dscinitialization/utils.go:126.2,126.12 1 1
github.com/opendatahub-io/opendatahub-operator/v2/internal/controller/dscinitialization/utils.go:129.105,132.123 3 1
github.com/opendatahub-io/opendatahub-operator/v2/internal/controller/dscinitialization/utils.go:132.123,134.3 1 0
github.com/opendatahub-io/opendatahub-operator/v2/internal/controller/dscinitialization/utils.go:137.2,143.93 2 1
github.com/opendatahub-io/opendatahub-operator/v2/internal/controller/dscinitialization/utils.go:143.93,150.3 2 1
github.com/opendatahub-io/opendatahub-operator/v2/internal/controller/dscinitialization/utils.go:151.2,151.16 1 1
github.com/opendatahub-io/opendatahub-operator/v2/internal/controller/dscinitialization/utils.go:151.16,153.3 1 0
github.com/opendatahub-io/opendatahub-operator/v2/internal/controller/dscinitialization/utils.go:154.2,154.12 1 1
github.com/opendatahub-io/opendatahub-operator/v2/internal/controller/dscinitialization/utils.go:162.9,163.78 1 1
github.com/opendatahub-io/opendatahub-operator/v2/internal/controller/dscinitialization/utils.go:163.78,168.17 3 0
github.com/opendatahub-io/opendatahub-operator/v2/internal/controller/dscinitialization/utils.go:168.17,171.4 2 0
github.com/opendatahub-io/opendatahub-operator/v2/internal/controller/dscinitialization/utils.go:173.3,174.17 2 0
github.com/opendatahub-io/opendatahub-operator/v2/internal/controller/dscinitialization/utils.go:174.17,177.4 2 0
github.com/opendatahub-io/opendatahub-operator/v2/internal/controller/dscinitialization/utils.go:179.3,179.39 1 0
github.com/opendatahub-io/opendatahub-operator/v2/internal/controller/dscinitialization/utils.go:179.39,181.18 2 0
github.com/opendatahub-io/opendatahub-operator/v2/internal/controller/dscinitialization/utils.go:181.18,184.5 2 0
github.com/opendatahub-io/opendatahub-operator/v2/internal/controller/dscinitialization/utils.go:187.3,188.17 2 0
github.com/opendatahub-io/opendatahub-operator/v2/internal/controller/dscinitialization/utils.go:188.17,191.4 2 0
github.com/opendatahub-io/opendatahub-operator/v2/internal/controller/dscinitialization/utils.go:192.3,192.13 1 0
github.com/opendatahub-io/opendatahub-operator/v2/internal/controller/dscinitialization/utils.go:196.2,215.76 2 1
github.com/opendatahub-io/opendatahub-operator/v2/internal/controller/dscinitialization/utils.go:215.76,217.3 1 0
github.com/opendatahub-io/opendatahub-operator/v2/internal/controller/dscinitialization/utils.go:219.2,219.90 1 1
github.com/opendatahub-io/opendatahub-operator/v2/internal/controller/dscinitialization/utils.go:219.90,221.3 1 0
github.com/opendatahub-io/opendatahub-operator/v2/internal/controller/dscinitialization/utils.go:223.2,231.16 2 1
github.com/opendatahub-io/opendatahub-operator/v2/internal/controller/dscinitialization/utils.go:231.16,233.3 1 0
github.com/opendatahub-io/opendatahub-operator/v2/internal/controller/dscinitialization/utils.go:235.2,235.12 1 1
github.com/opendatahub-io/opendatahub-operator/v2/internal/controller/dscinitialization/utils.go:238.136,246.98 3 0
github.com/opendatahub-io/opendatahub-operator/v2/internal/controller/dscinitialization/utils.go:246.98,252.17 2 0
github.com/opendatahub-io/opendatahub-operator/v2/internal/controller/dscinitialization/utils.go:252.17,254.4 1 0
github.com/opendatahub-io/opendatahub-operator/v2/internal/controller/dscinitialization/utils.go:255.3,255.19 1 0
github.com/opendatahub-io/opendatahub-operator/v2/internal/controller/dscinitialization/utils.go:258.2,258.27 1 0
github.com/opendatahub-io/opendatahub-operator/v2/internal/controller/dscinitialization/utils.go:261.52,269.50 3 0
github.com/opendatahub-io/opendatahub-operator/v2/internal/controller/dscinitialization/utils.go:269.50,271.3 1 0
github.com/opendatahub-io/opendatahub-operator/v2/internal/controller/dscinitialization/utils.go:273.2,273.25 1 0
github.com/opendatahub-io/opendatahub-operator/v2/internal/controller/dscinitialization/utils.go:276.82,282.2 1 1
github.com/opendatahub-io/opendatahub-operator/v2/internal/controller/components/workbenches/workbenches.go:27.13,29.2 1 1
github.com/opendatahub-io/opendatahub-operator/v2/internal/controller/components/workbenches/workbenches.go:31.45,33.2 1 1
github.com/opendatahub-io/opendatahub-operator/v2/internal/controller/components/workbenches/workbenches.go:35.93,51.2 1 1
github.com/opendatahub-io/opendatahub-operator/v2/internal/controller/components/workbenches/workbenches.go:53.65,57.17 2 0
github.com/opendatahub-io/opendatahub-operator/v2/internal/controller/components/workbenches/workbenches.go:57.17,59.3 1 0
github.com/opendatahub-io/opendatahub-operator/v2/internal/controller/components/workbenches/workbenches.go:61.2,64.17 2 0
github.com/opendatahub-io/opendatahub-operator/v2/internal/controller/components/workbenches/workbenches.go:64.17,66.3 1 0
github.com/opendatahub-io/opendatahub-operator/v2/internal/controller/components/workbenches/workbenches.go:68.2,119.17 2 0
github.com/opendatahub-io/opendatahub-operator/v2/internal/controller/components/workbenches/workbenches.go:119.17,121.3 1 0
github.com/opendatahub-io/opendatahub-operator/v2/internal/controller/components/workbenches/workbenches.go:123.2,123.12 1 0
github.com/opendatahub-io/opendatahub-operator/v2/internal/controller/components/workbenches/workbenches.go:126.74,128.2 1 1
github.com/opendatahub-io/opendatahub-operator/v2/internal/controller/components/workbenches/workbenches.go:130.130,136.106 4 1
github.com/opendatahub-io/opendatahub-operator/v2/internal/controller/components/workbenches/workbenches.go:136.106,138.3 1 0
github.com/opendatahub-io/opendatahub-operator/v2/internal/controller/components/workbenches/workbenches.go:140.2,141.9 2 1
github.com/opendatahub-io/opendatahub-operator/v2/internal/controller/components/workbenches/workbenches.go:141.9,143.3 1 0
github.com/opendatahub-io/opendatahub-operator/v2/internal/controller/components/workbenches/workbenches.go:145.2,153.22 6 1
github.com/opendatahub-io/opendatahub-operator/v2/internal/controller/components/workbenches/workbenches.go:153.22,157.96 3 1
github.com/opendatahub-io/opendatahub-operator/v2/internal/controller/components/workbenches/workbenches.go:157.96,160.4 2 1
github.com/opendatahub-io/opendatahub-operator/v2/internal/controller/components/workbenches/workbenches.go:160.9,162.4 1 0
github.com/opendatahub-io/opendatahub-operator/v2/internal/controller/components/workbenches/workbenches.go:163.8,170.3 1 1
github.com/opendatahub-io/opendatahub-operator/v2/internal/controller/components/workbenches/workbenches.go:172.2,172.16 1 1
github.com/opendatahub-io/opendatahub-operator/v2/internal/controller/components/workbenches/workbenches_controller.go:45.96,87.16 2 0
github.com/opendatahub-io/opendatahub-operator/v2/internal/controller/components/workbenches/workbenches_controller.go:87.16,89.3 1 0
github.com/opendatahub-io/opendatahub-operator/v2/internal/controller/components/workbenches/workbenches_controller.go:91.2,91.12 1 0
github.com/opendatahub-io/opendatahub-operator/v2/internal/controller/components/workbenches/workbenches_controller_actions.go:17.80,25.2 2 0
github.com/opendatahub-io/opendatahub-operator/v2/internal/controller/components/workbenches/workbenches_controller_actions.go:27.78,29.9 2 0
github.com/opendatahub-io/opendatahub-operator/v2/internal/controller/components/workbenches/workbenches_controller_actions.go:29.9,31.3 1 0
github.com/opendatahub-io/opendatahub-operator/v2/internal/controller/components/workbenches/workbenches_controller_actions.go:33.2,33.87 1 0
github.com/opendatahub-io/opendatahub-operator/v2/internal/controller/components/workbenches/workbenches_controller_actions.go:33.87,35.3 1 0
github.com/opendatahub-io/opendatahub-operator/v2/internal/controller/components/workbenches/workbenches_controller_actions.go:40.2,44.67 4 0
github.com/opendatahub-io/opendatahub-operator/v2/internal/controller/components/workbenches/workbenches_controller_actions.go:44.67,45.86 1 0
github.com/opendatahub-io/opendatahub-operator/v2/internal/controller/components/workbenches/workbenches_controller_actions.go:45.86,47.103 1 0
github.com/opendatahub-io/opendatahub-operator/v2/internal/controller/components/workbenches/workbenches_controller_actions.go:47.103,49.5 1 0
github.com/opendatahub-io/opendatahub-operator/v2/internal/controller/components/workbenches/workbenches_controller_actions.go:51.4,51.37 1 0
github.com/opendatahub-io/opendatahub-operator/v2/internal/controller/components/workbenches/workbenches_controller_actions.go:51.37,53.5 1 0
github.com/opendatahub-io/opendatahub-operator/v2/internal/controller/components/workbenches/workbenches_controller_actions.go:56.3,56.82 1 0
github.com/opendatahub-io/opendatahub-operator/v2/internal/controller/components/workbenches/workbenches_controller_actions.go:56.82,58.105 1 0
github.com/opendatahub-io/opendatahub-operator/v2/internal/controller/components/workbenches/workbenches_controller_actions.go:58.105,60.5 1 0
github.com/opendatahub-io/opendatahub-operator/v2/internal/controller/components/workbenches/workbenches_controller_actions.go:62.4,62.37 1 0
github.com/opendatahub-io/opendatahub-operator/v2/internal/controller/components/workbenches/workbenches_controller_actions.go:62.37,64.5 1 0
github.com/opendatahub-io/opendatahub-operator/v2/internal/controller/components/workbenches/workbenches_controller_actions.go:67.3,67.56 1 0
github.com/opendatahub-io/opendatahub-operator/v2/internal/controller/components/workbenches/workbenches_controller_actions.go:67.56,69.93 1 0
github.com/opendatahub-io/opendatahub-operator/v2/internal/controller/components/workbenches/workbenches_controller_actions.go:69.93,71.5 1 0
github.com/opendatahub-io/opendatahub-operator/v2/internal/controller/components/workbenches/workbenches_controller_actions.go:73.4,73.37 1 0
github.com/opendatahub-io/opendatahub-operator/v2/internal/controller/components/workbenches/workbenches_controller_actions.go:73.37,75.5 1 0
github.com/opendatahub-io/opendatahub-operator/v2/internal/controller/components/workbenches/workbenches_controller_actions.go:79.2,85.12 2 0
github.com/opendatahub-io/opendatahub-operator/v2/internal/controller/components/workbenches/workbenches_controller_actions.go:88.91,90.9 2 0
github.com/opendatahub-io/opendatahub-operator/v2/internal/controller/components/workbenches/workbenches_controller_actions.go:90.9,92.3 1 0
github.com/opendatahub-io/opendatahub-operator/v2/internal/controller/components/workbenches/workbenches_controller_actions.go:94.2,99.91 3 0
github.com/opendatahub-io/opendatahub-operator/v2/internal/controller/components/workbenches/workbenches_controller_actions.go:99.91,101.3 1 0
github.com/opendatahub-io/opendatahub-operator/v2/internal/controller/components/workbenches/workbenches_controller_actions.go:101.8,102.26 1 0
github.com/opendatahub-io/opendatahub-operator/v2/internal/controller/components/workbenches/workbenches_controller_actions.go:103.55,104.54 1 0
github.com/opendatahub-io/opendatahub-operator/v2/internal/controller/components/workbenches/workbenches_controller_actions.go:105.28,106.52 1 0
github.com/opendatahub-io/opendatahub-operator/v2/internal/controller/components/workbenches/workbenches_controller_actions.go:110.2,111.16 2 0
github.com/opendatahub-io/opendatahub-operator/v2/internal/controller/components/workbenches/workbenches_controller_actions.go:111.16,113.3 1 0
github.com/opendatahub-io/opendatahub-operator/v2/internal/controller/components/workbenches/workbenches_controller_actions.go:114.2,114.12 1 0
github.com/opendatahub-io/opendatahub-operator/v2/internal/controller/components/workbenches/workbenches_controller_actions.go:117.82,119.9 2 0
github.com/opendatahub-io/opendatahub-operator/v2/internal/controller/components/workbenches/workbenches_controller_actions.go:119.9,121.3 1 0
github.com/opendatahub-io/opendatahub-operator/v2/internal/controller/components/workbenches/workbenches_controller_actions.go:122.2,124.12 2 0
github.com/opendatahub-io/opendatahub-operator/v2/internal/controller/components/workbenches/workbenches_support.go:46.78,52.2 1 0
github.com/opendatahub-io/opendatahub-operator/v2/internal/controller/components/workbenches/workbenches_support.go:55.80,61.2 1 0
github.com/opendatahub-io/opendatahub-operator/v2/internal/controller/components/workbenches/workbenches_support.go:64.74,70.2 1 0
github.com/opendatahub-io/opendatahub-operator/v2/internal/controller/components/modelmeshserving/modelmeshserving.go:27.13,29.2 1 1
github.com/opendatahub-io/opendatahub-operator/v2/internal/controller/components/modelmeshserving/modelmeshserving.go:31.45,33.2 1 1
github.com/opendatahub-io/opendatahub-operator/v2/internal/controller/components/modelmeshserving/modelmeshserving.go:35.58,37.101 1 0
github.com/opendatahub-io/opendatahub-operator/v2/internal/controller/components/modelmeshserving/modelmeshserving.go:37.101,39.3 1 0
github.com/opendatahub-io/opendatahub-operator/v2/internal/controller/components/modelmeshserving/modelmeshserving.go:41.2,41.12 1 0
github.com/opendatahub-io/opendatahub-operator/v2/internal/controller/components/modelmeshserving/modelmeshserving.go:45.93,61.2 1 1
github.com/opendatahub-io/opendatahub-operator/v2/internal/controller/components/modelmeshserving/modelmeshserving.go:63.74,65.2 1 1
github.com/opendatahub-io/opendatahub-operator/v2/internal/controller/components/modelmeshserving/modelmeshserving.go:67.130,73.106 4 1
github.com/opendatahub-io/opendatahub-operator/v2/internal/controller/components/modelmeshserving/modelmeshserving.go:73.106,75.3 1 0
github.com/opendatahub-io/opendatahub-operator/v2/internal/controller/components/modelmeshserving/modelmeshserving.go:77.2,78.9 2 1
github.com/opendatahub-io/opendatahub-operator/v2/internal/controller/components/modelmeshserving/modelmeshserving.go:78.9,80.3 1 0
github.com/opendatahub-io/opendatahub-operator/v2/internal/controller/components/modelmeshserving/modelmeshserving.go:82.2,90.22 6 1
github.com/opendatahub-io/opendatahub-operator/v2/internal/controller/components/modelmeshserving/modelmeshserving.go:90.22,94.96 3 1
github.com/opendatahub-io/opendatahub-operator/v2/internal/controller/components/modelmeshserving/modelmeshserving.go:94.96,97.4 2 1
github.com/opendatahub-io/opendatahub-operator/v2/internal/controller/components/modelmeshserving/modelmeshserving.go:97.9,99.4 1 0
github.com/opendatahub-io/opendatahub-operator/v2/internal/controller/components/modelmeshserving/modelmeshserving.go:100.8,107.3 1 1
github.com/opendatahub-io/opendatahub-operator/v2/internal/controller/components/modelmeshserving/modelmeshserving.go:109.2,109.16 1 1
github.com/opendatahub-io/opendatahub-operator/v2/internal/controller/components/modelmeshserving/modelmeshserving_actions.go:29.78,33.2 2 0
github.com/opendatahub-io/opendatahub-operator/v2/internal/controller/components/modelmeshserving/modelmeshserving_actions.go:35.78,37.9 2 0
github.com/opendatahub-io/opendatahub-operator/v2/internal/controller/components/modelmeshserving/modelmeshserving_actions.go:37.9,39.3 1 0
[...]
github.com/opendatahub-io/opendatahub-operator/v2/pkg/feature/builder.go:52.2,54.11 2 0
github.com/opendatahub-io/opendatahub-operator/v2/pkg/feature/builder.go:57.75,61.2 2 0
github.com/opendatahub-io/opendatahub-operator/v2/pkg/feature/builder.go:65.76,66.23 1 0
github.com/opendatahub-io/opendatahub-operator/v2/pkg/feature/builder.go:66.23,68.3 1 0
github.com/opendatahub-io/opendatahub-operator/v2/pkg/feature/builder.go:70.2,70.11 1 0
github.com/opendatahub-io/opendatahub-operator/v2/pkg/feature/builder.go:74.83,75.35 1 0
github.com/opendatahub-io/opendatahub-operator/v2/pkg/feature/builder.go:75.35,76.60 1 0
github.com/opendatahub-io/opendatahub-operator/v2/pkg/feature/builder.go:76.60,78.24 2 0
github.com/opendatahub-io/opendatahub-operator/v2/pkg/feature/builder.go:78.24,80.5 1 0
github.com/opendatahub-io/opendatahub-operator/v2/pkg/feature/builder.go:82.4,84.14 2 0
github.com/opendatahub-io/opendatahub-operator/v2/pkg/feature/builder.go:88.2,88.11 1 0
github.com/opendatahub-io/opendatahub-operator/v2/pkg/feature/builder.go:93.73,97.2 2 0
github.com/opendatahub-io/opendatahub-operator/v2/pkg/feature/builder.go:99.71,103.2 2 0
github.com/opendatahub-io/opendatahub-operator/v2/pkg/feature/builder.go:116.53,120.2 2 0
github.com/opendatahub-io/opendatahub-operator/v2/pkg/feature/builder.go:125.77,126.59 1 0
github.com/opendatahub-io/opendatahub-operator/v2/pkg/feature/builder.go:126.59,130.3 2 0
github.com/opendatahub-io/opendatahub-operator/v2/pkg/feature/builder.go:132.2,132.11 1 0
github.com/opendatahub-io/opendatahub-operator/v2/pkg/feature/builder.go:140.76,141.59 1 0
github.com/opendatahub-io/opendatahub-operator/v2/pkg/feature/builder.go:141.59,145.3 2 0
github.com/opendatahub-io/opendatahub-operator/v2/pkg/feature/builder.go:146.2,146.11 1 0
github.com/opendatahub-io/opendatahub-operator/v2/pkg/feature/builder.go:150.78,151.59 1 0
github.com/opendatahub-io/opendatahub-operator/v2/pkg/feature/builder.go:151.59,155.3 2 0
github.com/opendatahub-io/opendatahub-operator/v2/pkg/feature/builder.go:157.2,157.11 1 0
github.com/opendatahub-io/opendatahub-operator/v2/pkg/feature/builder.go:163.82,164.59 1 0
github.com/opendatahub-io/opendatahub-operator/v2/pkg/feature/builder.go:164.59,168.3 2 0
github.com/opendatahub-io/opendatahub-operator/v2/pkg/feature/builder.go:170.2,170.11 1 0
github.com/opendatahub-io/opendatahub-operator/v2/pkg/feature/builder.go:174.84,175.59 1 0
github.com/opendatahub-io/opendatahub-operator/v2/pkg/feature/builder.go:175.59,179.3 2 0
github.com/opendatahub-io/opendatahub-operator/v2/pkg/feature/builder.go:181.2,181.11 1 0
github.com/opendatahub-io/opendatahub-operator/v2/pkg/feature/builder.go:185.77,186.59 1 0
github.com/opendatahub-io/opendatahub-operator/v2/pkg/feature/builder.go:186.59,190.3 2 0
github.com/opendatahub-io/opendatahub-operator/v2/pkg/feature/builder.go:192.2,192.11 1 0
github.com/opendatahub-io/opendatahub-operator/v2/pkg/feature/builder.go:197.54,198.86 1 0
github.com/opendatahub-io/opendatahub-operator/v2/pkg/feature/builder.go:198.86,200.3 1 0
github.com/opendatahub-io/opendatahub-operator/v2/pkg/feature/builder.go:202.2,212.29 2 0
github.com/opendatahub-io/opendatahub-operator/v2/pkg/feature/builder.go:212.29,213.43 1 0
github.com/opendatahub-io/opendatahub-operator/v2/pkg/feature/builder.go:213.43,215.4 1 0
github.com/opendatahub-io/opendatahub-operator/v2/pkg/feature/builder.go:218.2,218.15 1 0
github.com/opendatahub-io/opendatahub-operator/v2/pkg/feature/conditions.go:27.84,32.2 1 0
github.com/opendatahub-io/opendatahub-operator/v2/pkg/feature/conditions.go:34.47,36.2 1 0
github.com/opendatahub-io/opendatahub-operator/v2/pkg/feature/conditions.go:38.47,40.2 1 0
github.com/opendatahub-io/opendatahub-operator/v2/pkg/feature/conditions.go:42.60,43.72 1 0
github.com/opendatahub-io/opendatahub-operator/v2/pkg/feature/conditions.go:43.72,44.93 1 0
github.com/opendatahub-io/opendatahub-operator/v2/pkg/feature/conditions.go:44.93,50.4 1 0
github.com/opendatahub-io/opendatahub-operator/v2/pkg/feature/conditions.go:51.3,51.13 1 0
github.com/opendatahub-io/opendatahub-operator/v2/pkg/feature/conditions.go:55.52,56.72 1 0
github.com/opendatahub-io/opendatahub-operator/v2/pkg/feature/conditions.go:56.72,64.99 3 0
github.com/opendatahub-io/opendatahub-operator/v2/pkg/feature/conditions.go:64.99,68.18 3 0
github.com/opendatahub-io/opendatahub-operator/v2/pkg/feature/conditions.go:68.18,70.5 1 0
github.com/opendatahub-io/opendatahub-operator/v2/pkg/feature/conditions.go:72.4,76.22 4 0
github.com/opendatahub-io/opendatahub-operator/v2/pkg/feature/conditions.go:76.22,78.5 1 0
github.com/opendatahub-io/opendatahub-operator/v2/pkg/feature/conditions.go:80.4,80.38 1 0
github.com/opendatahub-io/opendatahub-operator/v2/pkg/feature/conditions.go:80.38,84.48 2 0
github.com/opendatahub-io/opendatahub-operator/v2/pkg/feature/conditions.go:84.48,85.54 1 0
github.com/opendatahub-io/opendatahub-operator/v2/pkg/feature/conditions.go:85.54,86.44 1 0
github.com/opendatahub-io/opendatahub-operator/v2/pkg/feature/conditions.go:86.44,87.52 1 0
github.com/opendatahub-io/opendatahub-operator/v2/pkg/feature/conditions.go:87.52,90.14 2 0
github.com/opendatahub-io/opendatahub-operator/v2/pkg/feature/conditions.go:95.5,95.17 1 0
github.com/opendatahub-io/opendatahub-operator/v2/pkg/feature/conditions.go:95.17,97.6 1 0
github.com/opendatahub-io/opendatahub-operator/v2/pkg/feature/conditions.go:100.4,102.12 2 0
github.com/opendatahub-io/opendatahub-operator/v2/pkg/feature/conditions.go:102.12,104.5 1 0
github.com/opendatahub-io/opendatahub-operator/v2/pkg/feature/conditions.go:106.4,106.20 1 0
github.com/opendatahub-io/opendatahub-operator/v2/pkg/feature/conditions.go:111.56,114.27 2 0
github.com/opendatahub-io/opendatahub-operator/v2/pkg/feature/conditions.go:114.27,115.77 1 0
github.com/opendatahub-io/opendatahub-operator/v2/pkg/feature/conditions.go:115.77,117.4 1 0
github.com/opendatahub-io/opendatahub-operator/v2/pkg/feature/conditions.go:120.2,120.21 1 0
github.com/opendatahub-io/opendatahub-operator/v2/pkg/feature/conditions.go:123.87,124.72 1 0
github.com/opendatahub-io/opendatahub-operator/v2/pkg/feature/conditions.go:124.72,132.99 3 0
github.com/opendatahub-io/opendatahub-operator/v2/pkg/feature/conditions.go:132.99,137.18 4 0
github.com/opendatahub-io/opendatahub-operator/v2/pkg/feature/conditions.go:137.18,141.5 2 0
github.com/opendatahub-io/opendatahub-operator/v2/pkg/feature/conditions.go:143.4,143.27 1 0
github.com/opendatahub-io/opendatahub-operator/v2/pkg/feature/conditions.go:143.27,147.5 2 0
github.com/opendatahub-io/opendatahub-operator/v2/pkg/feature/conditions.go:149.4,149.21 1 0
github.com/opendatahub-io/opendatahub-operator/v2/pkg/feature/feature.go:78.71,81.68 1 0
github.com/opendatahub-io/opendatahub-operator/v2/pkg/feature/feature.go:81.68,82.17 1 0
github.com/opendatahub-io/opendatahub-operator/v2/pkg/feature/feature.go:82.17,84.4 1 0
github.com/opendatahub-io/opendatahub-operator/v2/pkg/feature/feature.go:86.3,86.29 1 0
github.com/opendatahub-io/opendatahub-operator/v2/pkg/feature/feature.go:89.2,89.72 1 0
github.com/opendatahub-io/opendatahub-operator/v2/pkg/feature/feature.go:89.72,91.3 1 0
github.com/opendatahub-io/opendatahub-operator/v2/pkg/feature/feature.go:93.2,93.103 1 0
github.com/opendatahub-io/opendatahub-operator/v2/pkg/feature/feature.go:93.103,96.3 2 0
github.com/opendatahub-io/opendatahub-operator/v2/pkg/feature/feature.go:96.23,98.3 1 0
github.com/opendatahub-io/opendatahub-operator/v2/pkg/feature/feature.go:100.2,103.60 3 0
github.com/opendatahub-io/opendatahub-operator/v2/pkg/feature/feature.go:106.78,109.47 2 0
github.com/opendatahub-io/opendatahub-operator/v2/pkg/feature/feature.go:109.47,111.3 1 0
github.com/opendatahub-io/opendatahub-operator/v2/pkg/feature/feature.go:112.2,112.62 1 0
github.com/opendatahub-io/opendatahub-operator/v2/pkg/feature/feature.go:112.62,114.3 1 0
github.com/opendatahub-io/opendatahub-operator/v2/pkg/feature/feature.go:116.2,116.47 1 0
github.com/opendatahub-io/opendatahub-operator/v2/pkg/feature/feature.go:116.47,118.3 1 0
github.com/opendatahub-io/opendatahub-operator/v2/pkg/feature/feature.go:119.2,119.72 1 0
github.com/opendatahub-io/opendatahub-operator/v2/pkg/feature/feature.go:119.72,121.3 1 0
github.com/opendatahub-io/opendatahub-operator/v2/pkg/feature/feature.go:123.2,123.55 1 0
github.com/opendatahub-io/opendatahub-operator/v2/pkg/feature/feature.go:123.55,124.87 1 0
github.com/opendatahub-io/opendatahub-operator/v2/pkg/feature/feature.go:124.87,126.4 1 0
github.com/opendatahub-io/opendatahub-operator/v2/pkg/feature/feature.go:129.2,129.28 1 0
github.com/opendatahub-io/opendatahub-operator/v2/pkg/feature/feature.go:129.28,131.91 2 0
github.com/opendatahub-io/opendatahub-operator/v2/pkg/feature/feature.go:131.91,133.4 1 0
github.com/opendatahub-io/opendatahub-operator/v2/pkg/feature/feature.go:136.2,136.49 1 0
github.com/opendatahub-io/opendatahub-operator/v2/pkg/feature/feature.go:136.49,138.3 1 0
github.com/opendatahub-io/opendatahub-operator/v2/pkg/feature/feature.go:139.2,139.72 1 0
github.com/opendatahub-io/opendatahub-operator/v2/pkg/feature/feature.go:139.72,141.3 1 0
github.com/opendatahub-io/opendatahub-operator/v2/pkg/feature/feature.go:143.2,143.12 1 0
github.com/opendatahub-io/opendatahub-operator/v2/pkg/feature/feature.go:146.73,152.41 3 0
github.com/opendatahub-io/opendatahub-operator/v2/pkg/feature/feature.go:152.41,154.3 1 0
github.com/opendatahub-io/opendatahub-operator/v2/pkg/feature/feature.go:156.2,156.35 1 0
github.com/opendatahub-io/opendatahub-operator/v2/pkg/feature/feature.go:159.59,161.2 1 0
github.com/opendatahub-io/opendatahub-operator/v2/pkg/feature/feature.go:164.60,166.2 1 0
github.com/opendatahub-io/opendatahub-operator/v2/pkg/feature/feature.go:169.46,171.2 1 0
github.com/opendatahub-io/opendatahub-operator/v2/pkg/feature/feature.go:173.51,178.2 4 0
github.com/opendatahub-io/opendatahub-operator/v2/pkg/feature/feature.go:180.59,183.18 2 0
github.com/opendatahub-io/opendatahub-operator/v2/pkg/feature/feature.go:183.18,185.3 1 0
github.com/opendatahub-io/opendatahub-operator/v2/pkg/feature/feature.go:185.8,187.3 1 0
github.com/opendatahub-io/opendatahub-operator/v2/pkg/feature/feature.go:189.2,189.15 1 0
github.com/opendatahub-io/opendatahub-operator/v2/pkg/feature/feature.go:189.15,190.69 1 0
github.com/opendatahub-io/opendatahub-operator/v2/pkg/feature/feature.go:190.69,192.29 2 0
github.com/opendatahub-io/opendatahub-operator/v2/pkg/feature/feature.go:192.29,194.5 1 0
github.com/opendatahub-io/opendatahub-operator/v2/pkg/feature/feature.go:197.4,197.78 1 0
github.com/opendatahub-io/opendatahub-operator/v2/pkg/feature/feature.go:197.78,200.5 2 0
github.com/opendatahub-io/opendatahub-operator/v2/pkg/feature/feature.go:202.4,202.14 1 0
github.com/opendatahub-io/opendatahub-operator/v2/pkg/feature/feature.go:205.2,205.21 1 0
github.com/opendatahub-io/opendatahub-operator/v2/pkg/feature/feature_data.go:17.81,18.72 1 0
github.com/opendatahub-io/opendatahub-operator/v2/pkg/feature/feature_data.go:18.72,20.17 2 0
github.com/opendatahub-io/opendatahub-operator/v2/pkg/feature/feature_data.go:20.17,22.4 1 0
github.com/opendatahub-io/opendatahub-operator/v2/pkg/feature/feature_data.go:24.3,24.26 1 0
github.com/opendatahub-io/opendatahub-operator/v2/pkg/feature/feature_data.go:45.66,46.37 1 0
github.com/opendatahub-io/opendatahub-operator/v2/pkg/feature/feature_data.go:46.37,48.3 1 0
github.com/opendatahub-io/opendatahub-operator/v2/pkg/feature/feature_data.go:52.41,54.2 1 0
github.com/opendatahub-io/opendatahub-operator/v2/pkg/feature/feature_data.go:57.52,62.12 4 0
github.com/opendatahub-io/opendatahub-operator/v2/pkg/feature/feature_data.go:62.12,64.3 1 0
github.com/opendatahub-io/opendatahub-operator/v2/pkg/feature/feature_data.go:66.2,67.9 2 0
github.com/opendatahub-io/opendatahub-operator/v2/pkg/feature/feature_data.go:67.9,69.3 1 0
github.com/opendatahub-io/opendatahub-operator/v2/pkg/feature/feature_data.go:71.2,71.18 1 0
github.com/opendatahub-io/opendatahub-operator/v2/pkg/feature/feature_data.go:75.51,76.19 1 0
github.com/opendatahub-io/opendatahub-operator/v2/pkg/feature/feature_data.go:76.19,78.3 1 0
github.com/opendatahub-io/opendatahub-operator/v2/pkg/feature/feature_data.go:80.2,82.12 2 0
github.com/opendatahub-io/opendatahub-operator/v2/pkg/feature/feature_tracker_handler.go:23.51,25.2 1 0
github.com/opendatahub-io/opendatahub-operator/v2/pkg/feature/feature_tracker_handler.go:27.51,29.2 1 0
github.com/opendatahub-io/opendatahub-operator/v2/pkg/feature/feature_tracker_handler.go:33.85,35.42 2 0
github.com/opendatahub-io/opendatahub-operator/v2/pkg/feature/feature_tracker_handler.go:35.42,37.3 1 0
github.com/opendatahub-io/opendatahub-operator/v2/pkg/feature/feature_tracker_handler.go:39.2,39.31 1 0
github.com/opendatahub-io/opendatahub-operator/v2/pkg/feature/feature_tracker_handler.go:39.31,41.3 1 0
github.com/opendatahub-io/opendatahub-operator/v2/pkg/feature/feature_tracker_handler.go:43.2,48.20 2 0
github.com/opendatahub-io/opendatahub-operator/v2/pkg/feature/feature_tracker_handler.go:48.20,50.19 2 0
github.com/opendatahub-io/opendatahub-operator/v2/pkg/feature/feature_tracker_handler.go:50.19,52.4 1 0
github.com/opendatahub-io/opendatahub-operator/v2/pkg/feature/feature_tracker_handler.go:52.9,54.4 1 0
github.com/opendatahub-io/opendatahub-operator/v2/pkg/feature/feature_tracker_handler.go:56.3,56.85 1 0
github.com/opendatahub-io/opendatahub-operator/v2/pkg/feature/feature_tracker_handler.go:56.85,58.4 1 0
github.com/opendatahub-io/opendatahub-operator/v2/pkg/feature/feature_tracker_handler.go:61.2,61.31 1 0
github.com/opendatahub-io/opendatahub-operator/v2/pkg/feature/feature_tracker_handler.go:61.31,62.62 1 0
github.com/opendatahub-io/opendatahub-operator/v2/pkg/feature/feature_tracker_handler.go:62.62,64.4 1 0
github.com/opendatahub-io/opendatahub-operator/v2/pkg/feature/feature_tracker_handler.go:65.8,66.62 1 0
github.com/opendatahub-io/opendatahub-operator/v2/pkg/feature/feature_tracker_handler.go:66.62,68.4 1 0
github.com/opendatahub-io/opendatahub-operator/v2/pkg/feature/feature_tracker_handler.go:71.2,71.66 1 0
github.com/opendatahub-io/opendatahub-operator/v2/pkg/feature/feature_tracker_handler.go:71.66,73.3 1 0
github.com/opendatahub-io/opendatahub-operator/v2/pkg/feature/feature_tracker_handler.go:75.2,77.12 2 0
github.com/opendatahub-io/opendatahub-operator/v2/pkg/feature/feature_tracker_handler.go:81.51,82.60 1 0
github.com/opendatahub-io/opendatahub-operator/v2/pkg/feature/feature_tracker_handler.go:82.60,84.31 2 0
github.com/opendatahub-io/opendatahub-operator/v2/pkg/feature/feature_tracker_handler.go:84.31,86.119 1 0
github.com/opendatahub-io/opendatahub-operator/v2/pkg/feature/feature_tracker_handler.go:86.119,88.5 1 0
github.com/opendatahub-io/opendatahub-operator/v2/pkg/feature/feature_tracker_handler.go:88.10,90.5 1 0
github.com/opendatahub-io/opendatahub-operator/v2/pkg/feature/feature_tracker_handler.go:93.3,93.31 1 0
github.com/opendatahub-io/opendatahub-operator/v2/pkg/feature/feature_tracker_handler.go:93.31,95.4 1 0
github.com/opendatahub-io/opendatahub-operator/v2/pkg/feature/feature_tracker_handler.go:97.3,97.13 1 0
github.com/opendatahub-io/opendatahub-operator/v2/pkg/feature/feature_tracker_handler.go:101.130,104.89 2 0
github.com/opendatahub-io/opendatahub-operator/v2/pkg/feature/feature_tracker_handler.go:104.89,106.3 1 0
github.com/opendatahub-io/opendatahub-operator/v2/pkg/feature/feature_tracker_handler.go:108.2,108.21 1 0
github.com/opendatahub-io/opendatahub-operator/v2/pkg/feature/feature_tracker_handler.go:111.69,114.16 2 0
github.com/opendatahub-io/opendatahub-operator/v2/pkg/feature/feature_tracker_handler.go:114.16,116.3 1 0
github.com/opendatahub-io/opendatahub-operator/v2/pkg/feature/feature_tracker_handler.go:117.2,117.17 1 0
github.com/opendatahub-io/opendatahub-operator/v2/pkg/feature/feature_tracker_handler.go:117.17,119.3 1 0
github.com/opendatahub-io/opendatahub-operator/v2/pkg/feature/feature_tracker_handler.go:121.2,123.12 2 0
github.com/opendatahub-io/opendatahub-operator/v2/pkg/feature/feature_tracker_handler.go:126.116,127.115 1 0
github.com/opendatahub-io/opendatahub-operator/v2/pkg/feature/feature_tracker_handler.go:127.115,128.61 1 0
github.com/opendatahub-io/opendatahub-operator/v2/pkg/feature/feature_tracker_handler.go:128.61,131.4 2 0
github.com/opendatahub-io/opendatahub-operator/v2/pkg/feature/feature_tracker_handler.go:132.3,132.17 1 0
github.com/opendatahub-io/opendatahub-operator/v2/pkg/feature/feature_tracker_handler.go:132.17,135.37 3 0
github.com/opendatahub-io/opendatahub-operator/v2/pkg/feature/feature_tracker_handler.go:135.37,137.5 1 0
github.com/opendatahub-io/opendatahub-operator/v2/pkg/feature/feature_tracker_handler.go:138.4,138.61 1 0
github.com/opendatahub-io/opendatahub-operator/v2/pkg/feature/feature_tracker_handler.go:138.61,141.5 2 0
github.com/opendatahub-io/opendatahub-operator/v2/pkg/feature/feature_tracker_handler.go:144.3,144.26 1 0
github.com/opendatahub-io/opendatahub-operator/v2/pkg/feature/handler.go:43.67,46.26 2 0
github.com/opendatahub-io/opendatahub-operator/v2/pkg/feature/handler.go:46.26,56.3 4 0
github.com/opendatahub-io/opendatahub-operator/v2/pkg/feature/handler.go:58.2,58.30 1 0
github.com/opendatahub-io/opendatahub-operator/v2/pkg/feature/handler.go:61.80,64.56 2 0
github.com/opendatahub-io/opendatahub-operator/v2/pkg/feature/handler.go:64.56,65.46 1 0
github.com/opendatahub-io/opendatahub-operator/v2/pkg/feature/handler.go:65.46,67.4 1 0
github.com/opendatahub-io/opendatahub-operator/v2/pkg/feature/handler.go:70.2,71.32 2 0
github.com/opendatahub-io/opendatahub-operator/v2/pkg/feature/handler.go:71.32,72.53 1 0
github.com/opendatahub-io/opendatahub-operator/v2/pkg/feature/handler.go:72.53,74.4 1 0
github.com/opendatahub-io/opendatahub-operator/v2/pkg/feature/handler.go:77.2,77.30 1 0
github.com/opendatahub-io/opendatahub-operator/v2/pkg/feature/handler.go:82.81,85.56 2 0
github.com/opendatahub-io/opendatahub-operator/v2/pkg/feature/handler.go:85.56,86.46 1 0
github.com/opendatahub-io/opendatahub-operator/v2/pkg/feature/handler.go:86.46,88.4 1 0
github.com/opendatahub-io/opendatahub-operator/v2/pkg/feature/handler.go:91.2,92.45 2 0
github.com/opendatahub-io/opendatahub-operator/v2/pkg/feature/handler.go:92.45,93.72 1 0
github.com/opendatahub-io/opendatahub-operator/v2/pkg/feature/handler.go:93.72,95.4 1 0
github.com/opendatahub-io/opendatahub-operator/v2/pkg/feature/handler.go:98.2,98.30 1 0
github.com/opendatahub-io/opendatahub-operator/v2/pkg/feature/handler.go:105.103,112.2 1 0
github.com/opendatahub-io/opendatahub-operator/v2/pkg/feature/handler.go:114.133,122.2 1 0
github.com/opendatahub-io/opendatahub-operator/v2/pkg/feature/handler.go:139.126,144.2 1 0
github.com/opendatahub-io/opendatahub-operator/v2/pkg/feature/handler.go:146.85,152.2 3 0
github.com/opendatahub-io/opendatahub-operator/v2/pkg/feature/handler.go:154.86,160.2 3 0
github.com/opendatahub-io/opendatahub-operator/v2/pkg/feature/resources.go:13.58,14.72 1 0
github.com/opendatahub-io/opendatahub-operator/v2/pkg/feature/resources.go:14.72,18.3 2 0
github.com/opendatahub-io/opendatahub-operator/v2/pkg/feature/provider/types.go:21.57,23.2 1 3
github.com/opendatahub-io/opendatahub-operator/v2/pkg/feature/provider/types.go:44.88,46.2 1 2
github.com/opendatahub-io/opendatahub-operator/v2/pkg/feature/provider/types.go:49.47,51.2 1 5
github.com/opendatahub-io/opendatahub-operator/v2/pkg/feature/provider/types.go:54.73,55.41 1 2
github.com/opendatahub-io/opendatahub-operator/v2/pkg/feature/provider/types.go:55.41,57.3 1 2
github.com/opendatahub-io/opendatahub-operator/v2/pkg/feature/provider/types.go:59.2,59.14 1 2
github.com/opendatahub-io/opendatahub-operator/v2/pkg/feature/provider/types.go:63.92,64.41 1 1
github.com/opendatahub-io/opendatahub-operator/v2/pkg/feature/provider/types.go:64.41,66.3 1 1
github.com/opendatahub-io/opendatahub-operator/v2/pkg/feature/provider/types.go:68.2,68.14 1 0
