mode: atomic
github.com/opendatahub-io/opendatahub-operator/v2/internal/controller/components/feastoperator/feastoperator.go:27.13,29.2 1 1
github.com/opendatahub-io/opendatahub-operator/v2/internal/controller/components/feastoperator/feastoperator.go:31.45,33.2 1 1
github.com/opendatahub-io/opendatahub-operator/v2/internal/controller/components/feastoperator/feastoperator.go:35.93,51.2 1 1
github.com/opendatahub-io/opendatahub-operator/v2/internal/controller/components/feastoperator/feastoperator.go:53.58,54.101 1 0
github.com/opendatahub-io/opendatahub-operator/v2/internal/controller/components/feastoperator/feastoperator.go:54.101,56.3 1 0
github.com/opendatahub-io/opendatahub-operator/v2/internal/controller/components/feastoperator/feastoperator.go:58.2,58.12 1 0
github.com/opendatahub-io/opendatahub-operator/v2/internal/controller/components/feastoperator/feastoperator.go:61.74,63.2 1 7
github.com/opendatahub-io/opendatahub-operator/v2/internal/controller/components/feastoperator/feastoperator.go:65.130,71.106 4 4
github.com/opendatahub-io/opendatahub-operator/v2/internal/controller/components/feastoperator/feastoperator.go:71.106,73.3 1 0
github.com/opendatahub-io/opendatahub-operator/v2/internal/controller/components/feastoperator/feastoperator.go:75.2,76.9 2 4
github.com/opendatahub-io/opendatahub-operator/v2/internal/controller/components/feastoperator/feastoperator.go:76.9,78.3 1 0
github.com/opendatahub-io/opendatahub-operator/v2/internal/controller/components/feastoperator/feastoperator.go:80.2,88.22 6 4
github.com/opendatahub-io/opendatahub-operator/v2/internal/controller/components/feastoperator/feastoperator.go:88.22,92.96 3 2
github.com/opendatahub-io/opendatahub-operator/v2/internal/controller/components/feastoperator/feastoperator.go:92.96,95.4 2 2
github.com/opendatahub-io/opendatahub-operator/v2/internal/controller/components/feastoperator/feastoperator.go:95.9,97.4 1 0
github.com/opendatahub-io/opendatahub-operator/v2/internal/controller/components/feastoperator/feastoperator.go:98.8,105.3 1 2
github.com/opendatahub-io/opendatahub-operator/v2/internal/controller/components/feastoperator/feastoperator.go:107.2,107.16 1 4
github.com/opendatahub-io/opendatahub-operator/v2/internal/controller/components/feastoperator/feastoperator_controller.go:25.96,62.16 2 0
github.com/opendatahub-io/opendatahub-operator/v2/internal/controller/components/feastoperator/feastoperator_controller.go:62.16,64.3 1 0
github.com/opendatahub-io/opendatahub-operator/v2/internal/controller/components/feastoperator/feastoperator_controller.go:66.2,66.12 1 0
github.com/opendatahub-io/opendatahub-operator/v2/internal/controller/components/feastoperator/feastoperator_controller_actions.go:12.80,15.2 2 0
github.com/opendatahub-io/opendatahub-operator/v2/internal/controller/components/feastoperator/feastoperator_controller_actions.go:17.78,19.9 2 0
github.com/opendatahub-io/opendatahub-operator/v2/internal/controller/components/feastoperator/feastoperator_controller_actions.go:19.9,21.3 1 0
github.com/opendatahub-io/opendatahub-operator/v2/internal/controller/components/feastoperator/feastoperator_controller_actions.go:23.2,23.40 1 0
github.com/opendatahub-io/opendatahub-operator/v2/internal/controller/components/feastoperator/feastoperator_controller_actions.go:23.40,25.3 1 0
github.com/opendatahub-io/opendatahub-operator/v2/internal/controller/components/feastoperator/feastoperator_controller_actions.go:26.2,26.53 1 0
github.com/opendatahub-io/opendatahub-operator/v2/internal/controller/components/feastoperator/feastoperator_controller_actions.go:26.53,28.89 2 0
github.com/opendatahub-io/opendatahub-operator/v2/internal/controller/components/feastoperator/feastoperator_controller_actions.go:28.89,30.4 1 0
github.com/opendatahub-io/opendatahub-operator/v2/internal/controller/components/feastoperator/feastoperator_controller_actions.go:31.3,31.38 1 0
github.com/opendatahub-io/opendatahub-operator/v2/internal/controller/components/feastoperator/feastoperator_controller_actions.go:31.38,35.4 3 0
github.com/opendatahub-io/opendatahub-operator/v2/internal/controller/components/feastoperator/feastoperator_controller_actions.go:37.2,37.12 1 0
github.com/opendatahub-io/opendatahub-operator/v2/internal/controller/components/feastoperator/feastoperator_support.go:34.57,40.2 1 0
github.com/opendatahub-io/opendatahub-operator/v2/internal/controller/services/certconfigmapgenerator/certconfigmapgenerator.go:20.13,22.2 1 1
github.com/opendatahub-io/opendatahub-operator/v2/internal/controller/services/certconfigmapgenerator/certconfigmapgenerator.go:27.56,29.2 1 0
github.com/opendatahub-io/opendatahub-operator/v2/internal/controller/services/certconfigmapgenerator/certconfigmapgenerator.go:31.43,33.2 1 0
github.com/opendatahub-io/opendatahub-operator/v2/internal/controller/services/certconfigmapgenerator/certconfigmapgenerator.go:35.120,37.2 1 0
github.com/opendatahub-io/opendatahub-operator/v2/internal/controller/services/certconfigmapgenerator/certconfigmapgenerator.go:39.85,40.49 1 0
github.com/opendatahub-io/opendatahub-operator/v2/internal/controller/services/certconfigmapgenerator/certconfigmapgenerator.go:40.49,42.3 1 0
github.com/opendatahub-io/opendatahub-operator/v2/internal/controller/services/certconfigmapgenerator/certconfigmapgenerator.go:44.2,44.12 1 0
github.com/opendatahub-io/opendatahub-operator/v2/internal/controller/services/certconfigmapgenerator/certconfigmapgenerator_controller.go:39.64,56.47 2 1
github.com/opendatahub-io/opendatahub-operator/v2/internal/controller/services/certconfigmapgenerator/certconfigmapgenerator_controller.go:56.47,57.82 1 6
github.com/opendatahub-io/opendatahub-operator/v2/internal/controller/services/certconfigmapgenerator/certconfigmapgenerator_controller.go:57.82,59.5 1 6
github.com/opendatahub-io/opendatahub-operator/v2/internal/controller/services/certconfigmapgenerator/certconfigmapgenerator_controller.go:61.4,61.18 1 6
github.com/opendatahub-io/opendatahub-operator/v2/internal/controller/services/certconfigmapgenerator/certconfigmapgenerator_controller.go:65.2,65.16 1 1
github.com/opendatahub-io/opendatahub-operator/v2/internal/controller/services/certconfigmapgenerator/certconfigmapgenerator_controller.go:65.16,67.3 1 0
github.com/opendatahub-io/opendatahub-operator/v2/internal/controller/services/certconfigmapgenerator/certconfigmapgenerator_controller.go:69.2,70.16 2 1
github.com/opendatahub-io/opendatahub-operator/v2/internal/controller/services/certconfigmapgenerator/certconfigmapgenerator_controller.go:70.16,72.3 1 0
github.com/opendatahub-io/opendatahub-operator/v2/internal/controller/services/certconfigmapgenerator/certconfigmapgenerator_controller.go:75.2,91.16 2 1
github.com/opendatahub-io/opendatahub-operator/v2/internal/controller/services/certconfigmapgenerator/certconfigmapgenerator_controller.go:91.16,93.3 1 0
github.com/opendatahub-io/opendatahub-operator/v2/internal/controller/services/certconfigmapgenerator/certconfigmapgenerator_controller.go:95.2,136.79 5 1
github.com/opendatahub-io/opendatahub-operator/v2/internal/controller/services/certconfigmapgenerator/certconfigmapgenerator_controller.go:136.79,142.5 1 6
github.com/opendatahub-io/opendatahub-operator/v2/internal/controller/services/certconfigmapgenerator/certconfigmapgenerator_controller.go:149.2,162.3 2 1
github.com/opendatahub-io/opendatahub-operator/v2/internal/controller/services/certconfigmapgenerator/certconfigmapgenerator_controller.go:167.118,170.36 2 45
github.com/opendatahub-io/opendatahub-operator/v2/internal/controller/services/certconfigmapgenerator/certconfigmapgenerator_controller.go:170.36,173.3 2 0
github.com/opendatahub-io/opendatahub-operator/v2/internal/controller/services/certconfigmapgenerator/certconfigmapgenerator_controller.go:175.2,175.37 1 45
github.com/opendatahub-io/opendatahub-operator/v2/internal/controller/services/certconfigmapgenerator/certconfigmapgenerator_controller.go:175.37,178.3 2 24
github.com/opendatahub-io/opendatahub-operator/v2/internal/controller/services/certconfigmapgenerator/certconfigmapgenerator_controller.go:180.2,181.9 2 21
github.com/opendatahub-io/opendatahub-operator/v2/internal/controller/services/certconfigmapgenerator/certconfigmapgenerator_controller.go:182.30,183.28 1 3
github.com/opendatahub-io/opendatahub-operator/v2/internal/controller/services/certconfigmapgenerator/certconfigmapgenerator_controller.go:184.18,185.84 1 0
github.com/opendatahub-io/opendatahub-operator/v2/internal/controller/services/certconfigmapgenerator/certconfigmapgenerator_controller.go:188.2,188.9 1 18
github.com/opendatahub-io/opendatahub-operator/v2/internal/controller/services/certconfigmapgenerator/certconfigmapgenerator_controller.go:189.40,192.87 2 3
github.com/opendatahub-io/opendatahub-operator/v2/internal/controller/services/certconfigmapgenerator/certconfigmapgenerator_controller.go:192.87,194.4 1 0
github.com/opendatahub-io/opendatahub-operator/v2/internal/controller/services/certconfigmapgenerator/certconfigmapgenerator_controller.go:196.40,199.87 2 6
github.com/opendatahub-io/opendatahub-operator/v2/internal/controller/services/certconfigmapgenerator/certconfigmapgenerator_controller.go:199.87,201.4 1 0
github.com/opendatahub-io/opendatahub-operator/v2/internal/controller/services/certconfigmapgenerator/certconfigmapgenerator_controller.go:203.71,206.87 2 2
github.com/opendatahub-io/opendatahub-operator/v2/internal/controller/services/certconfigmapgenerator/certconfigmapgenerator_controller.go:206.87,208.4 1 0
github.com/opendatahub-io/opendatahub-operator/v2/internal/controller/services/certconfigmapgenerator/certconfigmapgenerator_controller.go:210.73,211.112 1 1
github.com/opendatahub-io/opendatahub-operator/v2/internal/controller/services/certconfigmapgenerator/certconfigmapgenerator_controller.go:213.10,216.129 2 6
github.com/opendatahub-io/opendatahub-operator/v2/internal/controller/services/certconfigmapgenerator/certconfigmapgenerator_controller.go:216.129,218.4 1 0
github.com/opendatahub-io/opendatahub-operator/v2/internal/controller/services/certconfigmapgenerator/certconfigmapgenerator_controller.go:221.2,221.27 1 18
github.com/opendatahub-io/opendatahub-operator/v2/internal/controller/services/certconfigmapgenerator/certconfigmapgenerator_support.go:36.125,69.16 4 6
github.com/opendatahub-io/opendatahub-operator/v2/internal/controller/services/certconfigmapgenerator/certconfigmapgenerator_support.go:69.16,71.3 1 0
github.com/opendatahub-io/opendatahub-operator/v2/internal/controller/services/certconfigmapgenerator/certconfigmapgenerator_support.go:73.2,73.12 1 6
github.com/opendatahub-io/opendatahub-operator/v2/internal/controller/services/certconfigmapgenerator/certconfigmapgenerator_support.go:76.104,84.43 3 11
github.com/opendatahub-io/opendatahub-operator/v2/internal/controller/services/certconfigmapgenerator/certconfigmapgenerator_support.go:84.43,86.3 1 0
github.com/opendatahub-io/opendatahub-operator/v2/internal/controller/services/certconfigmapgenerator/certconfigmapgenerator_support.go:88.2,88.12 1 11
github.com/opendatahub-io/opendatahub-operator/v2/internal/controller/services/certconfigmapgenerator/certconfigmapgenerator_support.go:91.58,93.12 2 23
github.com/opendatahub-io/opendatahub-operator/v2/internal/controller/services/certconfigmapgenerator/certconfigmapgenerator_support.go:93.12,95.3 1 10
github.com/opendatahub-io/opendatahub-operator/v2/internal/controller/services/certconfigmapgenerator/certconfigmapgenerator_support.go:97.2,98.16 2 13
github.com/opendatahub-io/opendatahub-operator/v2/internal/controller/services/certconfigmapgenerator/certconfigmapgenerator_support.go:98.16,100.3 1 1
github.com/opendatahub-io/opendatahub-operator/v2/internal/controller/services/certconfigmapgenerator/certconfigmapgenerator_support.go:102.2,102.21 1 12
github.com/opendatahub-io/opendatahub-operator/v2/internal/controller/services/certconfigmapgenerator/certconfigmapgenerator_support.go:114.63,115.109 1 1
github.com/opendatahub-io/opendatahub-operator/v2/internal/controller/services/certconfigmapgenerator/certconfigmapgenerator_support.go:115.109,122.7 3 9
github.com/opendatahub-io/opendatahub-operator/v2/internal/controller/services/certconfigmapgenerator/certconfigmapgenerator_support.go:122.7,125.58 2 9
github.com/opendatahub-io/opendatahub-operator/v2/internal/controller/services/certconfigmapgenerator/certconfigmapgenerator_support.go:125.58,127.5 1 0
github.com/opendatahub-io/opendatahub-operator/v2/internal/controller/services/certconfigmapgenerator/certconfigmapgenerator_support.go:129.4,129.40 1 9
github.com/opendatahub-io/opendatahub-operator/v2/internal/controller/services/certconfigmapgenerator/certconfigmapgenerator_support.go:129.40,133.5 1 54
github.com/opendatahub-io/opendatahub-operator/v2/internal/controller/services/certconfigmapgenerator/certconfigmapgenerator_support.go:135.4,135.33 1 9
github.com/opendatahub-io/opendatahub-operator/v2/internal/controller/services/certconfigmapgenerator/certconfigmapgenerator_support.go:135.33,136.10 1 9
github.com/opendatahub-io/opendatahub-operator/v2/internal/controller/services/certconfigmapgenerator/certconfigmapgenerator_support.go:139.4,139.37 1 0
github.com/opendatahub-io/opendatahub-operator/v2/internal/controller/services/certconfigmapgenerator/certconfigmapgenerator_support.go:142.3,142.18 1 9
github.com/opendatahub-io/opendatahub-operator/v2/internal/controller/services/certconfigmapgenerator/certconfigmapgenerator_support.go:157.54,159.46 1 1
github.com/opendatahub-io/opendatahub-operator/v2/internal/controller/services/certconfigmapgenerator/certconfigmapgenerator_support.go:159.46,161.4 1 1
github.com/opendatahub-io/opendatahub-operator/v2/internal/controller/services/certconfigmapgenerator/certconfigmapgenerator_support.go:163.46,165.11 2 4
github.com/opendatahub-io/opendatahub-operator/v2/internal/controller/services/certconfigmapgenerator/certconfigmapgenerator_support.go:165.11,167.5 1 0
github.com/opendatahub-io/opendatahub-operator/v2/internal/controller/services/certconfigmapgenerator/certconfigmapgenerator_support.go:168.4,169.11 2 4
github.com/opendatahub-io/opendatahub-operator/v2/internal/controller/services/certconfigmapgenerator/certconfigmapgenerator_support.go:169.11,171.5 1 0
github.com/opendatahub-io/opendatahub-operator/v2/internal/controller/services/certconfigmapgenerator/certconfigmapgenerator_support.go:173.4,173.89 1 4
github.com/opendatahub-io/opendatahub-operator/v2/internal/controller/services/certconfigmapgenerator/certconfigmapgenerator_support.go:176.56,178.4 1 0
