mode: atomic
github.com/opendatahub-io/opendatahub-operator/v2/pkg/controller/actions/render/template/action_render_templates.go:42.41,43.30 1 5
github.com/opendatahub-io/opendatahub-operator/v2/pkg/controller/actions/render/template/action_render_templates.go:43.30,45.3 1 5
github.com/opendatahub-io/opendatahub-operator/v2/pkg/controller/actions/render/template/action_render_templates.go:48.47,49.30 1 1
github.com/opendatahub-io/opendatahub-operator/v2/pkg/controller/actions/render/template/action_render_templates.go:49.30,50.26 1 1
github.com/opendatahub-io/opendatahub-operator/v2/pkg/controller/actions/render/template/action_render_templates.go:50.26,52.4 1 3
github.com/opendatahub-io/opendatahub-operator/v2/pkg/controller/actions/render/template/action_render_templates.go:56.112,57.30 1 2
github.com/opendatahub-io/opendatahub-operator/v2/pkg/controller/actions/render/template/action_render_templates.go:57.30,59.3 1 2
github.com/opendatahub-io/opendatahub-operator/v2/pkg/controller/actions/render/template/action_render_templates.go:62.54,63.25 1 2
github.com/opendatahub-io/opendatahub-operator/v2/pkg/controller/actions/render/template/action_render_templates.go:63.25,65.3 1 2
github.com/opendatahub-io/opendatahub-operator/v2/pkg/controller/actions/render/template/action_render_templates.go:68.54,69.25 1 1
github.com/opendatahub-io/opendatahub-operator/v2/pkg/controller/actions/render/template/action_render_templates.go:69.25,71.3 1 1
github.com/opendatahub-io/opendatahub-operator/v2/pkg/controller/actions/render/template/action_render_templates.go:74.59,75.25 1 2
github.com/opendatahub-io/opendatahub-operator/v2/pkg/controller/actions/render/template/action_render_templates.go:75.25,77.3 1 2
github.com/opendatahub-io/opendatahub-operator/v2/pkg/controller/actions/render/template/action_render_templates.go:80.59,81.25 1 1
github.com/opendatahub-io/opendatahub-operator/v2/pkg/controller/actions/render/template/action_render_templates.go:81.25,83.3 1 1
github.com/opendatahub-io/opendatahub-operator/v2/pkg/controller/actions/render/template/action_render_templates.go:86.82,88.2 1 10
github.com/opendatahub-io/opendatahub-operator/v2/pkg/controller/actions/render/template/action_render_templates.go:90.125,92.16 2 10
github.com/opendatahub-io/opendatahub-operator/v2/pkg/controller/actions/render/template/action_render_templates.go:92.16,94.3 1 0
github.com/opendatahub-io/opendatahub-operator/v2/pkg/controller/actions/render/template/action_render_templates.go:96.2,96.19 1 10
github.com/opendatahub-io/opendatahub-operator/v2/pkg/controller/actions/render/template/action_render_templates.go:96.19,102.3 4 10
github.com/opendatahub-io/opendatahub-operator/v2/pkg/controller/actions/render/template/action_render_templates.go:104.2,104.15 1 10
github.com/opendatahub-io/opendatahub-operator/v2/pkg/controller/actions/render/template/action_render_templates.go:107.115,112.30 3 9
github.com/opendatahub-io/opendatahub-operator/v2/pkg/controller/actions/render/template/action_render_templates.go:112.30,114.17 2 2
github.com/opendatahub-io/opendatahub-operator/v2/pkg/controller/actions/render/template/action_render_templates.go:114.17,116.4 1 1
github.com/opendatahub-io/opendatahub-operator/v2/pkg/controller/actions/render/template/action_render_templates.go:118.3,118.26 1 1
github.com/opendatahub-io/opendatahub-operator/v2/pkg/controller/actions/render/template/action_render_templates.go:121.2,128.30 5 8
github.com/opendatahub-io/opendatahub-operator/v2/pkg/controller/actions/render/template/action_render_templates.go:128.30,130.17 2 9
github.com/opendatahub-io/opendatahub-operator/v2/pkg/controller/actions/render/template/action_render_templates.go:130.17,132.4 1 0
github.com/opendatahub-io/opendatahub-operator/v2/pkg/controller/actions/render/template/action_render_templates.go:134.3,136.38 2 9
github.com/opendatahub-io/opendatahub-operator/v2/pkg/controller/actions/render/template/action_render_templates.go:136.38,139.18 3 10
github.com/opendatahub-io/opendatahub-operator/v2/pkg/controller/actions/render/template/action_render_templates.go:139.18,141.5 1 0
github.com/opendatahub-io/opendatahub-operator/v2/pkg/controller/actions/render/template/action_render_templates.go:143.4,144.18 2 10
github.com/opendatahub-io/opendatahub-operator/v2/pkg/controller/actions/render/template/action_render_templates.go:144.18,146.5 1 0
github.com/opendatahub-io/opendatahub-operator/v2/pkg/controller/actions/render/template/action_render_templates.go:148.4,148.33 1 10
github.com/opendatahub-io/opendatahub-operator/v2/pkg/controller/actions/render/template/action_render_templates.go:152.2,152.20 1 8
github.com/opendatahub-io/opendatahub-operator/v2/pkg/controller/actions/render/template/action_render_templates.go:155.47,164.27 2 6
github.com/opendatahub-io/opendatahub-operator/v2/pkg/controller/actions/render/template/action_render_templates.go:164.27,166.3 1 14
github.com/opendatahub-io/opendatahub-operator/v2/pkg/controller/actions/render/template/action_render_templates.go:168.2,168.18 1 6
github.com/opendatahub-io/opendatahub-operator/v2/pkg/controller/actions/render/template/action_render_templates.go:168.18,170.3 1 1
github.com/opendatahub-io/opendatahub-operator/v2/pkg/controller/actions/render/template/action_render_templates.go:172.2,172.19 1 6
