mode: atomic
github.com/opendatahub-io/opendatahub-operator/v2/internal/controller/components/ray/ray.go:27.13,29.2 1 1
github.com/opendatahub-io/opendatahub-operator/v2/internal/controller/components/ray/ray.go:31.45,33.2 1 1
github.com/opendatahub-io/opendatahub-operator/v2/internal/controller/components/ray/ray.go:35.93,51.2 1 1
github.com/opendatahub-io/opendatahub-operator/v2/internal/controller/components/ray/ray.go:53.58,54.100 1 0
github.com/opendatahub-io/opendatahub-operator/v2/internal/controller/components/ray/ray.go:54.100,56.3 1 0
github.com/opendatahub-io/opendatahub-operator/v2/internal/controller/components/ray/ray.go:58.2,58.12 1 0
github.com/opendatahub-io/opendatahub-operator/v2/internal/controller/components/ray/ray.go:61.74,63.2 1 7
github.com/opendatahub-io/opendatahub-operator/v2/internal/controller/components/ray/ray.go:65.130,71.106 4 4
github.com/opendatahub-io/opendatahub-operator/v2/internal/controller/components/ray/ray.go:71.106,73.3 1 0
github.com/opendatahub-io/opendatahub-operator/v2/internal/controller/components/ray/ray.go:75.2,76.9 2 4
github.com/opendatahub-io/opendatahub-operator/v2/internal/controller/components/ray/ray.go:76.9,78.3 1 0
github.com/opendatahub-io/opendatahub-operator/v2/internal/controller/components/ray/ray.go:80.2,88.22 6 4
github.com/opendatahub-io/opendatahub-operator/v2/internal/controller/components/ray/ray.go:88.22,92.96 3 2
github.com/opendatahub-io/opendatahub-operator/v2/internal/controller/components/ray/ray.go:92.96,95.4 2 2
github.com/opendatahub-io/opendatahub-operator/v2/internal/controller/components/ray/ray.go:95.9,97.4 1 0
github.com/opendatahub-io/opendatahub-operator/v2/internal/controller/components/ray/ray.go:98.8,105.3 1 2
github.com/opendatahub-io/opendatahub-operator/v2/internal/controller/components/ray/ray.go:107.2,107.16 1 4
github.com/opendatahub-io/opendatahub-operator/v2/internal/controller/components/ray/ray_controller.go:42.96,80.16 2 0
github.com/opendatahub-io/opendatahub-operator/v2/internal/controller/components/ray/ray_controller.go:80.16,82.3 1 0
github.com/opendatahub-io/opendatahub-operator/v2/internal/controller/components/ray/ray_controller.go:84.2,84.12 1 0
github.com/opendatahub-io/opendatahub-operator/v2/internal/controller/components/ray/ray_controller_actions.go:28.80,31.158 2 0
github.com/opendatahub-io/opendatahub-operator/v2/internal/controller/components/ray/ray_controller_actions.go:31.158,33.3 1 0
github.com/opendatahub-io/opendatahub-operator/v2/internal/controller/components/ray/ray_controller_actions.go:34.2,34.12 1 0
github.com/opendatahub-io/opendatahub-operator/v2/internal/controller/components/ray/ray_controller_actions.go:37.78,39.9 2 0
github.com/opendatahub-io/opendatahub-operator/v2/internal/controller/components/ray/ray_controller_actions.go:39.9,41.3 1 0
github.com/opendatahub-io/opendatahub-operator/v2/internal/controller/components/ray/ray_controller_actions.go:43.2,43.30 1 0
github.com/opendatahub-io/opendatahub-operator/v2/internal/controller/components/ray/ray_controller_actions.go:43.30,45.3 1 0
github.com/opendatahub-io/opendatahub-operator/v2/internal/controller/components/ray/ray_controller_actions.go:48.2,48.43 1 0
github.com/opendatahub-io/opendatahub-operator/v2/internal/controller/components/ray/ray_controller_actions.go:48.43,50.89 2 0
github.com/opendatahub-io/opendatahub-operator/v2/internal/controller/components/ray/ray_controller_actions.go:50.89,52.4 1 0
github.com/opendatahub-io/opendatahub-operator/v2/internal/controller/components/ray/ray_controller_actions.go:53.3,53.38 1 0
github.com/opendatahub-io/opendatahub-operator/v2/internal/controller/components/ray/ray_controller_actions.go:53.38,57.4 3 0
github.com/opendatahub-io/opendatahub-operator/v2/internal/controller/components/ray/ray_controller_actions.go:60.2,60.12 1 0
github.com/opendatahub-io/opendatahub-operator/v2/internal/controller/components/ray/ray_support.go:31.40,37.2 1 0
