mode: atomic
github.com/opendatahub-io/opendatahub-operator/v2/pkg/controller/actions/status/deployments/action_deployments_available.go:26.55,27.30 1 2
github.com/opendatahub-io/opendatahub-operator/v2/pkg/controller/actions/status/deployments/action_deployments_available.go:27.30,29.3 1 2
github.com/opendatahub-io/opendatahub-operator/v2/pkg/controller/actions/status/deployments/action_deployments_available.go:32.62,33.30 1 0
github.com/opendatahub-io/opendatahub-operator/v2/pkg/controller/actions/status/deployments/action_deployments_available.go:33.30,34.28 1 0
github.com/opendatahub-io/opendatahub-operator/v2/pkg/controller/actions/status/deployments/action_deployments_available.go:34.28,36.4 1 0
github.com/opendatahub-io/opendatahub-operator/v2/pkg/controller/actions/status/deployments/action_deployments_available.go:40.40,41.30 1 0
github.com/opendatahub-io/opendatahub-operator/v2/pkg/controller/actions/status/deployments/action_deployments_available.go:41.30,42.96 1 0
github.com/opendatahub-io/opendatahub-operator/v2/pkg/controller/actions/status/deployments/action_deployments_available.go:42.96,44.4 1 0
github.com/opendatahub-io/opendatahub-operator/v2/pkg/controller/actions/status/deployments/action_deployments_available.go:48.56,49.30 1 0
github.com/opendatahub-io/opendatahub-operator/v2/pkg/controller/actions/status/deployments/action_deployments_available.go:49.30,50.16 1 0
github.com/opendatahub-io/opendatahub-operator/v2/pkg/controller/actions/status/deployments/action_deployments_available.go:50.16,52.4 1 0
github.com/opendatahub-io/opendatahub-operator/v2/pkg/controller/actions/status/deployments/action_deployments_available.go:53.3,53.26 1 0
github.com/opendatahub-io/opendatahub-operator/v2/pkg/controller/actions/status/deployments/action_deployments_available.go:57.82,59.29 2 4
github.com/opendatahub-io/opendatahub-operator/v2/pkg/controller/actions/status/deployments/action_deployments_available.go:59.29,61.3 1 2
github.com/opendatahub-io/opendatahub-operator/v2/pkg/controller/actions/status/deployments/action_deployments_available.go:63.2,63.36 1 4
github.com/opendatahub-io/opendatahub-operator/v2/pkg/controller/actions/status/deployments/action_deployments_available.go:63.36,65.17 2 2
github.com/opendatahub-io/opendatahub-operator/v2/pkg/controller/actions/status/deployments/action_deployments_available.go:65.17,67.4 1 0
github.com/opendatahub-io/opendatahub-operator/v2/pkg/controller/actions/status/deployments/action_deployments_available.go:69.3,69.51 1 2
github.com/opendatahub-io/opendatahub-operator/v2/pkg/controller/actions/status/deployments/action_deployments_available.go:72.2,73.9 2 4
github.com/opendatahub-io/opendatahub-operator/v2/pkg/controller/actions/status/deployments/action_deployments_available.go:73.9,75.3 1 0
github.com/opendatahub-io/opendatahub-operator/v2/pkg/controller/actions/status/deployments/action_deployments_available.go:77.2,80.16 3 4
github.com/opendatahub-io/opendatahub-operator/v2/pkg/controller/actions/status/deployments/action_deployments_available.go:80.16,82.3 1 0
github.com/opendatahub-io/opendatahub-operator/v2/pkg/controller/actions/status/deployments/action_deployments_available.go:84.2,91.16 2 4
github.com/opendatahub-io/opendatahub-operator/v2/pkg/controller/actions/status/deployments/action_deployments_available.go:91.16,93.3 1 0
github.com/opendatahub-io/opendatahub-operator/v2/pkg/controller/actions/status/deployments/action_deployments_available.go:95.2,96.47 2 4
github.com/opendatahub-io/opendatahub-operator/v2/pkg/controller/actions/status/deployments/action_deployments_available.go:96.47,97.103 1 6
github.com/opendatahub-io/opendatahub-operator/v2/pkg/controller/actions/status/deployments/action_deployments_available.go:97.103,99.4 1 5
github.com/opendatahub-io/opendatahub-operator/v2/pkg/controller/actions/status/deployments/action_deployments_available.go:102.2,106.100 3 4
github.com/opendatahub-io/opendatahub-operator/v2/pkg/controller/actions/status/deployments/action_deployments_available.go:106.100,113.3 1 2
github.com/opendatahub-io/opendatahub-operator/v2/pkg/controller/actions/status/deployments/action_deployments_available.go:115.2,115.12 1 4
github.com/opendatahub-io/opendatahub-operator/v2/pkg/controller/actions/status/deployments/action_deployments_available.go:118.47,124.27 2 4
github.com/opendatahub-io/opendatahub-operator/v2/pkg/controller/actions/status/deployments/action_deployments_available.go:124.27,126.3 1 2
github.com/opendatahub-io/opendatahub-operator/v2/pkg/controller/actions/status/deployments/action_deployments_available.go:128.2,128.19 1 4
