mode: atomic
github.com/opendatahub-io/opendatahub-operator/v2/internal/webhook/dscinitialization/register.go:10.47,14.39 1 2
github.com/opendatahub-io/opendatahub-operator/v2/internal/webhook/dscinitialization/register.go:14.39,16.3 1 0
github.com/opendatahub-io/opendatahub-operator/v2/internal/webhook/dscinitialization/register.go:18.2,18.12 1 2
github.com/opendatahub-io/opendatahub-operator/v2/internal/webhook/dscinitialization/validating.go:40.62,47.2 3 2
github.com/opendatahub-io/opendatahub-operator/v2/internal/webhook/dscinitialization/validating.go:58.91,64.23 4 8
github.com/opendatahub-io/opendatahub-operator/v2/internal/webhook/dscinitialization/validating.go:65.26,66.97 1 5
github.com/opendatahub-io/opendatahub-operator/v2/internal/webhook/dscinitialization/validating.go:67.26,69.89 1 3
github.com/opendatahub-io/opendatahub-operator/v2/internal/webhook/dscinitialization/validating.go:70.10,71.22 1 0
github.com/opendatahub-io/opendatahub-operator/v2/internal/webhook/dscinitialization/validating.go:74.2,74.19 1 8
github.com/opendatahub-io/opendatahub-operator/v2/internal/webhook/dscinitialization/validating.go:74.19,76.3 1 3
github.com/opendatahub-io/opendatahub-operator/v2/internal/webhook/dscinitialization/validating.go:78.2,78.99 1 5
