mode: atomic
github.com/opendatahub-io/opendatahub-operator/v2/pkg/controller/predicates/resources/resources.go:27.61,28.46 1 0
github.com/opendatahub-io/opendatahub-operator/v2/pkg/controller/predicates/resources/resources.go:28.46,30.3 1 0
github.com/opendatahub-io/opendatahub-operator/v2/pkg/controller/predicates/resources/resources.go:32.2,33.9 2 0
github.com/opendatahub-io/opendatahub-operator/v2/pkg/controller/predicates/resources/resources.go:33.9,35.3 1 0
github.com/opendatahub-io/opendatahub-operator/v2/pkg/controller/predicates/resources/resources.go:37.2,38.9 2 0
github.com/opendatahub-io/opendatahub-operator/v2/pkg/controller/predicates/resources/resources.go:38.9,40.3 1 0
github.com/opendatahub-io/opendatahub-operator/v2/pkg/controller/predicates/resources/resources.go:42.2,44.75 1 0
github.com/opendatahub-io/opendatahub-operator/v2/pkg/controller/predicates/resources/resources.go:47.52,49.2 1 0
github.com/opendatahub-io/opendatahub-operator/v2/pkg/controller/predicates/resources/resources.go:51.32,53.46 1 0
github.com/opendatahub-io/opendatahub-operator/v2/pkg/controller/predicates/resources/resources.go:53.46,55.4 1 0
github.com/opendatahub-io/opendatahub-operator/v2/pkg/controller/predicates/resources/resources.go:56.46,58.4 1 0
github.com/opendatahub-io/opendatahub-operator/v2/pkg/controller/predicates/resources/resources.go:59.46,61.4 1 0
github.com/opendatahub-io/opendatahub-operator/v2/pkg/controller/predicates/resources/resources.go:62.48,64.4 1 0
github.com/opendatahub-io/opendatahub-operator/v2/pkg/controller/predicates/resources/resources.go:70.45,74.3 3 0
github.com/opendatahub-io/opendatahub-operator/v2/pkg/controller/predicates/resources/resources.go:78.45,82.3 3 0
github.com/opendatahub-io/opendatahub-operator/v2/pkg/controller/predicates/resources/resources.go:86.45,88.3 1 0
github.com/opendatahub-io/opendatahub-operator/v2/pkg/controller/predicates/resources/resources.go:92.45,94.10 2 0
github.com/opendatahub-io/opendatahub-operator/v2/pkg/controller/predicates/resources/resources.go:94.10,96.4 1 0
github.com/opendatahub-io/opendatahub-operator/v2/pkg/controller/predicates/resources/resources.go:97.3,98.10 2 0
github.com/opendatahub-io/opendatahub-operator/v2/pkg/controller/predicates/resources/resources.go:98.10,100.4 1 0
github.com/opendatahub-io/opendatahub-operator/v2/pkg/controller/predicates/resources/resources.go:102.3,102.73 1 0
github.com/opendatahub-io/opendatahub-operator/v2/pkg/controller/predicates/resources/resources.go:102.73,104.4 1 0
github.com/opendatahub-io/opendatahub-operator/v2/pkg/controller/predicates/resources/resources.go:107.3,109.47 3 0
github.com/opendatahub-io/opendatahub-operator/v2/pkg/controller/predicates/resources/resources.go:109.47,111.4 1 0
github.com/opendatahub-io/opendatahub-operator/v2/pkg/controller/predicates/resources/resources.go:114.3,114.36 1 0
github.com/opendatahub-io/opendatahub-operator/v2/pkg/controller/predicates/resources/resources.go:114.36,115.37 1 0
github.com/opendatahub-io/opendatahub-operator/v2/pkg/controller/predicates/resources/resources.go:115.37,116.27 1 0
github.com/opendatahub-io/opendatahub-operator/v2/pkg/controller/predicates/resources/resources.go:116.27,117.50 1 0
github.com/opendatahub-io/opendatahub-operator/v2/pkg/controller/predicates/resources/resources.go:117.50,119.7 1 0
github.com/opendatahub-io/opendatahub-operator/v2/pkg/controller/predicates/resources/resources.go:123.3,123.15 1 0
github.com/opendatahub-io/opendatahub-operator/v2/pkg/controller/predicates/resources/resources.go:128.45,130.10 2 0
github.com/opendatahub-io/opendatahub-operator/v2/pkg/controller/predicates/resources/resources.go:130.10,132.4 1 0
github.com/opendatahub-io/opendatahub-operator/v2/pkg/controller/predicates/resources/resources.go:133.3,134.10 2 0
github.com/opendatahub-io/opendatahub-operator/v2/pkg/controller/predicates/resources/resources.go:134.10,136.4 1 0
github.com/opendatahub-io/opendatahub-operator/v2/pkg/controller/predicates/resources/resources.go:138.3,138.52 1 0
github.com/opendatahub-io/opendatahub-operator/v2/pkg/controller/predicates/resources/resources.go:140.45,142.3 1 0
github.com/opendatahub-io/opendatahub-operator/v2/pkg/controller/predicates/resources/resources.go:143.45,145.3 1 0
github.com/opendatahub-io/opendatahub-operator/v2/pkg/controller/predicates/resources/resources.go:146.47,148.3 1 0
github.com/opendatahub-io/opendatahub-operator/v2/pkg/controller/predicates/resources/resources.go:151.53,153.46 1 6
github.com/opendatahub-io/opendatahub-operator/v2/pkg/controller/predicates/resources/resources.go:153.46,155.4 1 0
github.com/opendatahub-io/opendatahub-operator/v2/pkg/controller/predicates/resources/resources.go:156.46,158.4 1 0
github.com/opendatahub-io/opendatahub-operator/v2/pkg/controller/predicates/resources/resources.go:159.46,161.4 1 6
github.com/opendatahub-io/opendatahub-operator/v2/pkg/controller/predicates/resources/resources.go:165.60,167.66 1 0
github.com/opendatahub-io/opendatahub-operator/v2/pkg/controller/predicates/resources/resources.go:167.66,169.4 1 0
github.com/opendatahub-io/opendatahub-operator/v2/pkg/controller/predicates/resources/resources.go:170.66,172.4 1 0
github.com/opendatahub-io/opendatahub-operator/v2/pkg/controller/predicates/resources/resources.go:176.70,178.66 1 0
github.com/opendatahub-io/opendatahub-operator/v2/pkg/controller/predicates/resources/resources.go:178.66,180.4 1 0
github.com/opendatahub-io/opendatahub-operator/v2/pkg/controller/predicates/resources/resources.go:181.66,181.106 1 0
github.com/opendatahub-io/opendatahub-operator/v2/pkg/controller/predicates/resources/resources.go:182.66,182.103 1 0
github.com/opendatahub-io/opendatahub-operator/v2/pkg/controller/predicates/resources/resources.go:186.83,188.66 1 0
github.com/opendatahub-io/opendatahub-operator/v2/pkg/controller/predicates/resources/resources.go:188.66,190.4 1 0
github.com/opendatahub-io/opendatahub-operator/v2/pkg/controller/predicates/resources/resources.go:191.66,193.4 1 0
github.com/opendatahub-io/opendatahub-operator/v2/pkg/controller/predicates/resources/resources.go:194.66,196.4 1 0
github.com/opendatahub-io/opendatahub-operator/v2/pkg/controller/predicates/resources/resources.go:201.45,203.10 2 5
github.com/opendatahub-io/opendatahub-operator/v2/pkg/controller/predicates/resources/resources.go:203.10,205.4 1 0
github.com/opendatahub-io/opendatahub-operator/v2/pkg/controller/predicates/resources/resources.go:206.3,207.10 2 5
github.com/opendatahub-io/opendatahub-operator/v2/pkg/controller/predicates/resources/resources.go:207.10,209.4 1 0
github.com/opendatahub-io/opendatahub-operator/v2/pkg/controller/predicates/resources/resources.go:211.3,214.57 3 5
github.com/opendatahub-io/opendatahub-operator/v2/pkg/controller/predicates/resources/resources.go:214.57,216.4 1 3
github.com/opendatahub-io/opendatahub-operator/v2/pkg/controller/predicates/resources/resources.go:218.3,218.60 1 2
github.com/opendatahub-io/opendatahub-operator/v2/pkg/controller/predicates/resources/resources.go:220.45,222.3 1 1
github.com/opendatahub-io/opendatahub-operator/v2/pkg/controller/predicates/resources/resources.go:223.45,225.3 1 1
github.com/opendatahub-io/opendatahub-operator/v2/pkg/controller/predicates/resources/resources.go:226.47,228.3 1 1
