mode: atomic
github.com/opendatahub-io/opendatahub-operator/v2/pkg/upgrade/uninstallation.go:30.96,33.44 2 0
github.com/opendatahub-io/opendatahub-operator/v2/pkg/upgrade/uninstallation.go:33.44,35.3 1 0
github.com/opendatahub-io/opendatahub-operator/v2/pkg/upgrade/uninstallation.go:37.2,37.45 1 0
github.com/opendatahub-io/opendatahub-operator/v2/pkg/upgrade/uninstallation.go:37.45,39.3 1 0
github.com/opendatahub-io/opendatahub-operator/v2/pkg/upgrade/uninstallation.go:42.2,46.73 3 0
github.com/opendatahub-io/opendatahub-operator/v2/pkg/upgrade/uninstallation.go:46.73,48.3 1 0
github.com/opendatahub-io/opendatahub-operator/v2/pkg/upgrade/uninstallation.go:51.2,51.54 1 0
github.com/opendatahub-io/opendatahub-operator/v2/pkg/upgrade/uninstallation.go:51.54,52.60 1 0
github.com/opendatahub-io/opendatahub-operator/v2/pkg/upgrade/uninstallation.go:52.60,54.4 1 0
github.com/opendatahub-io/opendatahub-operator/v2/pkg/upgrade/uninstallation.go:57.2,57.54 1 0
github.com/opendatahub-io/opendatahub-operator/v2/pkg/upgrade/uninstallation.go:57.54,58.55 1 0
github.com/opendatahub-io/opendatahub-operator/v2/pkg/upgrade/uninstallation.go:58.55,59.54 1 0
github.com/opendatahub-io/opendatahub-operator/v2/pkg/upgrade/uninstallation.go:59.54,61.5 1 0
github.com/opendatahub-io/opendatahub-operator/v2/pkg/upgrade/uninstallation.go:62.4,62.90 1 0
github.com/opendatahub-io/opendatahub-operator/v2/pkg/upgrade/uninstallation.go:67.2,73.16 3 0
github.com/opendatahub-io/opendatahub-operator/v2/pkg/upgrade/uninstallation.go:73.16,75.3 1 0
github.com/opendatahub-io/opendatahub-operator/v2/pkg/upgrade/uninstallation.go:77.2,79.42 3 0
github.com/opendatahub-io/opendatahub-operator/v2/pkg/upgrade/uninstallation.go:79.42,81.3 1 0
github.com/opendatahub-io/opendatahub-operator/v2/pkg/upgrade/uninstallation.go:82.2,82.38 1 0
github.com/opendatahub-io/opendatahub-operator/v2/pkg/upgrade/uninstallation.go:82.38,83.92 1 0
github.com/opendatahub-io/opendatahub-operator/v2/pkg/upgrade/uninstallation.go:83.92,85.4 1 0
github.com/opendatahub-io/opendatahub-operator/v2/pkg/upgrade/uninstallation.go:88.2,92.12 4 0
github.com/opendatahub-io/opendatahub-operator/v2/pkg/upgrade/uninstallation.go:95.63,98.117 2 0
github.com/opendatahub-io/opendatahub-operator/v2/pkg/upgrade/uninstallation.go:98.117,100.3 1 0
github.com/opendatahub-io/opendatahub-operator/v2/pkg/upgrade/uninstallation.go:102.2,102.12 1 0
github.com/opendatahub-io/opendatahub-operator/v2/pkg/upgrade/uninstallation.go:105.62,108.117 2 0
github.com/opendatahub-io/opendatahub-operator/v2/pkg/upgrade/uninstallation.go:108.117,110.3 1 0
github.com/opendatahub-io/opendatahub-operator/v2/pkg/upgrade/uninstallation.go:112.2,112.12 1 0
github.com/opendatahub-io/opendatahub-operator/v2/pkg/upgrade/uninstallation.go:117.68,120.16 2 0
github.com/opendatahub-io/opendatahub-operator/v2/pkg/upgrade/uninstallation.go:120.16,122.3 1 0
github.com/opendatahub-io/opendatahub-operator/v2/pkg/upgrade/uninstallation.go:125.2,131.71 3 0
github.com/opendatahub-io/opendatahub-operator/v2/pkg/upgrade/uninstallation.go:131.71,133.3 1 0
github.com/opendatahub-io/opendatahub-operator/v2/pkg/upgrade/uninstallation.go:135.2,135.44 1 0
github.com/opendatahub-io/opendatahub-operator/v2/pkg/upgrade/uninstallation.go:138.60,142.16 3 0
github.com/opendatahub-io/opendatahub-operator/v2/pkg/upgrade/uninstallation.go:142.16,144.3 1 0
github.com/opendatahub-io/opendatahub-operator/v2/pkg/upgrade/uninstallation.go:146.2,147.28 2 0
github.com/opendatahub-io/opendatahub-operator/v2/pkg/upgrade/uninstallation.go:147.28,150.3 2 0
github.com/opendatahub-io/opendatahub-operator/v2/pkg/upgrade/uninstallation.go:152.2,152.16 1 0
github.com/opendatahub-io/opendatahub-operator/v2/pkg/upgrade/uninstallation.go:152.16,154.3 1 0
github.com/opendatahub-io/opendatahub-operator/v2/pkg/upgrade/uninstallation.go:156.2,158.16 3 0
github.com/opendatahub-io/opendatahub-operator/v2/pkg/upgrade/uninstallation.go:158.16,159.29 1 0
github.com/opendatahub-io/opendatahub-operator/v2/pkg/upgrade/uninstallation.go:159.29,161.4 1 0
github.com/opendatahub-io/opendatahub-operator/v2/pkg/upgrade/uninstallation.go:163.3,163.69 1 0
github.com/opendatahub-io/opendatahub-operator/v2/pkg/upgrade/uninstallation.go:165.2,167.12 2 0
github.com/opendatahub-io/opendatahub-operator/v2/pkg/upgrade/upgrade.go:159.69,214.16 3 0
github.com/opendatahub-io/opendatahub-operator/v2/pkg/upgrade/upgrade.go:214.16,216.3 1 0
github.com/opendatahub-io/opendatahub-operator/v2/pkg/upgrade/upgrade.go:217.2,217.12 1 0
github.com/opendatahub-io/opendatahub-operator/v2/pkg/upgrade/upgrade.go:223.110,258.49 5 0
github.com/opendatahub-io/opendatahub-operator/v2/pkg/upgrade/upgrade.go:258.49,260.3 1 0
github.com/opendatahub-io/opendatahub-operator/v2/pkg/upgrade/upgrade.go:262.2,262.9 1 0
github.com/opendatahub-io/opendatahub-operator/v2/pkg/upgrade/upgrade.go:263.32,265.13 2 0
github.com/opendatahub-io/opendatahub-operator/v2/pkg/upgrade/upgrade.go:266.33,269.13 2 0
github.com/opendatahub-io/opendatahub-operator/v2/pkg/upgrade/upgrade.go:270.33,273.17 3 0
github.com/opendatahub-io/opendatahub-operator/v2/pkg/upgrade/upgrade.go:273.17,275.4 1 0
github.com/opendatahub-io/opendatahub-operator/v2/pkg/upgrade/upgrade.go:277.2,277.12 1 0
github.com/opendatahub-io/opendatahub-operator/v2/pkg/upgrade/upgrade.go:280.88,290.2 2 3
github.com/opendatahub-io/opendatahub-operator/v2/pkg/upgrade/upgrade.go:292.60,317.2 4 3
github.com/opendatahub-io/opendatahub-operator/v2/pkg/upgrade/upgrade.go:324.9,328.48 3 3
github.com/opendatahub-io/opendatahub-operator/v2/pkg/upgrade/upgrade.go:328.48,330.3 1 0
github.com/opendatahub-io/opendatahub-operator/v2/pkg/upgrade/upgrade.go:331.2,331.30 1 3
github.com/opendatahub-io/opendatahub-operator/v2/pkg/upgrade/upgrade.go:331.30,333.3 1 0
github.com/opendatahub-io/opendatahub-operator/v2/pkg/upgrade/upgrade.go:334.2,357.78 9 3
github.com/opendatahub-io/opendatahub-operator/v2/pkg/upgrade/upgrade.go:357.78,358.121 1 3
github.com/opendatahub-io/opendatahub-operator/v2/pkg/upgrade/upgrade.go:358.121,360.4 1 0
github.com/opendatahub-io/opendatahub-operator/v2/pkg/upgrade/upgrade.go:363.2,363.37 1 3
github.com/opendatahub-io/opendatahub-operator/v2/pkg/upgrade/upgrade.go:363.37,364.140 1 0
github.com/opendatahub-io/opendatahub-operator/v2/pkg/upgrade/upgrade.go:364.140,366.4 1 0
github.com/opendatahub-io/opendatahub-operator/v2/pkg/upgrade/upgrade.go:370.2,380.30 6 3
github.com/opendatahub-io/opendatahub-operator/v2/pkg/upgrade/upgrade.go:383.93,386.33 2 6
github.com/opendatahub-io/opendatahub-operator/v2/pkg/upgrade/upgrade.go:386.33,389.3 2 12
github.com/opendatahub-io/opendatahub-operator/v2/pkg/upgrade/upgrade.go:391.2,391.28 1 6
github.com/opendatahub-io/opendatahub-operator/v2/pkg/upgrade/upgrade.go:394.86,400.16 5 12
github.com/opendatahub-io/opendatahub-operator/v2/pkg/upgrade/upgrade.go:400.16,401.47 1 0
github.com/opendatahub-io/opendatahub-operator/v2/pkg/upgrade/upgrade.go:401.47,404.4 2 0
github.com/opendatahub-io/opendatahub-operator/v2/pkg/upgrade/upgrade.go:405.3,405.64 1 0
github.com/opendatahub-io/opendatahub-operator/v2/pkg/upgrade/upgrade.go:408.2,408.34 1 12
github.com/opendatahub-io/opendatahub-operator/v2/pkg/upgrade/upgrade.go:408.34,410.17 2 0
github.com/opendatahub-io/opendatahub-operator/v2/pkg/upgrade/upgrade.go:410.17,412.4 1 0
github.com/opendatahub-io/opendatahub-operator/v2/pkg/upgrade/upgrade.go:414.3,414.10 1 0
github.com/opendatahub-io/opendatahub-operator/v2/pkg/upgrade/upgrade.go:414.10,416.4 1 0
github.com/opendatahub-io/opendatahub-operator/v2/pkg/upgrade/upgrade.go:418.3,418.39 1 0
github.com/opendatahub-io/opendatahub-operator/v2/pkg/upgrade/upgrade.go:418.39,419.21 1 0
github.com/opendatahub-io/opendatahub-operator/v2/pkg/upgrade/upgrade.go:419.21,421.19 2 0
github.com/opendatahub-io/opendatahub-operator/v2/pkg/upgrade/upgrade.go:421.19,423.6 1 0
github.com/opendatahub-io/opendatahub-operator/v2/pkg/upgrade/upgrade.go:424.5,424.108 1 0
github.com/opendatahub-io/opendatahub-operator/v2/pkg/upgrade/upgrade.go:429.2,429.12 1 12
github.com/opendatahub-io/opendatahub-operator/v2/pkg/upgrade/upgrade.go:432.151,436.62 4 6
github.com/opendatahub-io/opendatahub-operator/v2/pkg/upgrade/upgrade.go:436.62,438.3 1 0
github.com/opendatahub-io/opendatahub-operator/v2/pkg/upgrade/upgrade.go:439.2,440.29 2 6
github.com/opendatahub-io/opendatahub-operator/v2/pkg/upgrade/upgrade.go:440.29,442.37 2 0
github.com/opendatahub-io/opendatahub-operator/v2/pkg/upgrade/upgrade.go:442.37,443.30 1 0
github.com/opendatahub-io/opendatahub-operator/v2/pkg/upgrade/upgrade.go:443.30,446.19 3 0
github.com/opendatahub-io/opendatahub-operator/v2/pkg/upgrade/upgrade.go:446.19,447.32 1 0
github.com/opendatahub-io/opendatahub-operator/v2/pkg/upgrade/upgrade.go:447.32,449.7 1 0
github.com/opendatahub-io/opendatahub-operator/v2/pkg/upgrade/upgrade.go:449.12,451.7 1 0
github.com/opendatahub-io/opendatahub-operator/v2/pkg/upgrade/upgrade.go:453.5,453.61 1 0
github.com/opendatahub-io/opendatahub-operator/v2/pkg/upgrade/upgrade.go:457.2,457.30 1 6
github.com/opendatahub-io/opendatahub-operator/v2/pkg/upgrade/upgrade.go:460.147,463.110 2 3
github.com/opendatahub-io/opendatahub-operator/v2/pkg/upgrade/upgrade.go:463.110,465.3 1 3
github.com/opendatahub-io/opendatahub-operator/v2/pkg/upgrade/upgrade.go:468.2,473.28 3 0
github.com/opendatahub-io/opendatahub-operator/v2/pkg/upgrade/upgrade.go:473.28,475.3 1 0
github.com/opendatahub-io/opendatahub-operator/v2/pkg/upgrade/upgrade.go:476.2,476.51 1 0
github.com/opendatahub-io/opendatahub-operator/v2/pkg/upgrade/upgrade.go:476.51,478.3 1 0
github.com/opendatahub-io/opendatahub-operator/v2/pkg/upgrade/upgrade.go:480.2,480.12 1 0
github.com/opendatahub-io/opendatahub-operator/v2/pkg/upgrade/upgrade.go:487.132,489.104 2 3
github.com/opendatahub-io/opendatahub-operator/v2/pkg/upgrade/upgrade.go:489.104,491.3 1 3
github.com/opendatahub-io/opendatahub-operator/v2/pkg/upgrade/upgrade.go:492.2,497.28 3 0
github.com/opendatahub-io/opendatahub-operator/v2/pkg/upgrade/upgrade.go:497.28,499.3 1 0
github.com/opendatahub-io/opendatahub-operator/v2/pkg/upgrade/upgrade.go:501.2,501.79 1 0
github.com/opendatahub-io/opendatahub-operator/v2/pkg/upgrade/upgrade.go:501.79,503.3 1 0
github.com/opendatahub-io/opendatahub-operator/v2/pkg/upgrade/upgrade.go:505.2,505.89 1 0
github.com/opendatahub-io/opendatahub-operator/v2/pkg/upgrade/upgrade.go:505.89,507.3 1 0
github.com/opendatahub-io/opendatahub-operator/v2/pkg/upgrade/upgrade.go:509.2,509.75 1 0
github.com/opendatahub-io/opendatahub-operator/v2/pkg/upgrade/upgrade.go:512.131,513.43 1 0
github.com/opendatahub-io/opendatahub-operator/v2/pkg/upgrade/upgrade.go:513.43,516.52 2 0
github.com/opendatahub-io/opendatahub-operator/v2/pkg/upgrade/upgrade.go:516.52,518.4 1 0
github.com/opendatahub-io/opendatahub-operator/v2/pkg/upgrade/upgrade.go:520.2,520.12 1 0
github.com/opendatahub-io/opendatahub-operator/v2/pkg/upgrade/upgrade.go:523.159,527.35 2 0
github.com/opendatahub-io/opendatahub-operator/v2/pkg/upgrade/upgrade.go:527.35,531.115 3 0
github.com/opendatahub-io/opendatahub-operator/v2/pkg/upgrade/upgrade.go:531.115,533.4 1 0
github.com/opendatahub-io/opendatahub-operator/v2/pkg/upgrade/upgrade.go:534.3,534.13 1 0
github.com/opendatahub-io/opendatahub-operator/v2/pkg/upgrade/upgrade.go:536.2,537.12 2 0
github.com/opendatahub-io/opendatahub-operator/v2/pkg/upgrade/upgrade.go:540.161,544.35 2 0
github.com/opendatahub-io/opendatahub-operator/v2/pkg/upgrade/upgrade.go:544.35,547.117 3 0
github.com/opendatahub-io/opendatahub-operator/v2/pkg/upgrade/upgrade.go:547.117,549.4 1 0
github.com/opendatahub-io/opendatahub-operator/v2/pkg/upgrade/upgrade.go:550.3,550.13 1 0
github.com/opendatahub-io/opendatahub-operator/v2/pkg/upgrade/upgrade.go:552.2,553.12 2 0
github.com/opendatahub-io/opendatahub-operator/v2/pkg/upgrade/upgrade.go:558.147,561.144 3 0
github.com/opendatahub-io/opendatahub-operator/v2/pkg/upgrade/upgrade.go:561.144,563.3 1 0
github.com/opendatahub-io/opendatahub-operator/v2/pkg/upgrade/upgrade.go:565.2,565.36 1 0
github.com/opendatahub-io/opendatahub-operator/v2/pkg/upgrade/upgrade.go:565.36,567.3 1 0
github.com/opendatahub-io/opendatahub-operator/v2/pkg/upgrade/upgrade.go:568.2,571.31 3 0
github.com/opendatahub-io/opendatahub-operator/v2/pkg/upgrade/upgrade.go:571.31,573.3 1 0
github.com/opendatahub-io/opendatahub-operator/v2/pkg/upgrade/upgrade.go:575.2,576.44 2 0
github.com/opendatahub-io/opendatahub-operator/v2/pkg/upgrade/upgrade.go:576.44,577.38 1 0
github.com/opendatahub-io/opendatahub-operator/v2/pkg/upgrade/upgrade.go:577.38,579.121 2 0
github.com/opendatahub-io/opendatahub-operator/v2/pkg/upgrade/upgrade.go:579.121,581.5 1 0
github.com/opendatahub-io/opendatahub-operator/v2/pkg/upgrade/upgrade.go:582.4,582.9 1 0
github.com/opendatahub-io/opendatahub-operator/v2/pkg/upgrade/upgrade.go:585.2,585.12 1 0
github.com/opendatahub-io/opendatahub-operator/v2/pkg/upgrade/upgrade.go:588.89,590.9 2 0
github.com/opendatahub-io/opendatahub-operator/v2/pkg/upgrade/upgrade.go:591.30,592.8 1 0
github.com/opendatahub-io/opendatahub-operator/v2/pkg/upgrade/upgrade.go:593.18,594.31 1 0
github.com/opendatahub-io/opendatahub-operator/v2/pkg/upgrade/upgrade.go:595.10,596.42 1 0
github.com/opendatahub-io/opendatahub-operator/v2/pkg/upgrade/upgrade.go:600.2,601.9 2 0
github.com/opendatahub-io/opendatahub-operator/v2/pkg/upgrade/upgrade.go:602.30,603.8 1 0
github.com/opendatahub-io/opendatahub-operator/v2/pkg/upgrade/upgrade.go:604.18,605.31 1 0
github.com/opendatahub-io/opendatahub-operator/v2/pkg/upgrade/upgrade.go:606.10,607.42 1 0
github.com/opendatahub-io/opendatahub-operator/v2/pkg/upgrade/upgrade.go:611.2,611.30 1 0
github.com/opendatahub-io/opendatahub-operator/v2/pkg/upgrade/upgrade.go:614.123,617.70 2 3
github.com/opendatahub-io/opendatahub-operator/v2/pkg/upgrade/upgrade.go:617.70,644.36 4 0
github.com/opendatahub-io/opendatahub-operator/v2/pkg/upgrade/upgrade.go:644.36,662.4 1 0
github.com/opendatahub-io/opendatahub-operator/v2/pkg/upgrade/upgrade.go:664.3,664.37 1 0
github.com/opendatahub-io/opendatahub-operator/v2/pkg/upgrade/upgrade.go:664.37,665.120 1 0
github.com/opendatahub-io/opendatahub-operator/v2/pkg/upgrade/upgrade.go:665.120,666.33 1 0
github.com/opendatahub-io/opendatahub-operator/v2/pkg/upgrade/upgrade.go:666.33,669.6 2 0
github.com/opendatahub-io/opendatahub-operator/v2/pkg/upgrade/upgrade.go:670.10,671.57 1 0
github.com/opendatahub-io/opendatahub-operator/v2/pkg/upgrade/upgrade.go:671.57,674.6 2 0
github.com/opendatahub-io/opendatahub-operator/v2/pkg/upgrade/upgrade.go:674.11,676.6 1 0
github.com/opendatahub-io/opendatahub-operator/v2/pkg/upgrade/upgrade.go:681.2,681.26 1 3
github.com/opendatahub-io/opendatahub-operator/v2/pkg/upgrade/upgrade.go:699.113,707.9 6 3
github.com/opendatahub-io/opendatahub-operator/v2/pkg/upgrade/upgrade.go:708.30,709.13 1 3
github.com/opendatahub-io/opendatahub-operator/v2/pkg/upgrade/upgrade.go:710.18,711.99 1 0
github.com/opendatahub-io/opendatahub-operator/v2/pkg/upgrade/upgrade.go:714.2,714.82 1 0
github.com/opendatahub-io/opendatahub-operator/v2/pkg/upgrade/upgrade.go:714.82,716.3 1 0
github.com/opendatahub-io/opendatahub-operator/v2/pkg/upgrade/upgrade.go:718.2,721.9 3 0
github.com/opendatahub-io/opendatahub-operator/v2/pkg/upgrade/upgrade.go:722.30,723.13 1 0
github.com/opendatahub-io/opendatahub-operator/v2/pkg/upgrade/upgrade.go:724.18,725.100 1 0
github.com/opendatahub-io/opendatahub-operator/v2/pkg/upgrade/upgrade.go:728.2,730.12 2 0
github.com/opendatahub-io/opendatahub-operator/v2/pkg/upgrade/upgrade.go:739.79,752.68 4 3
github.com/opendatahub-io/opendatahub-operator/v2/pkg/upgrade/upgrade.go:752.68,754.3 1 0
github.com/opendatahub-io/opendatahub-operator/v2/pkg/upgrade/upgrade.go:756.2,756.16 1 3
github.com/opendatahub-io/opendatahub-operator/v2/pkg/upgrade/upgrade.go:756.16,758.3 1 1
github.com/opendatahub-io/opendatahub-operator/v2/pkg/upgrade/upgrade.go:760.2,760.12 1 3
github.com/opendatahub-io/opendatahub-operator/v2/pkg/upgrade/upgrade.go:764.117,772.58 2 5
github.com/opendatahub-io/opendatahub-operator/v2/pkg/upgrade/upgrade.go:772.58,775.3 2 1
github.com/opendatahub-io/opendatahub-operator/v2/pkg/upgrade/upgrade.go:777.2,779.72 2 4
github.com/opendatahub-io/opendatahub-operator/v2/pkg/upgrade/upgrade.go:779.72,780.31 1 1
github.com/opendatahub-io/opendatahub-operator/v2/pkg/upgrade/upgrade.go:780.31,783.4 2 1
github.com/opendatahub-io/opendatahub-operator/v2/pkg/upgrade/upgrade.go:784.3,784.29 1 0
github.com/opendatahub-io/opendatahub-operator/v2/pkg/upgrade/upgrade.go:784.29,787.4 2 0
github.com/opendatahub-io/opendatahub-operator/v2/pkg/upgrade/upgrade.go:788.3,788.78 1 0
github.com/opendatahub-io/opendatahub-operator/v2/pkg/upgrade/upgrade.go:790.2,803.16 6 3
github.com/opendatahub-io/opendatahub-operator/v2/pkg/upgrade/upgrade.go:803.16,805.3 1 1
github.com/opendatahub-io/opendatahub-operator/v2/pkg/upgrade/upgrade.go:807.2,807.14 1 2
github.com/opendatahub-io/opendatahub-operator/v2/pkg/upgrade/upgrade.go:807.14,810.3 2 1
github.com/opendatahub-io/opendatahub-operator/v2/pkg/upgrade/upgrade.go:812.2,812.81 1 1
github.com/opendatahub-io/opendatahub-operator/v2/pkg/upgrade/upgrade.go:812.81,814.3 1 0
github.com/opendatahub-io/opendatahub-operator/v2/pkg/upgrade/upgrade.go:816.2,818.12 2 1
github.com/opendatahub-io/opendatahub-operator/v2/pkg/upgrade/upgrade.go:822.95,825.38 2 3
github.com/opendatahub-io/opendatahub-operator/v2/pkg/upgrade/upgrade.go:825.38,827.17 2 5
github.com/opendatahub-io/opendatahub-operator/v2/pkg/upgrade/upgrade.go:827.17,829.4 1 1
github.com/opendatahub-io/opendatahub-operator/v2/pkg/upgrade/upgrade.go:831.3,831.41 1 4
github.com/opendatahub-io/opendatahub-operator/v2/pkg/upgrade/upgrade.go:831.41,832.90 1 2
github.com/opendatahub-io/opendatahub-operator/v2/pkg/upgrade/upgrade.go:832.90,834.5 1 0
github.com/opendatahub-io/opendatahub-operator/v2/pkg/upgrade/upgrade.go:835.4,835.18 1 2
github.com/opendatahub-io/opendatahub-operator/v2/pkg/upgrade/upgrade.go:839.2,839.21 1 2
