mode: atomic
github.com/opendatahub-io/opendatahub-operator/v2/internal/controller/components/codeflare/codeflare.go:27.13,29.2 1 1
github.com/opendatahub-io/opendatahub-operator/v2/internal/controller/components/codeflare/codeflare.go:31.45,33.2 1 1
github.com/opendatahub-io/opendatahub-operator/v2/internal/controller/components/codeflare/codeflare.go:35.93,51.2 1 1
github.com/opendatahub-io/opendatahub-operator/v2/internal/controller/components/codeflare/codeflare.go:53.58,54.87 1 0
github.com/opendatahub-io/opendatahub-operator/v2/internal/controller/components/codeflare/codeflare.go:54.87,56.3 1 0
github.com/opendatahub-io/opendatahub-operator/v2/internal/controller/components/codeflare/codeflare.go:58.2,58.12 1 0
github.com/opendatahub-io/opendatahub-operator/v2/internal/controller/components/codeflare/codeflare.go:61.74,63.2 1 7
github.com/opendatahub-io/opendatahub-operator/v2/internal/controller/components/codeflare/codeflare.go:65.130,71.106 4 4
github.com/opendatahub-io/opendatahub-operator/v2/internal/controller/components/codeflare/codeflare.go:71.106,73.3 1 0
github.com/opendatahub-io/opendatahub-operator/v2/internal/controller/components/codeflare/codeflare.go:75.2,76.9 2 4
github.com/opendatahub-io/opendatahub-operator/v2/internal/controller/components/codeflare/codeflare.go:76.9,78.3 1 0
github.com/opendatahub-io/opendatahub-operator/v2/internal/controller/components/codeflare/codeflare.go:80.2,88.22 6 4
github.com/opendatahub-io/opendatahub-operator/v2/internal/controller/components/codeflare/codeflare.go:88.22,92.96 3 2
github.com/opendatahub-io/opendatahub-operator/v2/internal/controller/components/codeflare/codeflare.go:92.96,95.4 2 2
github.com/opendatahub-io/opendatahub-operator/v2/internal/controller/components/codeflare/codeflare.go:95.9,97.4 1 0
github.com/opendatahub-io/opendatahub-operator/v2/internal/controller/components/codeflare/codeflare.go:98.8,105.3 1 2
github.com/opendatahub-io/opendatahub-operator/v2/internal/controller/components/codeflare/codeflare.go:107.2,107.16 1 4
github.com/opendatahub-io/opendatahub-operator/v2/internal/controller/components/codeflare/codeflare_controller.go:42.96,84.16 2 0
github.com/opendatahub-io/opendatahub-operator/v2/internal/controller/components/codeflare/codeflare_controller.go:84.16,86.3 1 0
github.com/opendatahub-io/opendatahub-operator/v2/internal/controller/components/codeflare/codeflare_controller.go:88.2,88.12 1 0
github.com/opendatahub-io/opendatahub-operator/v2/internal/controller/components/codeflare/codeflare_controller_actions.go:12.78,15.145 2 0
github.com/opendatahub-io/opendatahub-operator/v2/internal/controller/components/codeflare/codeflare_controller_actions.go:15.145,17.3 1 0
github.com/opendatahub-io/opendatahub-operator/v2/internal/controller/components/codeflare/codeflare_controller_actions.go:19.2,19.12 1 0
github.com/opendatahub-io/opendatahub-operator/v2/internal/controller/components/codeflare/codeflare_controller_actions.go:22.78,24.9 2 0
github.com/opendatahub-io/opendatahub-operator/v2/internal/controller/components/codeflare/codeflare_controller_actions.go:24.9,26.3 1 0
github.com/opendatahub-io/opendatahub-operator/v2/internal/controller/components/codeflare/codeflare_controller_actions.go:28.2,28.36 1 0
github.com/opendatahub-io/opendatahub-operator/v2/internal/controller/components/codeflare/codeflare_controller_actions.go:28.36,30.3 1 0
github.com/opendatahub-io/opendatahub-operator/v2/internal/controller/components/codeflare/codeflare_controller_actions.go:33.2,33.49 1 0
github.com/opendatahub-io/opendatahub-operator/v2/internal/controller/components/codeflare/codeflare_controller_actions.go:33.49,35.89 2 0
github.com/opendatahub-io/opendatahub-operator/v2/internal/controller/components/codeflare/codeflare_controller_actions.go:35.89,37.4 1 0
github.com/opendatahub-io/opendatahub-operator/v2/internal/controller/components/codeflare/codeflare_controller_actions.go:38.3,38.38 1 0
github.com/opendatahub-io/opendatahub-operator/v2/internal/controller/components/codeflare/codeflare_controller_actions.go:38.38,42.4 3 0
github.com/opendatahub-io/opendatahub-operator/v2/internal/controller/components/codeflare/codeflare_controller_actions.go:45.2,45.12 1 0
github.com/opendatahub-io/opendatahub-operator/v2/internal/controller/components/codeflare/codeflare_support.go:35.44,41.2 1 0
