mode: atomic
github.com/opendatahub-io/opendatahub-operator/v2/internal/controller/components/dashboard/dashboard.go:27.13,29.2 1 1
github.com/opendatahub-io/opendatahub-operator/v2/internal/controller/components/dashboard/dashboard.go:31.45,33.2 1 1
github.com/opendatahub-io/opendatahub-operator/v2/internal/controller/components/dashboard/dashboard.go:35.65,38.84 2 0
github.com/opendatahub-io/opendatahub-operator/v2/internal/controller/components/dashboard/dashboard.go:38.84,40.3 1 0
github.com/opendatahub-io/opendatahub-operator/v2/internal/controller/components/dashboard/dashboard.go:42.2,43.87 2 0
github.com/opendatahub-io/opendatahub-operator/v2/internal/controller/components/dashboard/dashboard.go:43.87,45.3 1 0
github.com/opendatahub-io/opendatahub-operator/v2/internal/controller/components/dashboard/dashboard.go:47.2,47.12 1 0
github.com/opendatahub-io/opendatahub-operator/v2/internal/controller/components/dashboard/dashboard.go:50.93,66.2 1 1
github.com/opendatahub-io/opendatahub-operator/v2/internal/controller/components/dashboard/dashboard.go:68.74,70.2 1 7
github.com/opendatahub-io/opendatahub-operator/v2/internal/controller/components/dashboard/dashboard.go:72.130,78.106 4 4
github.com/opendatahub-io/opendatahub-operator/v2/internal/controller/components/dashboard/dashboard.go:78.106,80.3 1 0
github.com/opendatahub-io/opendatahub-operator/v2/internal/controller/components/dashboard/dashboard.go:82.2,83.9 2 4
github.com/opendatahub-io/opendatahub-operator/v2/internal/controller/components/dashboard/dashboard.go:83.9,85.3 1 0
github.com/opendatahub-io/opendatahub-operator/v2/internal/controller/components/dashboard/dashboard.go:87.2,95.22 6 4
github.com/opendatahub-io/opendatahub-operator/v2/internal/controller/components/dashboard/dashboard.go:95.22,99.96 3 2
github.com/opendatahub-io/opendatahub-operator/v2/internal/controller/components/dashboard/dashboard.go:99.96,102.4 2 2
github.com/opendatahub-io/opendatahub-operator/v2/internal/controller/components/dashboard/dashboard.go:102.9,104.4 1 0
github.com/opendatahub-io/opendatahub-operator/v2/internal/controller/components/dashboard/dashboard.go:105.8,112.3 1 2
github.com/opendatahub-io/opendatahub-operator/v2/internal/controller/components/dashboard/dashboard.go:114.2,114.16 1 4
github.com/opendatahub-io/opendatahub-operator/v2/internal/controller/components/dashboard/dashboard_controller.go:48.96,95.71 2 0
github.com/opendatahub-io/opendatahub-operator/v2/internal/controller/components/dashboard/dashboard_controller.go:95.71,95.87 1 0
github.com/opendatahub-io/opendatahub-operator/v2/internal/controller/components/dashboard/dashboard_controller.go:96.70,96.86 1 0
github.com/opendatahub-io/opendatahub-operator/v2/internal/controller/components/dashboard/dashboard_controller.go:128.2,128.16 1 0
github.com/opendatahub-io/opendatahub-operator/v2/internal/controller/components/dashboard/dashboard_controller.go:128.16,130.3 1 0
github.com/opendatahub-io/opendatahub-operator/v2/internal/controller/components/dashboard/dashboard_controller.go:132.2,132.12 1 0
github.com/opendatahub-io/opendatahub-operator/v2/internal/controller/components/dashboard/dashboard_controller_actions.go:53.80,57.2 2 0
github.com/opendatahub-io/opendatahub-operator/v2/internal/controller/components/dashboard/dashboard_controller_actions.go:59.78,61.9 2 0
github.com/opendatahub-io/opendatahub-operator/v2/internal/controller/components/dashboard/dashboard_controller_actions.go:61.9,63.3 1 0
github.com/opendatahub-io/opendatahub-operator/v2/internal/controller/components/dashboard/dashboard_controller_actions.go:65.2,65.36 1 0
github.com/opendatahub-io/opendatahub-operator/v2/internal/controller/components/dashboard/dashboard_controller_actions.go:65.36,67.3 1 0
github.com/opendatahub-io/opendatahub-operator/v2/internal/controller/components/dashboard/dashboard_controller_actions.go:70.2,70.49 1 0
github.com/opendatahub-io/opendatahub-operator/v2/internal/controller/components/dashboard/dashboard_controller_actions.go:70.49,72.89 2 0
github.com/opendatahub-io/opendatahub-operator/v2/internal/controller/components/dashboard/dashboard_controller_actions.go:72.89,74.4 1 0
github.com/opendatahub-io/opendatahub-operator/v2/internal/controller/components/dashboard/dashboard_controller_actions.go:75.3,75.38 1 0
github.com/opendatahub-io/opendatahub-operator/v2/internal/controller/components/dashboard/dashboard_controller_actions.go:75.38,79.4 3 0
github.com/opendatahub-io/opendatahub-operator/v2/internal/controller/components/dashboard/dashboard_controller_actions.go:82.2,82.12 1 0
github.com/opendatahub-io/opendatahub-operator/v2/internal/controller/components/dashboard/dashboard_controller_actions.go:85.86,86.30 1 0
github.com/opendatahub-io/opendatahub-operator/v2/internal/controller/components/dashboard/dashboard_controller_actions.go:86.30,87.67 1 0
github.com/opendatahub-io/opendatahub-operator/v2/internal/controller/components/dashboard/dashboard_controller_actions.go:87.67,90.9 2 0
github.com/opendatahub-io/opendatahub-operator/v2/internal/controller/components/dashboard/dashboard_controller_actions.go:94.2,94.12 1 0
github.com/opendatahub-io/opendatahub-operator/v2/internal/controller/components/dashboard/dashboard_controller_actions.go:97.89,99.16 2 0
github.com/opendatahub-io/opendatahub-operator/v2/internal/controller/components/dashboard/dashboard_controller_actions.go:99.16,101.3 1 0
github.com/opendatahub-io/opendatahub-operator/v2/internal/controller/components/dashboard/dashboard_controller_actions.go:103.2,103.107 1 0
github.com/opendatahub-io/opendatahub-operator/v2/internal/controller/components/dashboard/dashboard_controller_actions.go:103.107,105.3 1 0
github.com/opendatahub-io/opendatahub-operator/v2/internal/controller/components/dashboard/dashboard_controller_actions.go:106.2,106.12 1 0
github.com/opendatahub-io/opendatahub-operator/v2/internal/controller/components/dashboard/dashboard_controller_actions.go:109.89,110.44 1 0
github.com/opendatahub-io/opendatahub-operator/v2/internal/controller/components/dashboard/dashboard_controller_actions.go:110.44,112.3 1 0
github.com/opendatahub-io/opendatahub-operator/v2/internal/controller/components/dashboard/dashboard_controller_actions.go:114.2,126.16 2 0
github.com/opendatahub-io/opendatahub-operator/v2/internal/controller/components/dashboard/dashboard_controller_actions.go:126.16,128.3 1 0
github.com/opendatahub-io/opendatahub-operator/v2/internal/controller/components/dashboard/dashboard_controller_actions.go:130.2,130.12 1 0
github.com/opendatahub-io/opendatahub-operator/v2/internal/controller/components/dashboard/dashboard_controller_actions.go:133.82,135.9 2 0
github.com/opendatahub-io/opendatahub-operator/v2/internal/controller/components/dashboard/dashboard_controller_actions.go:135.9,137.3 1 0
github.com/opendatahub-io/opendatahub-operator/v2/internal/controller/components/dashboard/dashboard_controller_actions.go:140.2,150.16 3 0
github.com/opendatahub-io/opendatahub-operator/v2/internal/controller/components/dashboard/dashboard_controller_actions.go:150.16,152.3 1 0
github.com/opendatahub-io/opendatahub-operator/v2/internal/controller/components/dashboard/dashboard_controller_actions.go:154.2,155.24 2 0
github.com/opendatahub-io/opendatahub-operator/v2/internal/controller/components/dashboard/dashboard_controller_actions.go:155.24,157.3 1 0
github.com/opendatahub-io/opendatahub-operator/v2/internal/controller/components/dashboard/dashboard_controller_actions.go:159.2,159.12 1 0
github.com/opendatahub-io/opendatahub-operator/v2/internal/controller/components/dashboard/dashboard_controller_actions.go:162.95,167.16 4 1
github.com/opendatahub-io/opendatahub-operator/v2/internal/controller/components/dashboard/dashboard_controller_actions.go:167.16,169.3 1 0
github.com/opendatahub-io/opendatahub-operator/v2/internal/controller/components/dashboard/dashboard_controller_actions.go:171.2,172.60 2 1
github.com/opendatahub-io/opendatahub-operator/v2/internal/controller/components/dashboard/dashboard_controller_actions.go:172.60,175.124 2 1
github.com/opendatahub-io/opendatahub-operator/v2/internal/controller/components/dashboard/dashboard_controller_actions.go:175.124,177.4 1 0
github.com/opendatahub-io/opendatahub-operator/v2/internal/controller/components/dashboard/dashboard_controller_actions.go:179.3,185.29 3 1
github.com/opendatahub-io/opendatahub-operator/v2/internal/controller/components/dashboard/dashboard_controller_actions.go:185.29,186.84 1 1
github.com/opendatahub-io/opendatahub-operator/v2/internal/controller/components/dashboard/dashboard_controller_actions.go:186.84,188.5 1 0
github.com/opendatahub-io/opendatahub-operator/v2/internal/controller/components/dashboard/dashboard_controller_actions.go:189.4,189.12 1 1
github.com/opendatahub-io/opendatahub-operator/v2/internal/controller/components/dashboard/dashboard_controller_actions.go:192.3,192.17 1 0
github.com/opendatahub-io/opendatahub-operator/v2/internal/controller/components/dashboard/dashboard_controller_actions.go:192.17,194.4 1 0
github.com/opendatahub-io/opendatahub-operator/v2/internal/controller/components/dashboard/dashboard_controller_actions.go:196.3,197.17 2 0
github.com/opendatahub-io/opendatahub-operator/v2/internal/controller/components/dashboard/dashboard_controller_actions.go:197.17,199.4 1 0
github.com/opendatahub-io/opendatahub-operator/v2/internal/controller/components/dashboard/dashboard_controller_actions.go:201.2,201.12 1 1
github.com/opendatahub-io/opendatahub-operator/v2/internal/controller/components/dashboard/dashboard_controller_actions.go:204.144,231.68 8 2
github.com/opendatahub-io/opendatahub-operator/v2/internal/controller/components/dashboard/dashboard_controller_actions.go:231.68,233.3 1 0
github.com/opendatahub-io/opendatahub-operator/v2/internal/controller/components/dashboard/dashboard_controller_actions.go:235.2,236.12 2 2
github.com/opendatahub-io/opendatahub-operator/v2/internal/controller/components/dashboard/dashboard_controller_actions.go:239.180,240.33 1 0
github.com/opendatahub-io/opendatahub-operator/v2/internal/controller/components/dashboard/dashboard_controller_actions.go:240.33,242.3 1 0
github.com/opendatahub-io/opendatahub-operator/v2/internal/controller/components/dashboard/dashboard_controller_actions.go:244.2,260.56 8 0
github.com/opendatahub-io/opendatahub-operator/v2/internal/controller/components/dashboard/dashboard_controller_actions.go:260.56,262.3 1 0
github.com/opendatahub-io/opendatahub-operator/v2/internal/controller/components/dashboard/dashboard_controller_actions.go:264.2,265.12 2 0
github.com/opendatahub-io/opendatahub-operator/v2/internal/controller/components/dashboard/dashboard_support.go:60.67,66.2 1 0
github.com/opendatahub-io/opendatahub-operator/v2/internal/controller/components/dashboard/dashboard_support.go:68.47,74.2 1 0
github.com/opendatahub-io/opendatahub-operator/v2/internal/controller/components/dashboard/dashboard_support.go:76.164,78.16 2 0
github.com/opendatahub-io/opendatahub-operator/v2/internal/controller/components/dashboard/dashboard_support.go:78.16,80.3 1 0
github.com/opendatahub-io/opendatahub-operator/v2/internal/controller/components/dashboard/dashboard_support.go:82.2,85.8 1 0
github.com/opendatahub-io/opendatahub-operator/v2/internal/controller/components/dashboard/dashboard_support.go:88.36,92.86 3 0
github.com/opendatahub-io/opendatahub-operator/v2/internal/controller/components/dashboard/dashboard_support.go:92.86,94.3 1 0
github.com/opendatahub-io/opendatahub-operator/v2/internal/controller/components/dashboard/dashboard_support.go:96.2,96.13 1 0
