mode: atomic
github.com/opendatahub-io/opendatahub-operator/v2/internal/webhook/notebook/mutating.go:47.68,54.2 3 8
github.com/opendatahub-io/opendatahub-operator/v2/internal/webhook/notebook/mutating.go:56.97,59.22 2 25
github.com/opendatahub-io/opendatahub-operator/v2/internal/webhook/notebook/mutating.go:59.22,62.3 2 0
github.com/opendatahub-io/opendatahub-operator/v2/internal/webhook/notebook/mutating.go:65.2,66.56 2 25
github.com/opendatahub-io/opendatahub-operator/v2/internal/webhook/notebook/mutating.go:66.56,69.3 2 0
github.com/opendatahub-io/opendatahub-operator/v2/internal/webhook/notebook/mutating.go:72.2,72.47 1 25
github.com/opendatahub-io/opendatahub-operator/v2/internal/webhook/notebook/mutating.go:72.47,74.3 1 0
github.com/opendatahub-io/opendatahub-operator/v2/internal/webhook/notebook/mutating.go:76.2,78.23 2 25
github.com/opendatahub-io/opendatahub-operator/v2/internal/webhook/notebook/mutating.go:79.46,81.30 2 24
github.com/opendatahub-io/opendatahub-operator/v2/internal/webhook/notebook/mutating.go:81.30,83.4 1 11
github.com/opendatahub-io/opendatahub-operator/v2/internal/webhook/notebook/mutating.go:86.3,86.41 1 13
github.com/opendatahub-io/opendatahub-operator/v2/internal/webhook/notebook/mutating.go:86.41,88.4 1 4
github.com/opendatahub-io/opendatahub-operator/v2/internal/webhook/notebook/mutating.go:90.3,91.17 2 9
github.com/opendatahub-io/opendatahub-operator/v2/internal/webhook/notebook/mutating.go:91.17,94.4 2 0
github.com/opendatahub-io/opendatahub-operator/v2/internal/webhook/notebook/mutating.go:96.3,96.25 1 9
github.com/opendatahub-io/opendatahub-operator/v2/internal/webhook/notebook/mutating.go:96.25,98.18 2 9
github.com/opendatahub-io/opendatahub-operator/v2/internal/webhook/notebook/mutating.go:98.18,101.5 2 0
github.com/opendatahub-io/opendatahub-operator/v2/internal/webhook/notebook/mutating.go:102.4,102.71 1 9
github.com/opendatahub-io/opendatahub-operator/v2/internal/webhook/notebook/mutating.go:105.10,106.100 1 1
github.com/opendatahub-io/opendatahub-operator/v2/internal/webhook/notebook/mutating.go:109.2,109.13 1 1
github.com/opendatahub-io/opendatahub-operator/v2/internal/webhook/notebook/mutating.go:120.56,124.27 3 24
github.com/opendatahub-io/opendatahub-operator/v2/internal/webhook/notebook/mutating.go:124.27,126.3 1 3
github.com/opendatahub-io/opendatahub-operator/v2/internal/webhook/notebook/mutating.go:129.2,130.16 2 21
github.com/opendatahub-io/opendatahub-operator/v2/internal/webhook/notebook/mutating.go:130.16,133.3 2 6
github.com/opendatahub-io/opendatahub-operator/v2/internal/webhook/notebook/mutating.go:136.2,137.16 2 15
github.com/opendatahub-io/opendatahub-operator/v2/internal/webhook/notebook/mutating.go:137.16,140.3 2 0
github.com/opendatahub-io/opendatahub-operator/v2/internal/webhook/notebook/mutating.go:142.2,142.33 1 15
github.com/opendatahub-io/opendatahub-operator/v2/internal/webhook/notebook/mutating.go:142.33,145.3 1 3
github.com/opendatahub-io/opendatahub-operator/v2/internal/webhook/notebook/mutating.go:147.2,147.32 1 12
github.com/opendatahub-io/opendatahub-operator/v2/internal/webhook/notebook/mutating.go:147.32,149.3 1 2
github.com/opendatahub-io/opendatahub-operator/v2/internal/webhook/notebook/mutating.go:151.2,151.100 1 10
github.com/opendatahub-io/opendatahub-operator/v2/internal/webhook/notebook/mutating.go:156.81,157.36 1 21
github.com/opendatahub-io/opendatahub-operator/v2/internal/webhook/notebook/mutating.go:157.36,159.3 1 1
github.com/opendatahub-io/opendatahub-operator/v2/internal/webhook/notebook/mutating.go:161.2,164.29 3 20
github.com/opendatahub-io/opendatahub-operator/v2/internal/webhook/notebook/mutating.go:164.29,166.17 2 26
github.com/opendatahub-io/opendatahub-operator/v2/internal/webhook/notebook/mutating.go:166.17,167.12 1 0
github.com/opendatahub-io/opendatahub-operator/v2/internal/webhook/notebook/mutating.go:171.3,172.28 2 26
github.com/opendatahub-io/opendatahub-operator/v2/internal/webhook/notebook/mutating.go:172.28,174.4 1 2
github.com/opendatahub-io/opendatahub-operator/v2/internal/webhook/notebook/mutating.go:176.3,179.36 3 24
github.com/opendatahub-io/opendatahub-operator/v2/internal/webhook/notebook/mutating.go:179.36,181.4 1 4
github.com/opendatahub-io/opendatahub-operator/v2/internal/webhook/notebook/mutating.go:183.3,186.5 1 20
github.com/opendatahub-io/opendatahub-operator/v2/internal/webhook/notebook/mutating.go:189.2,189.24 1 14
github.com/opendatahub-io/opendatahub-operator/v2/internal/webhook/notebook/mutating.go:194.177,200.39 4 15
github.com/opendatahub-io/opendatahub-operator/v2/internal/webhook/notebook/mutating.go:200.39,204.43 2 20
github.com/opendatahub-io/opendatahub-operator/v2/internal/webhook/notebook/mutating.go:204.43,206.12 2 2
github.com/opendatahub-io/opendatahub-operator/v2/internal/webhook/notebook/mutating.go:209.3,210.136 2 18
github.com/opendatahub-io/opendatahub-operator/v2/internal/webhook/notebook/mutating.go:210.136,211.30 1 3
github.com/opendatahub-io/opendatahub-operator/v2/internal/webhook/notebook/mutating.go:211.30,213.13 2 3
github.com/opendatahub-io/opendatahub-operator/v2/internal/webhook/notebook/mutating.go:215.4,216.76 2 0
github.com/opendatahub-io/opendatahub-operator/v2/internal/webhook/notebook/mutating.go:220.3,237.51 3 15
github.com/opendatahub-io/opendatahub-operator/v2/internal/webhook/notebook/mutating.go:237.51,240.4 2 0
github.com/opendatahub-io/opendatahub-operator/v2/internal/webhook/notebook/mutating.go:243.3,243.26 1 15
github.com/opendatahub-io/opendatahub-operator/v2/internal/webhook/notebook/mutating.go:243.26,251.4 2 2
github.com/opendatahub-io/opendatahub-operator/v2/internal/webhook/notebook/mutating.go:253.3,253.116 1 15
github.com/opendatahub-io/opendatahub-operator/v2/internal/webhook/notebook/mutating.go:256.2,256.50 1 15
github.com/opendatahub-io/opendatahub-operator/v2/internal/webhook/notebook/mutating.go:259.164,262.16 2 9
github.com/opendatahub-io/opendatahub-operator/v2/internal/webhook/notebook/mutating.go:262.16,264.3 1 0
github.com/opendatahub-io/opendatahub-operator/v2/internal/webhook/notebook/mutating.go:265.2,265.36 1 9
github.com/opendatahub-io/opendatahub-operator/v2/internal/webhook/notebook/mutating.go:265.36,267.3 1 0
github.com/opendatahub-io/opendatahub-operator/v2/internal/webhook/notebook/mutating.go:270.2,271.9 2 9
github.com/opendatahub-io/opendatahub-operator/v2/internal/webhook/notebook/mutating.go:271.9,273.3 1 0
github.com/opendatahub-io/opendatahub-operator/v2/internal/webhook/notebook/mutating.go:276.2,280.40 3 9
github.com/opendatahub-io/opendatahub-operator/v2/internal/webhook/notebook/mutating.go:280.40,281.57 1 2
github.com/opendatahub-io/opendatahub-operator/v2/internal/webhook/notebook/mutating.go:281.57,282.63 1 2
github.com/opendatahub-io/opendatahub-operator/v2/internal/webhook/notebook/mutating.go:282.63,284.5 1 1
github.com/opendatahub-io/opendatahub-operator/v2/internal/webhook/notebook/mutating.go:289.2,290.39 2 9
github.com/opendatahub-io/opendatahub-operator/v2/internal/webhook/notebook/mutating.go:290.39,297.3 2 11
github.com/opendatahub-io/opendatahub-operator/v2/internal/webhook/notebook/mutating.go:300.2,306.102 3 9
github.com/opendatahub-io/opendatahub-operator/v2/internal/webhook/notebook/mutating.go:306.102,308.3 1 0
github.com/opendatahub-io/opendatahub-operator/v2/internal/webhook/notebook/mutating.go:310.2,310.22 1 9
github.com/opendatahub-io/opendatahub-operator/v2/internal/webhook/notebook/register.go:11.47,17.39 1 0
github.com/opendatahub-io/opendatahub-operator/v2/internal/webhook/notebook/register.go:17.39,19.3 1 0
github.com/opendatahub-io/opendatahub-operator/v2/internal/webhook/notebook/register.go:21.2,21.12 1 0
