mode: atomic
github.com/opendatahub-io/opendatahub-operator/v2/internal/controller/components/kueue/kueue.go:39.13,41.2 1 1
github.com/opendatahub-io/opendatahub-operator/v2/internal/controller/components/kueue/kueue.go:43.45,45.2 1 1
github.com/opendatahub-io/opendatahub-operator/v2/internal/controller/components/kueue/kueue.go:47.93,65.2 1 1
github.com/opendatahub-io/opendatahub-operator/v2/internal/controller/components/kueue/kueue.go:67.65,68.101 1 0
github.com/opendatahub-io/opendatahub-operator/v2/internal/controller/components/kueue/kueue.go:68.101,70.3 1 0
github.com/opendatahub-io/opendatahub-operator/v2/internal/controller/components/kueue/kueue.go:72.2,72.12 1 0
github.com/opendatahub-io/opendatahub-operator/v2/internal/controller/components/kueue/kueue.go:75.74,76.51 1 8
github.com/opendatahub-io/opendatahub-operator/v2/internal/controller/components/kueue/kueue.go:77.26,78.14 1 3
github.com/opendatahub-io/opendatahub-operator/v2/internal/controller/components/kueue/kueue.go:79.28,80.14 1 2
github.com/opendatahub-io/opendatahub-operator/v2/internal/controller/components/kueue/kueue.go:81.10,82.15 1 3
github.com/opendatahub-io/opendatahub-operator/v2/internal/controller/components/kueue/kueue.go:86.130,92.106 4 5
github.com/opendatahub-io/opendatahub-operator/v2/internal/controller/components/kueue/kueue.go:92.106,94.3 1 0
github.com/opendatahub-io/opendatahub-operator/v2/internal/controller/components/kueue/kueue.go:96.2,97.9 2 5
github.com/opendatahub-io/opendatahub-operator/v2/internal/controller/components/kueue/kueue.go:97.9,99.3 1 0
github.com/opendatahub-io/opendatahub-operator/v2/internal/controller/components/kueue/kueue.go:101.2,109.22 6 5
github.com/opendatahub-io/opendatahub-operator/v2/internal/controller/components/kueue/kueue.go:109.22,113.96 3 3
github.com/opendatahub-io/opendatahub-operator/v2/internal/controller/components/kueue/kueue.go:113.96,116.4 2 3
github.com/opendatahub-io/opendatahub-operator/v2/internal/controller/components/kueue/kueue.go:116.9,118.4 1 0
github.com/opendatahub-io/opendatahub-operator/v2/internal/controller/components/kueue/kueue.go:119.8,126.3 1 2
github.com/opendatahub-io/opendatahub-operator/v2/internal/controller/components/kueue/kueue.go:128.2,128.16 1 5
github.com/opendatahub-io/opendatahub-operator/v2/internal/controller/components/kueue/kueue_config.go:41.112,51.9 4 16
github.com/opendatahub-io/opendatahub-operator/v2/internal/controller/components/kueue/kueue_config.go:52.30,53.21 1 3
github.com/opendatahub-io/opendatahub-operator/v2/internal/controller/components/kueue/kueue_config.go:54.18,55.18 1 0
github.com/opendatahub-io/opendatahub-operator/v2/internal/controller/components/kueue/kueue_config.go:58.2,59.9 2 13
github.com/opendatahub-io/opendatahub-operator/v2/internal/controller/components/kueue/kueue_config.go:59.9,61.3 1 0
github.com/opendatahub-io/opendatahub-operator/v2/internal/controller/components/kueue/kueue_config.go:63.2,63.65 1 13
github.com/opendatahub-io/opendatahub-operator/v2/internal/controller/components/kueue/kueue_config.go:63.65,65.3 1 1
github.com/opendatahub-io/opendatahub-operator/v2/internal/controller/components/kueue/kueue_config.go:67.2,67.20 1 12
github.com/opendatahub-io/opendatahub-operator/v2/internal/controller/components/kueue/kueue_config.go:70.113,72.16 2 16
github.com/opendatahub-io/opendatahub-operator/v2/internal/controller/components/kueue/kueue_config.go:72.16,74.3 1 1
github.com/opendatahub-io/opendatahub-operator/v2/internal/controller/components/kueue/kueue_config.go:80.2,81.16 2 15
github.com/opendatahub-io/opendatahub-operator/v2/internal/controller/components/kueue/kueue_config.go:81.16,83.3 1 0
github.com/opendatahub-io/opendatahub-operator/v2/internal/controller/components/kueue/kueue_config.go:85.2,86.16 2 15
github.com/opendatahub-io/opendatahub-operator/v2/internal/controller/components/kueue/kueue_config.go:86.16,88.3 1 0
github.com/opendatahub-io/opendatahub-operator/v2/internal/controller/components/kueue/kueue_config.go:90.2,91.16 2 15
github.com/opendatahub-io/opendatahub-operator/v2/internal/controller/components/kueue/kueue_config.go:91.16,93.3 1 0
github.com/opendatahub-io/opendatahub-operator/v2/internal/controller/components/kueue/kueue_config.go:95.2,96.16 2 15
github.com/opendatahub-io/opendatahub-operator/v2/internal/controller/components/kueue/kueue_config.go:96.16,98.3 1 0
github.com/opendatahub-io/opendatahub-operator/v2/internal/controller/components/kueue/kueue_config.go:104.2,113.28 3 15
github.com/opendatahub-io/opendatahub-operator/v2/internal/controller/components/kueue/kueue_config.go:113.28,115.3 1 15
github.com/opendatahub-io/opendatahub-operator/v2/internal/controller/components/kueue/kueue_config.go:116.2,116.28 1 15
github.com/opendatahub-io/opendatahub-operator/v2/internal/controller/components/kueue/kueue_config.go:116.28,118.3 1 2
github.com/opendatahub-io/opendatahub-operator/v2/internal/controller/components/kueue/kueue_config.go:119.2,119.30 1 15
github.com/opendatahub-io/opendatahub-operator/v2/internal/controller/components/kueue/kueue_config.go:119.30,121.3 1 3
github.com/opendatahub-io/opendatahub-operator/v2/internal/controller/components/kueue/kueue_config.go:122.2,122.26 1 15
github.com/opendatahub-io/opendatahub-operator/v2/internal/controller/components/kueue/kueue_config.go:122.26,124.3 1 2
github.com/opendatahub-io/opendatahub-operator/v2/internal/controller/components/kueue/kueue_config.go:128.2,129.16 2 15
github.com/opendatahub-io/opendatahub-operator/v2/internal/controller/components/kueue/kueue_config.go:129.16,131.3 1 0
github.com/opendatahub-io/opendatahub-operator/v2/internal/controller/components/kueue/kueue_config.go:133.2,141.15 4 15
github.com/opendatahub-io/opendatahub-operator/v2/internal/controller/components/kueue/kueue_config.go:145.89,153.16 3 15
github.com/opendatahub-io/opendatahub-operator/v2/internal/controller/components/kueue/kueue_config.go:153.16,155.3 1 0
github.com/opendatahub-io/opendatahub-operator/v2/internal/controller/components/kueue/kueue_config.go:157.2,166.39 2 15
github.com/opendatahub-io/opendatahub-operator/v2/internal/controller/components/kueue/kueue_config.go:166.39,167.55 1 21
github.com/opendatahub-io/opendatahub-operator/v2/internal/controller/components/kueue/kueue_config.go:167.55,169.4 1 20
github.com/opendatahub-io/opendatahub-operator/v2/internal/controller/components/kueue/kueue_config.go:172.2,173.34 2 15
github.com/opendatahub-io/opendatahub-operator/v2/internal/controller/components/kueue/kueue_config.go:173.34,176.41 3 15
github.com/opendatahub-io/opendatahub-operator/v2/internal/controller/components/kueue/kueue_config.go:176.41,178.4 1 101
github.com/opendatahub-io/opendatahub-operator/v2/internal/controller/components/kueue/kueue_config.go:179.3,179.46 1 15
github.com/opendatahub-io/opendatahub-operator/v2/internal/controller/components/kueue/kueue_config.go:186.2,189.16 3 15
github.com/opendatahub-io/opendatahub-operator/v2/internal/controller/components/kueue/kueue_config.go:189.16,191.3 1 0
github.com/opendatahub-io/opendatahub-operator/v2/internal/controller/components/kueue/kueue_config.go:193.2,193.47 1 15
github.com/opendatahub-io/opendatahub-operator/v2/internal/controller/components/kueue/kueue_config.go:193.47,194.55 1 4
github.com/opendatahub-io/opendatahub-operator/v2/internal/controller/components/kueue/kueue_config.go:194.55,196.4 1 4
github.com/opendatahub-io/opendatahub-operator/v2/internal/controller/components/kueue/kueue_config.go:199.2,200.42 2 15
github.com/opendatahub-io/opendatahub-operator/v2/internal/controller/components/kueue/kueue_config.go:200.42,203.49 3 2
github.com/opendatahub-io/opendatahub-operator/v2/internal/controller/components/kueue/kueue_config.go:203.49,205.4 1 4
github.com/opendatahub-io/opendatahub-operator/v2/internal/controller/components/kueue/kueue_config.go:206.3,206.54 1 2
github.com/opendatahub-io/opendatahub-operator/v2/internal/controller/components/kueue/kueue_config.go:213.2,214.16 2 15
github.com/opendatahub-io/opendatahub-operator/v2/internal/controller/components/kueue/kueue_config.go:214.16,216.3 1 0
github.com/opendatahub-io/opendatahub-operator/v2/internal/controller/components/kueue/kueue_config.go:218.2,218.24 1 15
github.com/opendatahub-io/opendatahub-operator/v2/internal/controller/components/kueue/kueue_config.go:218.24,221.31 3 2
github.com/opendatahub-io/opendatahub-operator/v2/internal/controller/components/kueue/kueue_config.go:221.31,223.4 1 4
github.com/opendatahub-io/opendatahub-operator/v2/internal/controller/components/kueue/kueue_config.go:224.3,224.45 1 2
github.com/opendatahub-io/opendatahub-operator/v2/internal/controller/components/kueue/kueue_config.go:227.2,227.26 1 15
github.com/opendatahub-io/opendatahub-operator/v2/internal/controller/components/kueue/kueue_config.go:231.95,233.16 2 15
github.com/opendatahub-io/opendatahub-operator/v2/internal/controller/components/kueue/kueue_config.go:233.16,235.3 1 0
github.com/opendatahub-io/opendatahub-operator/v2/internal/controller/components/kueue/kueue_config.go:237.2,237.12 1 15
github.com/opendatahub-io/opendatahub-operator/v2/internal/controller/components/kueue/kueue_config.go:237.12,239.3 1 13
github.com/opendatahub-io/opendatahub-operator/v2/internal/controller/components/kueue/kueue_config.go:241.2,245.32 2 2
github.com/opendatahub-io/opendatahub-operator/v2/internal/controller/components/kueue/kueue_config.go:245.32,247.3 1 2
github.com/opendatahub-io/opendatahub-operator/v2/internal/controller/components/kueue/kueue_config.go:249.2,249.26 1 2
github.com/opendatahub-io/opendatahub-operator/v2/internal/controller/components/kueue/kueue_config.go:252.91,254.16 2 15
github.com/opendatahub-io/opendatahub-operator/v2/internal/controller/components/kueue/kueue_config.go:254.16,256.3 1 0
github.com/opendatahub-io/opendatahub-operator/v2/internal/controller/components/kueue/kueue_config.go:258.2,258.12 1 15
github.com/opendatahub-io/opendatahub-operator/v2/internal/controller/components/kueue/kueue_config.go:258.12,260.3 1 11
github.com/opendatahub-io/opendatahub-operator/v2/internal/controller/components/kueue/kueue_config.go:262.2,263.16 2 4
github.com/opendatahub-io/opendatahub-operator/v2/internal/controller/components/kueue/kueue_config.go:263.16,265.3 1 0
github.com/opendatahub-io/opendatahub-operator/v2/internal/controller/components/kueue/kueue_config.go:267.2,267.14 1 4
github.com/opendatahub-io/opendatahub-operator/v2/internal/controller/components/kueue/kueue_config.go:267.14,269.3 1 1
github.com/opendatahub-io/opendatahub-operator/v2/internal/controller/components/kueue/kueue_config.go:271.2,282.16 5 3
github.com/opendatahub-io/opendatahub-operator/v2/internal/controller/components/kueue/kueue_config.go:282.16,284.3 1 0
github.com/opendatahub-io/opendatahub-operator/v2/internal/controller/components/kueue/kueue_config.go:286.2,286.20 1 3
github.com/opendatahub-io/opendatahub-operator/v2/internal/controller/components/kueue/kueue_config.go:286.20,288.3 1 1
github.com/opendatahub-io/opendatahub-operator/v2/internal/controller/components/kueue/kueue_config.go:290.2,291.16 2 3
github.com/opendatahub-io/opendatahub-operator/v2/internal/controller/components/kueue/kueue_config.go:291.16,293.3 1 0
github.com/opendatahub-io/opendatahub-operator/v2/internal/controller/components/kueue/kueue_config.go:295.2,295.19 1 3
github.com/opendatahub-io/opendatahub-operator/v2/internal/controller/components/kueue/kueue_config.go:295.19,297.3 1 1
github.com/opendatahub-io/opendatahub-operator/v2/internal/controller/components/kueue/kueue_config.go:299.2,301.28 2 3
github.com/opendatahub-io/opendatahub-operator/v2/internal/controller/components/kueue/kueue_config.go:304.87,306.16 2 15
github.com/opendatahub-io/opendatahub-operator/v2/internal/controller/components/kueue/kueue_config.go:306.16,308.3 1 0
github.com/opendatahub-io/opendatahub-operator/v2/internal/controller/components/kueue/kueue_config.go:309.2,309.12 1 15
github.com/opendatahub-io/opendatahub-operator/v2/internal/controller/components/kueue/kueue_config.go:309.12,311.3 1 13
github.com/opendatahub-io/opendatahub-operator/v2/internal/controller/components/kueue/kueue_config.go:313.2,317.11 2 2
github.com/opendatahub-io/opendatahub-operator/v2/internal/controller/components/kueue/kueue_config.go:317.11,320.17 2 2
github.com/opendatahub-io/opendatahub-operator/v2/internal/controller/components/kueue/kueue_config.go:320.17,322.4 1 0
github.com/opendatahub-io/opendatahub-operator/v2/internal/controller/components/kueue/kueue_config.go:324.3,324.14 1 2
github.com/opendatahub-io/opendatahub-operator/v2/internal/controller/components/kueue/kueue_config.go:324.14,328.4 2 2
github.com/opendatahub-io/opendatahub-operator/v2/internal/controller/components/kueue/kueue_config.go:331.2,331.24 1 2
github.com/opendatahub-io/opendatahub-operator/v2/internal/controller/components/kueue/kueue_controller.go:55.96,144.79 1 0
github.com/opendatahub-io/opendatahub-operator/v2/internal/controller/components/kueue/kueue_controller.go:144.79,146.11 2 0
github.com/opendatahub-io/opendatahub-operator/v2/internal/controller/components/kueue/kueue_controller.go:146.11,148.5 1 0
github.com/opendatahub-io/opendatahub-operator/v2/internal/controller/components/kueue/kueue_controller.go:149.4,149.88 1 0
github.com/opendatahub-io/opendatahub-operator/v2/internal/controller/components/kueue/kueue_controller.go:149.88,151.5 1 0
github.com/opendatahub-io/opendatahub-operator/v2/internal/controller/components/kueue/kueue_controller.go:152.4,152.14 1 0
github.com/opendatahub-io/opendatahub-operator/v2/internal/controller/components/kueue/kueue_controller.go:161.2,161.40 1 0
github.com/opendatahub-io/opendatahub-operator/v2/internal/controller/components/kueue/kueue_controller.go:161.40,163.3 1 0
github.com/opendatahub-io/opendatahub-operator/v2/internal/controller/components/kueue/kueue_controller.go:165.2,165.12 1 0
github.com/opendatahub-io/opendatahub-operator/v2/internal/controller/components/kueue/kueue_controller_actions.go:24.88,26.9 2 6
github.com/opendatahub-io/opendatahub-operator/v2/internal/controller/components/kueue/kueue_controller_actions.go:26.9,28.3 1 0
github.com/opendatahub-io/opendatahub-operator/v2/internal/controller/components/kueue/kueue_controller_actions.go:30.2,31.16 2 6
github.com/opendatahub-io/opendatahub-operator/v2/internal/controller/components/kueue/kueue_controller_actions.go:31.16,33.3 1 0
github.com/opendatahub-io/opendatahub-operator/v2/internal/controller/components/kueue/kueue_controller_actions.go:35.2,36.16 2 6
github.com/opendatahub-io/opendatahub-operator/v2/internal/controller/components/kueue/kueue_controller_actions.go:36.16,38.3 1 0
github.com/opendatahub-io/opendatahub-operator/v2/internal/controller/components/kueue/kueue_controller_actions.go:40.2,40.25 1 6
github.com/opendatahub-io/opendatahub-operator/v2/internal/controller/components/kueue/kueue_controller_actions.go:40.25,42.3 1 3
github.com/opendatahub-io/opendatahub-operator/v2/internal/controller/components/kueue/kueue_controller_actions.go:44.2,44.46 1 3
github.com/opendatahub-io/opendatahub-operator/v2/internal/controller/components/kueue/kueue_controller_actions.go:45.26,46.95 1 1
github.com/opendatahub-io/opendatahub-operator/v2/internal/controller/components/kueue/kueue_controller_actions.go:46.95,47.18 1 1
github.com/opendatahub-io/opendatahub-operator/v2/internal/controller/components/kueue/kueue_controller_actions.go:47.18,49.5 1 0
github.com/opendatahub-io/opendatahub-operator/v2/internal/controller/components/kueue/kueue_controller_actions.go:51.4,51.68 1 1
github.com/opendatahub-io/opendatahub-operator/v2/internal/controller/components/kueue/kueue_controller_actions.go:53.28,54.96 1 1
github.com/opendatahub-io/opendatahub-operator/v2/internal/controller/components/kueue/kueue_controller_actions.go:54.96,55.18 1 1
github.com/opendatahub-io/opendatahub-operator/v2/internal/controller/components/kueue/kueue_controller_actions.go:55.18,57.5 1 0
github.com/opendatahub-io/opendatahub-operator/v2/internal/controller/components/kueue/kueue_controller_actions.go:59.4,59.64 1 1
github.com/opendatahub-io/opendatahub-operator/v2/internal/controller/components/kueue/kueue_controller_actions.go:61.10,62.13 1 1
github.com/opendatahub-io/opendatahub-operator/v2/internal/controller/components/kueue/kueue_controller_actions.go:65.2,65.12 1 0
github.com/opendatahub-io/opendatahub-operator/v2/internal/controller/components/kueue/kueue_controller_actions.go:68.78,70.9 2 2
github.com/opendatahub-io/opendatahub-operator/v2/internal/controller/components/kueue/kueue_controller_actions.go:70.9,72.3 1 0
github.com/opendatahub-io/opendatahub-operator/v2/internal/controller/components/kueue/kueue_controller_actions.go:74.2,74.64 1 2
github.com/opendatahub-io/opendatahub-operator/v2/internal/controller/components/kueue/kueue_controller_actions.go:74.64,76.3 1 1
github.com/opendatahub-io/opendatahub-operator/v2/internal/controller/components/kueue/kueue_controller_actions.go:77.2,79.12 2 2
github.com/opendatahub-io/opendatahub-operator/v2/internal/controller/components/kueue/kueue_controller_actions.go:82.78,84.9 2 0
github.com/opendatahub-io/opendatahub-operator/v2/internal/controller/components/kueue/kueue_controller_actions.go:84.9,86.3 1 0
github.com/opendatahub-io/opendatahub-operator/v2/internal/controller/components/kueue/kueue_controller_actions.go:88.2,88.32 1 0
github.com/opendatahub-io/opendatahub-operator/v2/internal/controller/components/kueue/kueue_controller_actions.go:88.32,90.3 1 0
github.com/opendatahub-io/opendatahub-operator/v2/internal/controller/components/kueue/kueue_controller_actions.go:94.2,94.45 1 0
github.com/opendatahub-io/opendatahub-operator/v2/internal/controller/components/kueue/kueue_controller_actions.go:94.45,96.89 2 0
github.com/opendatahub-io/opendatahub-operator/v2/internal/controller/components/kueue/kueue_controller_actions.go:96.89,98.4 1 0
github.com/opendatahub-io/opendatahub-operator/v2/internal/controller/components/kueue/kueue_controller_actions.go:100.3,100.38 1 0
github.com/opendatahub-io/opendatahub-operator/v2/internal/controller/components/kueue/kueue_controller_actions.go:100.38,104.4 3 0
github.com/opendatahub-io/opendatahub-operator/v2/internal/controller/components/kueue/kueue_controller_actions.go:107.2,107.12 1 0
github.com/opendatahub-io/opendatahub-operator/v2/internal/controller/components/kueue/kueue_controller_actions.go:110.107,114.73 4 5
github.com/opendatahub-io/opendatahub-operator/v2/internal/controller/components/kueue/kueue_controller_actions.go:114.73,116.3 1 1
github.com/opendatahub-io/opendatahub-operator/v2/internal/controller/components/kueue/kueue_controller_actions.go:117.2,118.14 2 4
github.com/opendatahub-io/opendatahub-operator/v2/internal/controller/components/kueue/kueue_controller_actions.go:118.14,120.3 1 2
github.com/opendatahub-io/opendatahub-operator/v2/internal/controller/components/kueue/kueue_controller_actions.go:121.2,121.38 1 4
github.com/opendatahub-io/opendatahub-operator/v2/internal/controller/components/kueue/kueue_controller_actions.go:121.38,123.3 1 1
github.com/opendatahub-io/opendatahub-operator/v2/internal/controller/components/kueue/kueue_controller_actions.go:124.2,126.27 3 3
github.com/opendatahub-io/opendatahub-operator/v2/internal/controller/components/kueue/kueue_controller_actions.go:129.97,135.16 4 5
github.com/opendatahub-io/opendatahub-operator/v2/internal/controller/components/kueue/kueue_controller_actions.go:135.16,136.29 1 1
github.com/opendatahub-io/opendatahub-operator/v2/internal/controller/components/kueue/kueue_controller_actions.go:136.29,139.4 2 1
github.com/opendatahub-io/opendatahub-operator/v2/internal/controller/components/kueue/kueue_controller_actions.go:140.3,140.54 1 0
github.com/opendatahub-io/opendatahub-operator/v2/internal/controller/components/kueue/kueue_controller_actions.go:146.2,147.48 2 4
github.com/opendatahub-io/opendatahub-operator/v2/internal/controller/components/kueue/kueue_controller_actions.go:147.48,148.53 1 9
github.com/opendatahub-io/opendatahub-operator/v2/internal/controller/components/kueue/kueue_controller_actions.go:148.53,150.4 1 5
github.com/opendatahub-io/opendatahub-operator/v2/internal/controller/components/kueue/kueue_controller_actions.go:154.2,155.41 2 4
github.com/opendatahub-io/opendatahub-operator/v2/internal/controller/components/kueue/kueue_controller_actions.go:155.41,161.3 1 5
github.com/opendatahub-io/opendatahub-operator/v2/internal/controller/components/kueue/kueue_controller_actions.go:164.2,177.16 3 4
github.com/opendatahub-io/opendatahub-operator/v2/internal/controller/components/kueue/kueue_controller_actions.go:177.16,179.3 1 0
github.com/opendatahub-io/opendatahub-operator/v2/internal/controller/components/kueue/kueue_controller_actions.go:181.2,182.12 2 4
github.com/opendatahub-io/opendatahub-operator/v2/internal/controller/components/kueue/kueue_controller_actions.go:185.103,187.9 2 4
github.com/opendatahub-io/opendatahub-operator/v2/internal/controller/components/kueue/kueue_controller_actions.go:187.9,189.3 1 1
github.com/opendatahub-io/opendatahub-operator/v2/internal/controller/components/kueue/kueue_controller_actions.go:192.2,192.64 1 3
github.com/opendatahub-io/opendatahub-operator/v2/internal/controller/components/kueue/kueue_controller_actions.go:192.64,194.3 1 1
github.com/opendatahub-io/opendatahub-operator/v2/internal/controller/components/kueue/kueue_controller_actions.go:197.2,197.66 1 2
github.com/opendatahub-io/opendatahub-operator/v2/internal/controller/components/kueue/kueue_controller_actions.go:197.66,199.17 2 1
github.com/opendatahub-io/opendatahub-operator/v2/internal/controller/components/kueue/kueue_controller_actions.go:199.17,201.4 1 0
github.com/opendatahub-io/opendatahub-operator/v2/internal/controller/components/kueue/kueue_controller_actions.go:203.3,203.59 1 1
github.com/opendatahub-io/opendatahub-operator/v2/internal/controller/components/kueue/kueue_controller_actions.go:207.2,212.16 4 2
github.com/opendatahub-io/opendatahub-operator/v2/internal/controller/components/kueue/kueue_controller_actions.go:212.16,214.3 1 0
github.com/opendatahub-io/opendatahub-operator/v2/internal/controller/components/kueue/kueue_controller_actions.go:216.2,217.16 2 2
github.com/opendatahub-io/opendatahub-operator/v2/internal/controller/components/kueue/kueue_controller_actions.go:217.16,219.3 1 0
github.com/opendatahub-io/opendatahub-operator/v2/internal/controller/components/kueue/kueue_controller_actions.go:222.2,222.39 1 2
github.com/opendatahub-io/opendatahub-operator/v2/internal/controller/components/kueue/kueue_controller_actions.go:222.39,225.3 2 6
github.com/opendatahub-io/opendatahub-operator/v2/internal/controller/components/kueue/kueue_controller_actions.go:227.2,227.12 1 2
github.com/opendatahub-io/opendatahub-operator/v2/internal/controller/components/kueue/kueue_support.go:54.44,60.2 1 2
github.com/opendatahub-io/opendatahub-operator/v2/internal/controller/components/kueue/kueue_support.go:62.55,68.2 1 4
github.com/opendatahub-io/opendatahub-operator/v2/internal/controller/components/kueue/kueue_support.go:70.93,77.17 2 2
github.com/opendatahub-io/opendatahub-operator/v2/internal/controller/components/kueue/kueue_support.go:77.17,79.3 1 0
github.com/opendatahub-io/opendatahub-operator/v2/internal/controller/components/kueue/kueue_support.go:81.2,83.17 1 2
github.com/opendatahub-io/opendatahub-operator/v2/internal/controller/components/kueue/kueue_support.go:83.17,85.3 1 0
github.com/opendatahub-io/opendatahub-operator/v2/internal/controller/components/kueue/kueue_support.go:87.2,88.47 2 2
github.com/opendatahub-io/opendatahub-operator/v2/internal/controller/components/kueue/kueue_support.go:88.47,90.3 1 6
github.com/opendatahub-io/opendatahub-operator/v2/internal/controller/components/kueue/kueue_support.go:92.2,92.35 1 2
github.com/opendatahub-io/opendatahub-operator/v2/internal/controller/components/kueue/kueue_support.go:95.151,100.6 3 4
github.com/opendatahub-io/opendatahub-operator/v2/internal/controller/components/kueue/kueue_support.go:100.6,103.58 2 4
github.com/opendatahub-io/opendatahub-operator/v2/internal/controller/components/kueue/kueue_support.go:103.58,105.4 1 0
github.com/opendatahub-io/opendatahub-operator/v2/internal/controller/components/kueue/kueue_support.go:107.3,107.39 1 4
github.com/opendatahub-io/opendatahub-operator/v2/internal/controller/components/kueue/kueue_support.go:107.39,109.4 1 8
github.com/opendatahub-io/opendatahub-operator/v2/internal/controller/components/kueue/kueue_support.go:111.3,111.32 1 4
github.com/opendatahub-io/opendatahub-operator/v2/internal/controller/components/kueue/kueue_support.go:111.32,112.9 1 4
github.com/opendatahub-io/opendatahub-operator/v2/internal/controller/components/kueue/kueue_support.go:115.3,115.36 1 0
github.com/opendatahub-io/opendatahub-operator/v2/internal/controller/components/kueue/kueue_support.go:117.2,117.12 1 4
github.com/opendatahub-io/opendatahub-operator/v2/internal/controller/components/kueue/kueue_support.go:121.118,122.32 1 2
github.com/opendatahub-io/opendatahub-operator/v2/internal/controller/components/kueue/kueue_support.go:122.32,127.30 3 6
github.com/opendatahub-io/opendatahub-operator/v2/internal/controller/components/kueue/kueue_support.go:127.30,128.12 1 0
github.com/opendatahub-io/opendatahub-operator/v2/internal/controller/components/kueue/kueue_support.go:132.3,137.44 2 6
github.com/opendatahub-io/opendatahub-operator/v2/internal/controller/components/kueue/kueue_support.go:137.44,138.31 1 0
github.com/opendatahub-io/opendatahub-operator/v2/internal/controller/components/kueue/kueue_support.go:138.31,140.5 1 0
github.com/opendatahub-io/opendatahub-operator/v2/internal/controller/components/kueue/kueue_support.go:143.2,143.12 1 2
github.com/opendatahub-io/opendatahub-operator/v2/internal/controller/components/kueue/kueue_support.go:146.72,164.2 3 2
github.com/opendatahub-io/opendatahub-operator/v2/internal/controller/components/kueue/kueue_support.go:166.113,185.2 3 6
