mode: atomic
github.com/opendatahub-io/opendatahub-operator/v2/pkg/feature/builder.go:29.49,38.46 2 0
github.com/opendatahub-io/opendatahub-operator/v2/pkg/feature/builder.go:38.46,39.28 1 0
github.com/opendatahub-io/opendatahub-operator/v2/pkg/feature/builder.go:39.28,41.4 1 0
github.com/opendatahub-io/opendatahub-operator/v2/pkg/feature/builder.go:43.3,44.85 2 0
github.com/opendatahub-io/opendatahub-operator/v2/pkg/feature/builder.go:44.85,46.4 1 0
github.com/opendatahub-io/opendatahub-operator/v2/pkg/feature/builder.go:48.3,48.13 1 0
github.com/opendatahub-io/opendatahub-operator/v2/pkg/feature/builder.go:52.2,54.11 2 0
github.com/opendatahub-io/opendatahub-operator/v2/pkg/feature/builder.go:57.75,61.2 2 0
github.com/opendatahub-io/opendatahub-operator/v2/pkg/feature/builder.go:65.76,66.23 1 0
github.com/opendatahub-io/opendatahub-operator/v2/pkg/feature/builder.go:66.23,68.3 1 0
github.com/opendatahub-io/opendatahub-operator/v2/pkg/feature/builder.go:70.2,70.11 1 0
github.com/opendatahub-io/opendatahub-operator/v2/pkg/feature/builder.go:74.83,75.35 1 0
github.com/opendatahub-io/opendatahub-operator/v2/pkg/feature/builder.go:75.35,76.60 1 0
github.com/opendatahub-io/opendatahub-operator/v2/pkg/feature/builder.go:76.60,78.24 2 0
github.com/opendatahub-io/opendatahub-operator/v2/pkg/feature/builder.go:78.24,80.5 1 0
github.com/opendatahub-io/opendatahub-operator/v2/pkg/feature/builder.go:82.4,84.14 2 0
github.com/opendatahub-io/opendatahub-operator/v2/pkg/feature/builder.go:88.2,88.11 1 0
github.com/opendatahub-io/opendatahub-operator/v2/pkg/feature/builder.go:93.73,97.2 2 0
github.com/opendatahub-io/opendatahub-operator/v2/pkg/feature/builder.go:99.71,103.2 2 0
github.com/opendatahub-io/opendatahub-operator/v2/pkg/feature/builder.go:116.53,120.2 2 0
github.com/opendatahub-io/opendatahub-operator/v2/pkg/feature/builder.go:125.77,126.59 1 0
github.com/opendatahub-io/opendatahub-operator/v2/pkg/feature/builder.go:126.59,130.3 2 0
github.com/opendatahub-io/opendatahub-operator/v2/pkg/feature/builder.go:132.2,132.11 1 0
github.com/opendatahub-io/opendatahub-operator/v2/pkg/feature/builder.go:140.76,141.59 1 0
github.com/opendatahub-io/opendatahub-operator/v2/pkg/feature/builder.go:141.59,145.3 2 0
github.com/opendatahub-io/opendatahub-operator/v2/pkg/feature/builder.go:146.2,146.11 1 0
github.com/opendatahub-io/opendatahub-operator/v2/pkg/feature/builder.go:150.78,151.59 1 0
github.com/opendatahub-io/opendatahub-operator/v2/pkg/feature/builder.go:151.59,155.3 2 0
github.com/opendatahub-io/opendatahub-operator/v2/pkg/feature/builder.go:157.2,157.11 1 0
github.com/opendatahub-io/opendatahub-operator/v2/pkg/feature/builder.go:163.82,164.59 1 0
github.com/opendatahub-io/opendatahub-operator/v2/pkg/feature/builder.go:164.59,168.3 2 0
github.com/opendatahub-io/opendatahub-operator/v2/pkg/feature/builder.go:170.2,170.11 1 0
github.com/opendatahub-io/opendatahub-operator/v2/pkg/feature/builder.go:174.84,175.59 1 0
github.com/opendatahub-io/opendatahub-operator/v2/pkg/feature/builder.go:175.59,179.3 2 0
github.com/opendatahub-io/opendatahub-operator/v2/pkg/feature/builder.go:181.2,181.11 1 0
github.com/opendatahub-io/opendatahub-operator/v2/pkg/feature/builder.go:185.77,186.59 1 0
github.com/opendatahub-io/opendatahub-operator/v2/pkg/feature/builder.go:186.59,190.3 2 0
github.com/opendatahub-io/opendatahub-operator/v2/pkg/feature/builder.go:192.2,192.11 1 0
github.com/opendatahub-io/opendatahub-operator/v2/pkg/feature/builder.go:197.54,198.86 1 0
github.com/opendatahub-io/opendatahub-operator/v2/pkg/feature/builder.go:198.86,200.3 1 0
github.com/opendatahub-io/opendatahub-operator/v2/pkg/feature/builder.go:202.2,212.29 2 0
github.com/opendatahub-io/opendatahub-operator/v2/pkg/feature/builder.go:212.29,213.43 1 0
github.com/opendatahub-io/opendatahub-operator/v2/pkg/feature/builder.go:213.43,215.4 1 0
github.com/opendatahub-io/opendatahub-operator/v2/pkg/feature/builder.go:218.2,218.15 1 0
github.com/opendatahub-io/opendatahub-operator/v2/pkg/feature/conditions.go:27.84,32.2 1 0
github.com/opendatahub-io/opendatahub-operator/v2/pkg/feature/conditions.go:34.47,36.2 1 0
github.com/opendatahub-io/opendatahub-operator/v2/pkg/feature/conditions.go:38.47,40.2 1 0
github.com/opendatahub-io/opendatahub-operator/v2/pkg/feature/conditions.go:42.60,43.72 1 0
github.com/opendatahub-io/opendatahub-operator/v2/pkg/feature/conditions.go:43.72,44.93 1 0
github.com/opendatahub-io/opendatahub-operator/v2/pkg/feature/conditions.go:44.93,50.4 1 0
github.com/opendatahub-io/opendatahub-operator/v2/pkg/feature/conditions.go:51.3,51.13 1 0
github.com/opendatahub-io/opendatahub-operator/v2/pkg/feature/conditions.go:55.52,56.72 1 0
github.com/opendatahub-io/opendatahub-operator/v2/pkg/feature/conditions.go:56.72,64.99 3 0
github.com/opendatahub-io/opendatahub-operator/v2/pkg/feature/conditions.go:64.99,68.18 3 0
github.com/opendatahub-io/opendatahub-operator/v2/pkg/feature/conditions.go:68.18,70.5 1 0
github.com/opendatahub-io/opendatahub-operator/v2/pkg/feature/conditions.go:72.4,76.22 4 0
github.com/opendatahub-io/opendatahub-operator/v2/pkg/feature/conditions.go:76.22,78.5 1 0
github.com/opendatahub-io/opendatahub-operator/v2/pkg/feature/conditions.go:80.4,80.38 1 0
github.com/opendatahub-io/opendatahub-operator/v2/pkg/feature/conditions.go:80.38,84.48 2 0
github.com/opendatahub-io/opendatahub-operator/v2/pkg/feature/conditions.go:84.48,85.54 1 0
github.com/opendatahub-io/opendatahub-operator/v2/pkg/feature/conditions.go:85.54,86.44 1 0
github.com/opendatahub-io/opendatahub-operator/v2/pkg/feature/conditions.go:86.44,87.52 1 0
github.com/opendatahub-io/opendatahub-operator/v2/pkg/feature/conditions.go:87.52,90.14 2 0
github.com/opendatahub-io/opendatahub-operator/v2/pkg/feature/conditions.go:95.5,95.17 1 0
github.com/opendatahub-io/opendatahub-operator/v2/pkg/feature/conditions.go:95.17,97.6 1 0
github.com/opendatahub-io/opendatahub-operator/v2/pkg/feature/conditions.go:100.4,102.12 2 0
github.com/opendatahub-io/opendatahub-operator/v2/pkg/feature/conditions.go:102.12,104.5 1 0
github.com/opendatahub-io/opendatahub-operator/v2/pkg/feature/conditions.go:106.4,106.20 1 0
github.com/opendatahub-io/opendatahub-operator/v2/pkg/feature/conditions.go:111.56,114.27 2 0
github.com/opendatahub-io/opendatahub-operator/v2/pkg/feature/conditions.go:114.27,115.77 1 0
github.com/opendatahub-io/opendatahub-operator/v2/pkg/feature/conditions.go:115.77,117.4 1 0
github.com/opendatahub-io/opendatahub-operator/v2/pkg/feature/conditions.go:120.2,120.21 1 0
github.com/opendatahub-io/opendatahub-operator/v2/pkg/feature/conditions.go:123.87,124.72 1 0
github.com/opendatahub-io/opendatahub-operator/v2/pkg/feature/conditions.go:124.72,132.99 3 0
github.com/opendatahub-io/opendatahub-operator/v2/pkg/feature/conditions.go:132.99,137.18 4 0
github.com/opendatahub-io/opendatahub-operator/v2/pkg/feature/conditions.go:137.18,141.5 2 0
github.com/opendatahub-io/opendatahub-operator/v2/pkg/feature/conditions.go:143.4,143.27 1 0
github.com/opendatahub-io/opendatahub-operator/v2/pkg/feature/conditions.go:143.27,147.5 2 0
github.com/opendatahub-io/opendatahub-operator/v2/pkg/feature/conditions.go:149.4,149.21 1 0
github.com/opendatahub-io/opendatahub-operator/v2/pkg/feature/feature.go:78.71,81.68 1 0
github.com/opendatahub-io/opendatahub-operator/v2/pkg/feature/feature.go:81.68,82.17 1 0
github.com/opendatahub-io/opendatahub-operator/v2/pkg/feature/feature.go:82.17,84.4 1 0
github.com/opendatahub-io/opendatahub-operator/v2/pkg/feature/feature.go:86.3,86.29 1 0
github.com/opendatahub-io/opendatahub-operator/v2/pkg/feature/feature.go:89.2,89.72 1 0
github.com/opendatahub-io/opendatahub-operator/v2/pkg/feature/feature.go:89.72,91.3 1 0
github.com/opendatahub-io/opendatahub-operator/v2/pkg/feature/feature.go:93.2,93.103 1 0
github.com/opendatahub-io/opendatahub-operator/v2/pkg/feature/feature.go:93.103,96.3 2 0
github.com/opendatahub-io/opendatahub-operator/v2/pkg/feature/feature.go:96.23,98.3 1 0
github.com/opendatahub-io/opendatahub-operator/v2/pkg/feature/feature.go:100.2,103.60 3 0
github.com/opendatahub-io/opendatahub-operator/v2/pkg/feature/feature.go:106.78,109.47 2 0
github.com/opendatahub-io/opendatahub-operator/v2/pkg/feature/feature.go:109.47,111.3 1 0
github.com/opendatahub-io/opendatahub-operator/v2/pkg/feature/feature.go:112.2,112.62 1 0
github.com/opendatahub-io/opendatahub-operator/v2/pkg/feature/feature.go:112.62,114.3 1 0
github.com/opendatahub-io/opendatahub-operator/v2/pkg/feature/feature.go:116.2,116.47 1 0
github.com/opendatahub-io/opendatahub-operator/v2/pkg/feature/feature.go:116.47,118.3 1 0
github.com/opendatahub-io/opendatahub-operator/v2/pkg/feature/feature.go:119.2,119.72 1 0
github.com/opendatahub-io/opendatahub-operator/v2/pkg/feature/feature.go:119.72,121.3 1 0
github.com/opendatahub-io/opendatahub-operator/v2/pkg/feature/feature.go:123.2,123.55 1 0
github.com/opendatahub-io/opendatahub-operator/v2/pkg/feature/feature.go:123.55,124.87 1 0
github.com/opendatahub-io/opendatahub-operator/v2/pkg/feature/feature.go:124.87,126.4 1 0
github.com/opendatahub-io/opendatahub-operator/v2/pkg/feature/feature.go:129.2,129.28 1 0
github.com/opendatahub-io/opendatahub-operator/v2/pkg/feature/feature.go:129.28,131.91 2 0
github.com/opendatahub-io/opendatahub-operator/v2/pkg/feature/feature.go:131.91,133.4 1 0
github.com/opendatahub-io/opendatahub-operator/v2/pkg/feature/feature.go:136.2,136.49 1 0
github.com/opendatahub-io/opendatahub-operator/v2/pkg/feature/feature.go:136.49,138.3 1 0
github.com/opendatahub-io/opendatahub-operator/v2/pkg/feature/feature.go:139.2,139.72 1 0
github.com/opendatahub-io/opendatahub-operator/v2/pkg/feature/feature.go:139.72,141.3 1 0
github.com/opendatahub-io/opendatahub-operator/v2/pkg/feature/feature.go:143.2,143.12 1 0
github.com/opendatahub-io/opendatahub-operator/v2/pkg/feature/feature.go:146.73,152.41 3 0
github.com/opendatahub-io/opendatahub-operator/v2/pkg/feature/feature.go:152.41,154.3 1 0
github.com/opendatahub-io/opendatahub-operator/v2/pkg/feature/feature.go:156.2,156.35 1 0
github.com/opendatahub-io/opendatahub-operator/v2/pkg/feature/feature.go:159.59,161.2 1 0
github.com/opendatahub-io/opendatahub-operator/v2/pkg/feature/feature.go:164.60,166.2 1 0
github.com/opendatahub-io/opendatahub-operator/v2/pkg/feature/feature.go:169.46,171.2 1 0
github.com/opendatahub-io/opendatahub-operator/v2/pkg/feature/feature.go:173.51,178.2 4 0
github.com/opendatahub-io/opendatahub-operator/v2/pkg/feature/feature.go:180.59,183.18 2 0
github.com/opendatahub-io/opendatahub-operator/v2/pkg/feature/feature.go:183.18,185.3 1 0
github.com/opendatahub-io/opendatahub-operator/v2/pkg/feature/feature.go:185.8,187.3 1 0
github.com/opendatahub-io/opendatahub-operator/v2/pkg/feature/feature.go:189.2,189.15 1 0
github.com/opendatahub-io/opendatahub-operator/v2/pkg/feature/feature.go:189.15,190.69 1 0
github.com/opendatahub-io/opendatahub-operator/v2/pkg/feature/feature.go:190.69,192.29 2 0
github.com/opendatahub-io/opendatahub-operator/v2/pkg/feature/feature.go:192.29,194.5 1 0
github.com/opendatahub-io/opendatahub-operator/v2/pkg/feature/feature.go:197.4,197.78 1 0
github.com/opendatahub-io/opendatahub-operator/v2/pkg/feature/feature.go:197.78,200.5 2 0
github.com/opendatahub-io/opendatahub-operator/v2/pkg/feature/feature.go:202.4,202.14 1 0
github.com/opendatahub-io/opendatahub-operator/v2/pkg/feature/feature.go:205.2,205.21 1 0
github.com/opendatahub-io/opendatahub-operator/v2/pkg/feature/feature_data.go:17.81,18.72 1 0
github.com/opendatahub-io/opendatahub-operator/v2/pkg/feature/feature_data.go:18.72,20.17 2 0
github.com/opendatahub-io/opendatahub-operator/v2/pkg/feature/feature_data.go:20.17,22.4 1 0
github.com/opendatahub-io/opendatahub-operator/v2/pkg/feature/feature_data.go:24.3,24.26 1 0
github.com/opendatahub-io/opendatahub-operator/v2/pkg/feature/feature_data.go:45.66,46.37 1 0
github.com/opendatahub-io/opendatahub-operator/v2/pkg/feature/feature_data.go:46.37,48.3 1 0
github.com/opendatahub-io/opendatahub-operator/v2/pkg/feature/feature_data.go:52.41,54.2 1 0
github.com/opendatahub-io/opendatahub-operator/v2/pkg/feature/feature_data.go:57.52,62.12 4 0
github.com/opendatahub-io/opendatahub-operator/v2/pkg/feature/feature_data.go:62.12,64.3 1 0
github.com/opendatahub-io/opendatahub-operator/v2/pkg/feature/feature_data.go:66.2,67.9 2 0
github.com/opendatahub-io/opendatahub-operator/v2/pkg/feature/feature_data.go:67.9,69.3 1 0
github.com/opendatahub-io/opendatahub-operator/v2/pkg/feature/feature_data.go:71.2,71.18 1 0
github.com/opendatahub-io/opendatahub-operator/v2/pkg/feature/feature_data.go:75.51,76.19 1 0
github.com/opendatahub-io/opendatahub-operator/v2/pkg/feature/feature_data.go:76.19,78.3 1 0
github.com/opendatahub-io/opendatahub-operator/v2/pkg/feature/feature_data.go:80.2,82.12 2 0
github.com/opendatahub-io/opendatahub-operator/v2/pkg/feature/feature_tracker_handler.go:23.51,25.2 1 0
github.com/opendatahub-io/opendatahub-operator/v2/pkg/feature/feature_tracker_handler.go:27.51,29.2 1 0
github.com/opendatahub-io/opendatahub-operator/v2/pkg/feature/feature_tracker_handler.go:33.85,35.42 2 0
github.com/opendatahub-io/opendatahub-operator/v2/pkg/feature/feature_tracker_handler.go:35.42,37.3 1 0
github.com/opendatahub-io/opendatahub-operator/v2/pkg/feature/feature_tracker_handler.go:39.2,39.31 1 0
github.com/opendatahub-io/opendatahub-operator/v2/pkg/feature/feature_tracker_handler.go:39.31,41.3 1 0
github.com/opendatahub-io/opendatahub-operator/v2/pkg/feature/feature_tracker_handler.go:43.2,48.20 2 0
github.com/opendatahub-io/opendatahub-operator/v2/pkg/feature/feature_tracker_handler.go:48.20,50.19 2 0
github.com/opendatahub-io/opendatahub-operator/v2/pkg/feature/feature_tracker_handler.go:50.19,52.4 1 0
github.com/opendatahub-io/opendatahub-operator/v2/pkg/feature/feature_tracker_handler.go:52.9,54.4 1 0
github.com/opendatahub-io/opendatahub-operator/v2/pkg/feature/feature_tracker_handler.go:56.3,56.85 1 0
github.com/opendatahub-io/opendatahub-operator/v2/pkg/feature/feature_tracker_handler.go:56.85,58.4 1 0
github.com/opendatahub-io/opendatahub-operator/v2/pkg/feature/feature_tracker_handler.go:61.2,61.31 1 0
github.com/opendatahub-io/opendatahub-operator/v2/pkg/feature/feature_tracker_handler.go:61.31,62.62 1 0
github.com/opendatahub-io/opendatahub-operator/v2/pkg/feature/feature_tracker_handler.go:62.62,64.4 1 0
github.com/opendatahub-io/opendatahub-operator/v2/pkg/feature/feature_tracker_handler.go:65.8,66.62 1 0
github.com/opendatahub-io/opendatahub-operator/v2/pkg/feature/feature_tracker_handler.go:66.62,68.4 1 0
github.com/opendatahub-io/opendatahub-operator/v2/pkg/feature/feature_tracker_handler.go:71.2,71.66 1 0
github.com/opendatahub-io/opendatahub-operator/v2/pkg/feature/feature_tracker_handler.go:71.66,73.3 1 0
github.com/opendatahub-io/opendatahub-operator/v2/pkg/feature/feature_tracker_handler.go:75.2,77.12 2 0
github.com/opendatahub-io/opendatahub-operator/v2/pkg/feature/feature_tracker_handler.go:81.51,82.60 1 0
github.com/opendatahub-io/opendatahub-operator/v2/pkg/feature/feature_tracker_handler.go:82.60,84.31 2 0
github.com/opendatahub-io/opendatahub-operator/v2/pkg/feature/feature_tracker_handler.go:84.31,86.119 1 0
github.com/opendatahub-io/opendatahub-operator/v2/pkg/feature/feature_tracker_handler.go:86.119,88.5 1 0
github.com/opendatahub-io/opendatahub-operator/v2/pkg/feature/feature_tracker_handler.go:88.10,90.5 1 0
github.com/opendatahub-io/opendatahub-operator/v2/pkg/feature/feature_tracker_handler.go:93.3,93.31 1 0
github.com/opendatahub-io/opendatahub-operator/v2/pkg/feature/feature_tracker_handler.go:93.31,95.4 1 0
github.com/opendatahub-io/opendatahub-operator/v2/pkg/feature/feature_tracker_handler.go:97.3,97.13 1 0
github.com/opendatahub-io/opendatahub-operator/v2/pkg/feature/feature_tracker_handler.go:101.130,104.89 2 0
github.com/opendatahub-io/opendatahub-operator/v2/pkg/feature/feature_tracker_handler.go:104.89,106.3 1 0
github.com/opendatahub-io/opendatahub-operator/v2/pkg/feature/feature_tracker_handler.go:108.2,108.21 1 0
github.com/opendatahub-io/opendatahub-operator/v2/pkg/feature/feature_tracker_handler.go:111.69,114.16 2 0
github.com/opendatahub-io/opendatahub-operator/v2/pkg/feature/feature_tracker_handler.go:114.16,116.3 1 0
github.com/opendatahub-io/opendatahub-operator/v2/pkg/feature/feature_tracker_handler.go:117.2,117.17 1 0
github.com/opendatahub-io/opendatahub-operator/v2/pkg/feature/feature_tracker_handler.go:117.17,119.3 1 0
github.com/opendatahub-io/opendatahub-operator/v2/pkg/feature/feature_tracker_handler.go:121.2,123.12 2 0
github.com/opendatahub-io/opendatahub-operator/v2/pkg/feature/feature_tracker_handler.go:126.116,127.115 1 0
github.com/opendatahub-io/opendatahub-operator/v2/pkg/feature/feature_tracker_handler.go:127.115,128.61 1 0
github.com/opendatahub-io/opendatahub-operator/v2/pkg/feature/feature_tracker_handler.go:128.61,131.4 2 0
github.com/opendatahub-io/opendatahub-operator/v2/pkg/feature/feature_tracker_handler.go:132.3,132.17 1 0
github.com/opendatahub-io/opendatahub-operator/v2/pkg/feature/feature_tracker_handler.go:132.17,135.37 3 0
github.com/opendatahub-io/opendatahub-operator/v2/pkg/feature/feature_tracker_handler.go:135.37,137.5 1 0
github.com/opendatahub-io/opendatahub-operator/v2/pkg/feature/feature_tracker_handler.go:138.4,138.61 1 0
github.com/opendatahub-io/opendatahub-operator/v2/pkg/feature/feature_tracker_handler.go:138.61,141.5 2 0
github.com/opendatahub-io/opendatahub-operator/v2/pkg/feature/feature_tracker_handler.go:144.3,144.26 1 0
github.com/opendatahub-io/opendatahub-operator/v2/pkg/feature/handler.go:43.67,46.26 2 0
github.com/opendatahub-io/opendatahub-operator/v2/pkg/feature/handler.go:46.26,56.3 4 0
github.com/opendatahub-io/opendatahub-operator/v2/pkg/feature/handler.go:58.2,58.30 1 0
github.com/opendatahub-io/opendatahub-operator/v2/pkg/feature/handler.go:61.80,64.56 2 0
github.com/opendatahub-io/opendatahub-operator/v2/pkg/feature/handler.go:64.56,65.46 1 0
github.com/opendatahub-io/opendatahub-operator/v2/pkg/feature/handler.go:65.46,67.4 1 0
github.com/opendatahub-io/opendatahub-operator/v2/pkg/feature/handler.go:70.2,71.32 2 0
github.com/opendatahub-io/opendatahub-operator/v2/pkg/feature/handler.go:71.32,72.53 1 0
github.com/opendatahub-io/opendatahub-operator/v2/pkg/feature/handler.go:72.53,74.4 1 0
github.com/opendatahub-io/opendatahub-operator/v2/pkg/feature/handler.go:77.2,77.30 1 0
github.com/opendatahub-io/opendatahub-operator/v2/pkg/feature/handler.go:82.81,85.56 2 0
github.com/opendatahub-io/opendatahub-operator/v2/pkg/feature/handler.go:85.56,86.46 1 0
github.com/opendatahub-io/opendatahub-operator/v2/pkg/feature/handler.go:86.46,88.4 1 0
github.com/opendatahub-io/opendatahub-operator/v2/pkg/feature/handler.go:91.2,92.45 2 0
github.com/opendatahub-io/opendatahub-operator/v2/pkg/feature/handler.go:92.45,93.72 1 0
github.com/opendatahub-io/opendatahub-operator/v2/pkg/feature/handler.go:93.72,95.4 1 0
github.com/opendatahub-io/opendatahub-operator/v2/pkg/feature/handler.go:98.2,98.30 1 0
github.com/opendatahub-io/opendatahub-operator/v2/pkg/feature/handler.go:105.103,112.2 1 0
github.com/opendatahub-io/opendatahub-operator/v2/pkg/feature/handler.go:114.133,122.2 1 0
github.com/opendatahub-io/opendatahub-operator/v2/pkg/feature/handler.go:139.126,144.2 1 0
github.com/opendatahub-io/opendatahub-operator/v2/pkg/feature/handler.go:146.85,152.2 3 0
github.com/opendatahub-io/opendatahub-operator/v2/pkg/feature/handler.go:154.86,160.2 3 0
github.com/opendatahub-io/opendatahub-operator/v2/pkg/feature/resources.go:13.58,14.72 1 0
github.com/opendatahub-io/opendatahub-operator/v2/pkg/feature/resources.go:14.72,18.3 2 0
