mode: atomic
github.com/opendatahub-io/opendatahub-operator/v2/pkg/cluster/cert.go:38.144,40.16 2 0
github.com/opendatahub-io/opendatahub-operator/v2/pkg/cluster/cert.go:40.16,42.3 1 0
github.com/opendatahub-io/opendatahub-operator/v2/pkg/cluster/cert.go:44.2,44.79 1 0
github.com/opendatahub-io/opendatahub-operator/v2/pkg/cluster/cert.go:44.79,46.3 1 0
github.com/opendatahub-io/opendatahub-operator/v2/pkg/cluster/cert.go:48.2,53.48 3 0
github.com/opendatahub-io/opendatahub-operator/v2/pkg/cluster/cert.go:53.48,55.3 1 0
github.com/opendatahub-io/opendatahub-operator/v2/pkg/cluster/cert.go:57.2,57.12 1 0
github.com/opendatahub-io/opendatahub-operator/v2/pkg/cluster/cert.go:60.98,62.16 2 0
github.com/opendatahub-io/opendatahub-operator/v2/pkg/cluster/cert.go:62.16,64.3 1 0
github.com/opendatahub-io/opendatahub-operator/v2/pkg/cluster/cert.go:66.2,80.8 1 0
github.com/opendatahub-io/opendatahub-operator/v2/pkg/cluster/cert.go:83.63,85.16 2 0
github.com/opendatahub-io/opendatahub-operator/v2/pkg/cluster/cert.go:85.16,87.3 1 0
github.com/opendatahub-io/opendatahub-operator/v2/pkg/cluster/cert.go:89.2,90.21 2 0
github.com/opendatahub-io/opendatahub-operator/v2/pkg/cluster/cert.go:90.21,92.3 1 0
github.com/opendatahub-io/opendatahub-operator/v2/pkg/cluster/cert.go:94.2,109.40 3 0
github.com/opendatahub-io/opendatahub-operator/v2/pkg/cluster/cert.go:109.40,111.3 1 0
github.com/opendatahub-io/opendatahub-operator/v2/pkg/cluster/cert.go:111.8,112.36 1 0
github.com/opendatahub-io/opendatahub-operator/v2/pkg/cluster/cert.go:112.36,114.4 1 0
github.com/opendatahub-io/opendatahub-operator/v2/pkg/cluster/cert.go:115.3,115.46 1 0
github.com/opendatahub-io/opendatahub-operator/v2/pkg/cluster/cert.go:118.2,121.16 3 0
github.com/opendatahub-io/opendatahub-operator/v2/pkg/cluster/cert.go:121.16,123.3 1 0
github.com/opendatahub-io/opendatahub-operator/v2/pkg/cluster/cert.go:124.2,125.16 2 0
github.com/opendatahub-io/opendatahub-operator/v2/pkg/cluster/cert.go:125.16,127.3 1 0
github.com/opendatahub-io/opendatahub-operator/v2/pkg/cluster/cert.go:129.2,133.17 2 0
github.com/opendatahub-io/opendatahub-operator/v2/pkg/cluster/cert.go:133.17,135.3 1 0
github.com/opendatahub-io/opendatahub-operator/v2/pkg/cluster/cert.go:137.2,141.17 2 0
github.com/opendatahub-io/opendatahub-operator/v2/pkg/cluster/cert.go:141.17,143.3 1 0
github.com/opendatahub-io/opendatahub-operator/v2/pkg/cluster/cert.go:145.2,145.51 1 0
github.com/opendatahub-io/opendatahub-operator/v2/pkg/cluster/cert.go:148.93,150.16 2 0
github.com/opendatahub-io/opendatahub-operator/v2/pkg/cluster/cert.go:150.16,152.3 1 0
github.com/opendatahub-io/opendatahub-operator/v2/pkg/cluster/cert.go:154.2,157.16 3 0
github.com/opendatahub-io/opendatahub-operator/v2/pkg/cluster/cert.go:157.16,159.3 1 0
github.com/opendatahub-io/opendatahub-operator/v2/pkg/cluster/cert.go:161.2,161.34 1 0
github.com/opendatahub-io/opendatahub-operator/v2/pkg/cluster/cert.go:165.115,167.16 2 0
github.com/opendatahub-io/opendatahub-operator/v2/pkg/cluster/cert.go:167.16,169.3 1 0
github.com/opendatahub-io/opendatahub-operator/v2/pkg/cluster/cert.go:171.2,171.83 1 0
github.com/opendatahub-io/opendatahub-operator/v2/pkg/cluster/cert.go:174.114,178.16 3 0
github.com/opendatahub-io/opendatahub-operator/v2/pkg/cluster/cert.go:178.16,180.3 1 0
github.com/opendatahub-io/opendatahub-operator/v2/pkg/cluster/cert.go:181.2,181.32 1 0
github.com/opendatahub-io/opendatahub-operator/v2/pkg/cluster/cert.go:184.88,185.48 1 0
github.com/opendatahub-io/opendatahub-operator/v2/pkg/cluster/cert.go:185.48,187.3 1 0
github.com/opendatahub-io/opendatahub-operator/v2/pkg/cluster/cert.go:188.2,188.43 1 0
github.com/opendatahub-io/opendatahub-operator/v2/pkg/cluster/cert.go:191.102,194.16 3 0
github.com/opendatahub-io/opendatahub-operator/v2/pkg/cluster/cert.go:194.16,196.3 1 0
github.com/opendatahub-io/opendatahub-operator/v2/pkg/cluster/cert.go:197.2,197.20 1 0
github.com/opendatahub-io/opendatahub-operator/v2/pkg/cluster/cert.go:200.128,219.48 4 0
github.com/opendatahub-io/opendatahub-operator/v2/pkg/cluster/cert.go:219.48,221.3 1 0
github.com/opendatahub-io/opendatahub-operator/v2/pkg/cluster/cert.go:223.2,223.12 1 0
github.com/opendatahub-io/opendatahub-operator/v2/pkg/cluster/cluster_config.go:47.57,52.16 4 0
github.com/opendatahub-io/opendatahub-operator/v2/pkg/cluster/cluster_config.go:52.16,55.3 1 0
github.com/opendatahub-io/opendatahub-operator/v2/pkg/cluster/cluster_config.go:57.2,58.16 2 0
github.com/opendatahub-io/opendatahub-operator/v2/pkg/cluster/cluster_config.go:58.16,60.3 1 0
github.com/opendatahub-io/opendatahub-operator/v2/pkg/cluster/cluster_config.go:62.2,63.16 2 0
github.com/opendatahub-io/opendatahub-operator/v2/pkg/cluster/cluster_config.go:63.16,65.3 1 0
github.com/opendatahub-io/opendatahub-operator/v2/pkg/cluster/cluster_config.go:67.2,68.16 2 0
github.com/opendatahub-io/opendatahub-operator/v2/pkg/cluster/cluster_config.go:68.16,70.3 1 0
github.com/opendatahub-io/opendatahub-operator/v2/pkg/cluster/cluster_config.go:71.2,72.12 2 0
github.com/opendatahub-io/opendatahub-operator/v2/pkg/cluster/cluster_config.go:75.42,80.2 1 0
github.com/opendatahub-io/opendatahub-operator/v2/pkg/cluster/cluster_config.go:82.45,83.35 1 0
github.com/opendatahub-io/opendatahub-operator/v2/pkg/cluster/cluster_config.go:83.35,85.3 1 0
github.com/opendatahub-io/opendatahub-operator/v2/pkg/cluster/cluster_config.go:86.2,86.37 1 0
github.com/opendatahub-io/opendatahub-operator/v2/pkg/cluster/cluster_config.go:89.34,91.2 1 0
github.com/opendatahub-io/opendatahub-operator/v2/pkg/cluster/cluster_config.go:93.35,95.2 1 0
github.com/opendatahub-io/opendatahub-operator/v2/pkg/cluster/cluster_config.go:97.70,104.26 3 0
github.com/opendatahub-io/opendatahub-operator/v2/pkg/cluster/cluster_config.go:104.26,106.3 1 0
github.com/opendatahub-io/opendatahub-operator/v2/pkg/cluster/cluster_config.go:108.2,109.12 2 0
github.com/opendatahub-io/opendatahub-operator/v2/pkg/cluster/cluster_config.go:109.12,111.3 1 0
github.com/opendatahub-io/opendatahub-operator/v2/pkg/cluster/cluster_config.go:113.2,113.20 1 0
github.com/opendatahub-io/opendatahub-operator/v2/pkg/cluster/cluster_config.go:117.91,121.33 2 0
github.com/opendatahub-io/opendatahub-operator/v2/pkg/cluster/cluster_config.go:121.33,123.3 1 0
github.com/opendatahub-io/opendatahub-operator/v2/pkg/cluster/cluster_config.go:124.2,125.16 2 0
github.com/opendatahub-io/opendatahub-operator/v2/pkg/cluster/cluster_config.go:125.16,127.3 1 0
github.com/opendatahub-io/opendatahub-operator/v2/pkg/cluster/cluster_config.go:128.2,128.49 1 0
github.com/opendatahub-io/opendatahub-operator/v2/pkg/cluster/cluster_config.go:131.45,133.31 2 0
github.com/opendatahub-io/opendatahub-operator/v2/pkg/cluster/cluster_config.go:133.31,135.3 1 0
github.com/opendatahub-io/opendatahub-operator/v2/pkg/cluster/cluster_config.go:136.2,137.26 2 0
github.com/opendatahub-io/opendatahub-operator/v2/pkg/cluster/cluster_config.go:140.56,142.2 1 0
github.com/opendatahub-io/opendatahub-operator/v2/pkg/cluster/cluster_config.go:144.53,145.9 1 0
github.com/opendatahub-io/opendatahub-operator/v2/pkg/cluster/cluster_config.go:146.53,147.14 1 0
github.com/opendatahub-io/opendatahub-operator/v2/pkg/cluster/cluster_config.go:148.48,149.14 1 0
github.com/opendatahub-io/opendatahub-operator/v2/pkg/cluster/cluster_config.go:150.33,151.14 1 0
github.com/opendatahub-io/opendatahub-operator/v2/pkg/cluster/cluster_config.go:152.35,153.14 1 0
github.com/opendatahub-io/opendatahub-operator/v2/pkg/cluster/cluster_config.go:154.10,155.15 1 0
github.com/opendatahub-io/opendatahub-operator/v2/pkg/cluster/cluster_config.go:159.51,161.2 1 0
github.com/opendatahub-io/opendatahub-operator/v2/pkg/cluster/cluster_config.go:164.133,170.6 3 0
github.com/opendatahub-io/opendatahub-operator/v2/pkg/cluster/cluster_config.go:170.6,171.84 1 0
github.com/opendatahub-io/opendatahub-operator/v2/pkg/cluster/cluster_config.go:171.84,173.4 1 0
github.com/opendatahub-io/opendatahub-operator/v2/pkg/cluster/cluster_config.go:174.3,174.55 1 0
github.com/opendatahub-io/opendatahub-operator/v2/pkg/cluster/cluster_config.go:174.55,175.72 1 0
github.com/opendatahub-io/opendatahub-operator/v2/pkg/cluster/cluster_config.go:175.72,176.48 1 0
github.com/opendatahub-io/opendatahub-operator/v2/pkg/cluster/cluster_config.go:176.48,178.6 1 0
github.com/opendatahub-io/opendatahub-operator/v2/pkg/cluster/cluster_config.go:181.3,181.111 1 0
github.com/opendatahub-io/opendatahub-operator/v2/pkg/cluster/cluster_config.go:181.111,182.9 1 0
github.com/opendatahub-io/opendatahub-operator/v2/pkg/cluster/cluster_config.go:186.2,188.34 1 0
github.com/opendatahub-io/opendatahub-operator/v2/pkg/cluster/cluster_config.go:192.89,194.12 2 0
github.com/opendatahub-io/opendatahub-operator/v2/pkg/cluster/cluster_config.go:194.12,196.3 1 0
github.com/opendatahub-io/opendatahub-operator/v2/pkg/cluster/cluster_config.go:198.2,198.25 1 0
github.com/opendatahub-io/opendatahub-operator/v2/pkg/cluster/cluster_config.go:202.90,205.16 3 0
github.com/opendatahub-io/opendatahub-operator/v2/pkg/cluster/cluster_config.go:205.16,207.3 1 0
github.com/opendatahub-io/opendatahub-operator/v2/pkg/cluster/cluster_config.go:208.2,209.16 2 0
github.com/opendatahub-io/opendatahub-operator/v2/pkg/cluster/cluster_config.go:209.16,211.3 1 0
github.com/opendatahub-io/opendatahub-operator/v2/pkg/cluster/cluster_config.go:212.2,212.26 1 0
github.com/opendatahub-io/opendatahub-operator/v2/pkg/cluster/cluster_config.go:215.83,216.40 1 0
github.com/opendatahub-io/opendatahub-operator/v2/pkg/cluster/cluster_config.go:217.21,218.26 1 0
github.com/opendatahub-io/opendatahub-operator/v2/pkg/cluster/cluster_config.go:219.22,220.27 1 0
github.com/opendatahub-io/opendatahub-operator/v2/pkg/cluster/cluster_config.go:221.26,222.31 1 0
github.com/opendatahub-io/opendatahub-operator/v2/pkg/cluster/cluster_config.go:223.10,226.17 2 0
github.com/opendatahub-io/opendatahub-operator/v2/pkg/cluster/cluster_config.go:226.17,228.4 1 0
github.com/opendatahub-io/opendatahub-operator/v2/pkg/cluster/cluster_config.go:229.3,229.31 1 0
github.com/opendatahub-io/opendatahub-operator/v2/pkg/cluster/cluster_config.go:229.31,231.4 1 0
github.com/opendatahub-io/opendatahub-operator/v2/pkg/cluster/cluster_config.go:232.3,232.37 1 0
github.com/opendatahub-io/opendatahub-operator/v2/pkg/cluster/cluster_config.go:236.81,246.16 3 0
github.com/opendatahub-io/opendatahub-operator/v2/pkg/cluster/cluster_config.go:246.16,248.3 1 0
github.com/opendatahub-io/opendatahub-operator/v2/pkg/cluster/cluster_config.go:249.2,252.31 2 0
github.com/opendatahub-io/opendatahub-operator/v2/pkg/cluster/cluster_config.go:252.31,254.3 1 0
github.com/opendatahub-io/opendatahub-operator/v2/pkg/cluster/cluster_config.go:258.2,259.16 2 0
github.com/opendatahub-io/opendatahub-operator/v2/pkg/cluster/cluster_config.go:259.16,262.3 1 0
github.com/opendatahub-io/opendatahub-operator/v2/pkg/cluster/cluster_config.go:263.2,264.28 2 0
github.com/opendatahub-io/opendatahub-operator/v2/pkg/cluster/cluster_config.go:264.28,267.3 1 0
github.com/opendatahub-io/opendatahub-operator/v2/pkg/cluster/cluster_config.go:268.2,268.16 1 0
github.com/opendatahub-io/opendatahub-operator/v2/pkg/cluster/cluster_config.go:268.16,270.3 1 0
github.com/opendatahub-io/opendatahub-operator/v2/pkg/cluster/cluster_config.go:271.2,272.25 2 0
github.com/opendatahub-io/opendatahub-operator/v2/pkg/cluster/cluster_config.go:275.82,285.16 3 0
github.com/opendatahub-io/opendatahub-operator/v2/pkg/cluster/cluster_config.go:285.16,287.3 1 0
github.com/opendatahub-io/opendatahub-operator/v2/pkg/cluster/cluster_config.go:288.2,291.61 2 0
github.com/opendatahub-io/opendatahub-operator/v2/pkg/cluster/cluster_config.go:291.61,293.3 1 0
github.com/opendatahub-io/opendatahub-operator/v2/pkg/cluster/cluster_config.go:293.8,295.3 1 0
github.com/opendatahub-io/opendatahub-operator/v2/pkg/cluster/cluster_config.go:297.2,297.15 1 0
github.com/opendatahub-io/opendatahub-operator/v2/pkg/cluster/cluster_config.go:300.74,309.57 3 64
github.com/opendatahub-io/opendatahub-operator/v2/pkg/cluster/cluster_config.go:309.57,311.3 1 16
github.com/opendatahub-io/opendatahub-operator/v2/pkg/cluster/cluster_config.go:313.2,314.28 2 48
github.com/opendatahub-io/opendatahub-operator/v2/pkg/cluster/cluster_config.go:314.28,317.3 1 8
github.com/opendatahub-io/opendatahub-operator/v2/pkg/cluster/cluster_config.go:319.2,320.81 2 40
github.com/opendatahub-io/opendatahub-operator/v2/pkg/cluster/cluster_config.go:320.81,323.3 1 0
github.com/opendatahub-io/opendatahub-operator/v2/pkg/cluster/cluster_config.go:325.2,325.32 1 40
github.com/opendatahub-io/opendatahub-operator/v2/pkg/cluster/cluster_config.go:328.82,330.16 2 0
github.com/opendatahub-io/opendatahub-operator/v2/pkg/cluster/cluster_config.go:330.16,332.3 1 0
github.com/opendatahub-io/opendatahub-operator/v2/pkg/cluster/cluster_config.go:333.2,334.9 2 0
github.com/opendatahub-io/opendatahub-operator/v2/pkg/cluster/cluster_config.go:334.9,335.19 1 0
github.com/opendatahub-io/opendatahub-operator/v2/pkg/cluster/cluster_config.go:336.39,337.74 1 0
github.com/opendatahub-io/opendatahub-operator/v2/pkg/cluster/cluster_config.go:338.11,339.72 1 0
github.com/opendatahub-io/opendatahub-operator/v2/pkg/cluster/cluster_config.go:342.2,342.12 1 0
github.com/opendatahub-io/opendatahub-operator/v2/pkg/cluster/meta.go:15.69,16.27 1 11
github.com/opendatahub-io/opendatahub-operator/v2/pkg/cluster/meta.go:16.27,17.34 1 7
github.com/opendatahub-io/opendatahub-operator/v2/pkg/cluster/meta.go:17.34,19.4 1 0
github.com/opendatahub-io/opendatahub-operator/v2/pkg/cluster/meta.go:22.2,22.12 1 11
github.com/opendatahub-io/opendatahub-operator/v2/pkg/cluster/meta.go:25.79,26.39 1 1
github.com/opendatahub-io/opendatahub-operator/v2/pkg/cluster/meta.go:26.39,29.3 2 1
github.com/opendatahub-io/opendatahub-operator/v2/pkg/cluster/meta.go:34.71,35.39 1 0
github.com/opendatahub-io/opendatahub-operator/v2/pkg/cluster/meta.go:35.39,37.3 1 0
github.com/opendatahub-io/opendatahub-operator/v2/pkg/cluster/meta.go:40.76,41.39 1 0
github.com/opendatahub-io/opendatahub-operator/v2/pkg/cluster/meta.go:41.39,43.3 1 0
github.com/opendatahub-io/opendatahub-operator/v2/pkg/cluster/meta.go:46.47,47.39 1 4
github.com/opendatahub-io/opendatahub-operator/v2/pkg/cluster/meta.go:47.39,49.17 2 4
github.com/opendatahub-io/opendatahub-operator/v2/pkg/cluster/meta.go:49.17,51.4 1 0
github.com/opendatahub-io/opendatahub-operator/v2/pkg/cluster/meta.go:53.3,55.13 2 4
github.com/opendatahub-io/opendatahub-operator/v2/pkg/cluster/meta.go:59.41,60.39 1 1
github.com/opendatahub-io/opendatahub-operator/v2/pkg/cluster/meta.go:60.39,63.3 2 1
github.com/opendatahub-io/opendatahub-operator/v2/pkg/cluster/meta.go:66.64,67.39 1 1
github.com/opendatahub-io/opendatahub-operator/v2/pkg/cluster/meta.go:67.39,69.17 2 1
github.com/opendatahub-io/opendatahub-operator/v2/pkg/cluster/meta.go:69.17,71.4 1 0
github.com/opendatahub-io/opendatahub-operator/v2/pkg/cluster/meta.go:73.3,75.13 2 1
github.com/opendatahub-io/opendatahub-operator/v2/pkg/cluster/meta.go:79.70,81.18 2 5
github.com/opendatahub-io/opendatahub-operator/v2/pkg/cluster/meta.go:81.18,83.3 1 0
github.com/opendatahub-io/opendatahub-operator/v2/pkg/cluster/meta.go:85.2,86.32 2 5
github.com/opendatahub-io/opendatahub-operator/v2/pkg/cluster/meta.go:86.32,88.3 1 5
github.com/opendatahub-io/opendatahub-operator/v2/pkg/cluster/meta.go:90.2,90.19 1 5
github.com/opendatahub-io/opendatahub-operator/v2/pkg/cluster/operator.go:20.125,22.94 2 0
github.com/opendatahub-io/opendatahub-operator/v2/pkg/cluster/operator.go:22.94,25.3 1 0
github.com/opendatahub-io/opendatahub-operator/v2/pkg/cluster/operator.go:26.2,26.17 1 0
github.com/opendatahub-io/opendatahub-operator/v2/pkg/cluster/operator.go:29.92,31.56 2 0
github.com/opendatahub-io/opendatahub-operator/v2/pkg/cluster/operator.go:31.56,33.3 1 0
github.com/opendatahub-io/opendatahub-operator/v2/pkg/cluster/operator.go:35.2,35.45 1 0
github.com/opendatahub-io/opendatahub-operator/v2/pkg/cluster/operator.go:35.45,36.23 1 0
github.com/opendatahub-io/opendatahub-operator/v2/pkg/cluster/operator.go:36.23,38.4 1 0
github.com/opendatahub-io/opendatahub-operator/v2/pkg/cluster/operator.go:40.2,40.19 1 0
github.com/opendatahub-io/opendatahub-operator/v2/pkg/cluster/operator.go:45.115,47.16 2 0
github.com/opendatahub-io/opendatahub-operator/v2/pkg/cluster/operator.go:47.16,49.3 1 0
github.com/opendatahub-io/opendatahub-operator/v2/pkg/cluster/operator.go:51.2,51.68 1 0
github.com/opendatahub-io/opendatahub-operator/v2/pkg/cluster/operator.go:51.68,53.3 1 0
github.com/opendatahub-io/opendatahub-operator/v2/pkg/cluster/operator.go:55.2,55.12 1 0
github.com/opendatahub-io/opendatahub-operator/v2/pkg/cluster/operator.go:61.98,64.16 3 0
github.com/opendatahub-io/opendatahub-operator/v2/pkg/cluster/operator.go:64.16,66.3 1 0
github.com/opendatahub-io/opendatahub-operator/v2/pkg/cluster/operator.go:67.2,67.52 1 0
github.com/opendatahub-io/opendatahub-operator/v2/pkg/cluster/operator.go:67.52,68.58 1 0
github.com/opendatahub-io/opendatahub-operator/v2/pkg/cluster/operator.go:68.58,70.4 1 0
github.com/opendatahub-io/opendatahub-operator/v2/pkg/cluster/operator.go:73.2,73.19 1 0
github.com/opendatahub-io/opendatahub-operator/v2/pkg/cluster/operator.go:77.107,87.98 4 0
github.com/opendatahub-io/opendatahub-operator/v2/pkg/cluster/operator.go:87.98,89.17 2 0
github.com/opendatahub-io/opendatahub-operator/v2/pkg/cluster/operator.go:89.17,90.30 1 0
github.com/opendatahub-io/opendatahub-operator/v2/pkg/cluster/operator.go:90.30,92.5 1 0
github.com/opendatahub-io/opendatahub-operator/v2/pkg/cluster/operator.go:93.4,93.21 1 0
github.com/opendatahub-io/opendatahub-operator/v2/pkg/cluster/operator.go:96.3,96.51 1 0
github.com/opendatahub-io/opendatahub-operator/v2/pkg/cluster/operator.go:96.51,97.46 1 0
github.com/opendatahub-io/opendatahub-operator/v2/pkg/cluster/operator.go:97.46,98.51 1 0
github.com/opendatahub-io/opendatahub-operator/v2/pkg/cluster/operator.go:98.51,100.6 1 0
github.com/opendatahub-io/opendatahub-operator/v2/pkg/cluster/operator.go:103.3,103.20 1 0
github.com/opendatahub-io/opendatahub-operator/v2/pkg/cluster/operator.go:106.2,106.12 1 0
github.com/opendatahub-io/opendatahub-operator/v2/pkg/cluster/resources.go:51.89,52.34 1 32
github.com/opendatahub-io/opendatahub-operator/v2/pkg/cluster/resources.go:52.34,54.3 1 8
github.com/opendatahub-io/opendatahub-operator/v2/pkg/cluster/resources.go:56.2,57.16 2 24
github.com/opendatahub-io/opendatahub-operator/v2/pkg/cluster/resources.go:57.16,59.3 1 0
github.com/opendatahub-io/opendatahub-operator/v2/pkg/cluster/resources.go:61.2,65.50 4 24
github.com/opendatahub-io/opendatahub-operator/v2/pkg/cluster/resources.go:65.50,67.3 1 0
github.com/opendatahub-io/opendatahub-operator/v2/pkg/cluster/resources.go:69.2,69.30 1 24
github.com/opendatahub-io/opendatahub-operator/v2/pkg/cluster/resources.go:70.9,71.77 1 8
github.com/opendatahub-io/opendatahub-operator/v2/pkg/cluster/resources.go:71.77,73.4 1 0
github.com/opendatahub-io/opendatahub-operator/v2/pkg/cluster/resources.go:74.3,74.13 1 8
github.com/opendatahub-io/opendatahub-operator/v2/pkg/cluster/resources.go:75.9,77.17 2 8
github.com/opendatahub-io/opendatahub-operator/v2/pkg/cluster/resources.go:77.17,79.4 1 0
github.com/opendatahub-io/opendatahub-operator/v2/pkg/cluster/resources.go:81.3,87.4 1 8
github.com/opendatahub-io/opendatahub-operator/v2/pkg/cluster/resources.go:88.10,89.126 1 8
github.com/opendatahub-io/opendatahub-operator/v2/pkg/cluster/resources.go:94.88,96.50 2 24
github.com/opendatahub-io/opendatahub-operator/v2/pkg/cluster/resources.go:96.50,98.3 1 0
github.com/opendatahub-io/opendatahub-operator/v2/pkg/cluster/resources.go:100.2,100.30 1 24
github.com/opendatahub-io/opendatahub-operator/v2/pkg/cluster/resources.go:101.9,102.34 1 8
github.com/opendatahub-io/opendatahub-operator/v2/pkg/cluster/resources.go:103.9,110.4 1 8
github.com/opendatahub-io/opendatahub-operator/v2/pkg/cluster/resources.go:111.10,112.147 1 8
github.com/opendatahub-io/opendatahub-operator/v2/pkg/cluster/resources.go:117.89,119.50 2 24
github.com/opendatahub-io/opendatahub-operator/v2/pkg/cluster/resources.go:119.50,121.3 1 0
github.com/opendatahub-io/opendatahub-operator/v2/pkg/cluster/resources.go:123.2,123.30 1 24
github.com/opendatahub-io/opendatahub-operator/v2/pkg/cluster/resources.go:124.9,125.34 1 8
github.com/opendatahub-io/opendatahub-operator/v2/pkg/cluster/resources.go:126.9,133.4 1 8
github.com/opendatahub-io/opendatahub-operator/v2/pkg/cluster/resources.go:134.10,135.146 1 8
github.com/opendatahub-io/opendatahub-operator/v2/pkg/cluster/resources.go:141.130,143.112 2 0
github.com/opendatahub-io/opendatahub-operator/v2/pkg/cluster/resources.go:143.112,145.3 1 0
github.com/opendatahub-io/opendatahub-operator/v2/pkg/cluster/resources.go:147.2,147.41 1 0
github.com/opendatahub-io/opendatahub-operator/v2/pkg/cluster/resources.go:147.41,149.75 1 0
github.com/opendatahub-io/opendatahub-operator/v2/pkg/cluster/resources.go:149.75,155.4 1 0
github.com/opendatahub-io/opendatahub-operator/v2/pkg/cluster/resources.go:158.2,158.58 1 0
github.com/opendatahub-io/opendatahub-operator/v2/pkg/cluster/resources.go:158.58,160.3 1 0
github.com/opendatahub-io/opendatahub-operator/v2/pkg/cluster/resources.go:162.2,162.12 1 0
github.com/opendatahub-io/opendatahub-operator/v2/pkg/cluster/resources.go:166.105,167.38 1 0
github.com/opendatahub-io/opendatahub-operator/v2/pkg/cluster/resources.go:167.38,168.75 1 0
github.com/opendatahub-io/opendatahub-operator/v2/pkg/cluster/resources.go:168.75,170.4 1 0
github.com/opendatahub-io/opendatahub-operator/v2/pkg/cluster/resources.go:173.2,173.14 1 0
github.com/opendatahub-io/opendatahub-operator/v2/pkg/cluster/resources.go:179.135,180.82 1 4
github.com/opendatahub-io/opendatahub-operator/v2/pkg/cluster/resources.go:180.82,182.3 1 0
github.com/opendatahub-io/opendatahub-operator/v2/pkg/cluster/resources.go:184.2,184.73 1 4
github.com/opendatahub-io/opendatahub-operator/v2/pkg/cluster/resources.go:184.73,186.3 1 0
github.com/opendatahub-io/opendatahub-operator/v2/pkg/cluster/resources.go:190.2,200.48 4 4
github.com/opendatahub-io/opendatahub-operator/v2/pkg/cluster/resources.go:200.48,202.3 1 0
github.com/opendatahub-io/opendatahub-operator/v2/pkg/cluster/resources.go:203.2,203.12 1 4
github.com/opendatahub-io/opendatahub-operator/v2/pkg/cluster/resources.go:208.135,219.75 2 7
github.com/opendatahub-io/opendatahub-operator/v2/pkg/cluster/resources.go:219.75,221.3 1 0
github.com/opendatahub-io/opendatahub-operator/v2/pkg/cluster/resources.go:223.2,228.48 3 7
github.com/opendatahub-io/opendatahub-operator/v2/pkg/cluster/resources.go:228.48,230.3 1 0
github.com/opendatahub-io/opendatahub-operator/v2/pkg/cluster/resources.go:232.2,232.30 1 7
github.com/opendatahub-io/opendatahub-operator/v2/pkg/cluster/resources.go:236.118,242.6 3 0
github.com/opendatahub-io/opendatahub-operator/v2/pkg/cluster/resources.go:242.6,243.71 1 0
github.com/opendatahub-io/opendatahub-operator/v2/pkg/cluster/resources.go:243.71,245.4 1 0
github.com/opendatahub-io/opendatahub-operator/v2/pkg/cluster/resources.go:246.3,246.35 1 0
github.com/opendatahub-io/opendatahub-operator/v2/pkg/cluster/resources.go:246.35,248.42 2 0
github.com/opendatahub-io/opendatahub-operator/v2/pkg/cluster/resources.go:248.42,250.5 1 0
github.com/opendatahub-io/opendatahub-operator/v2/pkg/cluster/resources.go:252.3,252.93 1 0
github.com/opendatahub-io/opendatahub-operator/v2/pkg/cluster/resources.go:252.93,253.9 1 0
github.com/opendatahub-io/opendatahub-operator/v2/pkg/cluster/resources.go:256.2,256.12 1 0
github.com/opendatahub-io/opendatahub-operator/v2/pkg/cluster/resources.go:259.87,267.98 3 0
github.com/opendatahub-io/opendatahub-operator/v2/pkg/cluster/resources.go:267.98,279.23 2 0
github.com/opendatahub-io/opendatahub-operator/v2/pkg/cluster/resources.go:279.23,281.4 1 0
github.com/opendatahub-io/opendatahub-operator/v2/pkg/cluster/resources.go:284.3,285.20 2 0
github.com/opendatahub-io/opendatahub-operator/v2/pkg/cluster/resources.go:285.20,287.4 1 0
github.com/opendatahub-io/opendatahub-operator/v2/pkg/cluster/resources.go:290.3,290.40 1 0
github.com/opendatahub-io/opendatahub-operator/v2/pkg/cluster/resources.go:290.40,293.4 2 0
github.com/opendatahub-io/opendatahub-operator/v2/pkg/cluster/resources.go:296.3,296.26 1 0
github.com/opendatahub-io/opendatahub-operator/v2/pkg/cluster/resources.go:300.116,303.16 3 24
github.com/opendatahub-io/opendatahub-operator/v2/pkg/cluster/resources.go:303.16,305.3 1 0
github.com/opendatahub-io/opendatahub-operator/v2/pkg/cluster/resources.go:307.2,307.17 1 24
github.com/opendatahub-io/opendatahub-operator/v2/pkg/cluster/resources.go:310.96,312.2 1 0
github.com/opendatahub-io/opendatahub-operator/v2/pkg/cluster/resources.go:327.115,329.16 2 24
github.com/opendatahub-io/opendatahub-operator/v2/pkg/cluster/resources.go:329.16,330.31 1 0
github.com/opendatahub-io/opendatahub-operator/v2/pkg/cluster/resources.go:330.31,332.4 1 0
github.com/opendatahub-io/opendatahub-operator/v2/pkg/cluster/resources.go:334.3,334.20 1 0
github.com/opendatahub-io/opendatahub-operator/v2/pkg/cluster/resources.go:337.2,338.9 2 24
github.com/opendatahub-io/opendatahub-operator/v2/pkg/cluster/resources.go:339.18,340.43 1 0
github.com/opendatahub-io/opendatahub-operator/v2/pkg/cluster/resources.go:341.72,342.20 1 8
github.com/opendatahub-io/opendatahub-operator/v2/pkg/cluster/resources.go:343.60,344.20 1 8
github.com/opendatahub-io/opendatahub-operator/v2/pkg/cluster/resources.go:345.10,346.19 1 8
