mode: atomic
github.com/opendatahub-io/opendatahub-operator/v2/internal/controller/components/trainingoperator/trainingoperator.go:27.13,29.2 1 1
github.com/opendatahub-io/opendatahub-operator/v2/internal/controller/components/trainingoperator/trainingoperator.go:31.45,33.2 1 1
github.com/opendatahub-io/opendatahub-operator/v2/internal/controller/components/trainingoperator/trainingoperator.go:35.93,51.2 1 1
github.com/opendatahub-io/opendatahub-operator/v2/internal/controller/components/trainingoperator/trainingoperator.go:53.65,54.100 1 0
github.com/opendatahub-io/opendatahub-operator/v2/internal/controller/components/trainingoperator/trainingoperator.go:54.100,56.3 1 0
github.com/opendatahub-io/opendatahub-operator/v2/internal/controller/components/trainingoperator/trainingoperator.go:58.2,58.12 1 0
github.com/opendatahub-io/opendatahub-operator/v2/internal/controller/components/trainingoperator/trainingoperator.go:61.74,63.2 1 7
github.com/opendatahub-io/opendatahub-operator/v2/internal/controller/components/trainingoperator/trainingoperator.go:65.130,71.106 4 4
github.com/opendatahub-io/opendatahub-operator/v2/internal/controller/components/trainingoperator/trainingoperator.go:71.106,73.3 1 0
github.com/opendatahub-io/opendatahub-operator/v2/internal/controller/components/trainingoperator/trainingoperator.go:75.2,76.9 2 4
github.com/opendatahub-io/opendatahub-operator/v2/internal/controller/components/trainingoperator/trainingoperator.go:76.9,78.3 1 0
github.com/opendatahub-io/opendatahub-operator/v2/internal/controller/components/trainingoperator/trainingoperator.go:80.2,88.22 6 4
github.com/opendatahub-io/opendatahub-operator/v2/internal/controller/components/trainingoperator/trainingoperator.go:88.22,92.96 3 2
github.com/opendatahub-io/opendatahub-operator/v2/internal/controller/components/trainingoperator/trainingoperator.go:92.96,95.4 2 2
github.com/opendatahub-io/opendatahub-operator/v2/internal/controller/components/trainingoperator/trainingoperator.go:95.9,97.4 1 0
github.com/opendatahub-io/opendatahub-operator/v2/internal/controller/components/trainingoperator/trainingoperator.go:98.8,105.3 1 2
github.com/opendatahub-io/opendatahub-operator/v2/internal/controller/components/trainingoperator/trainingoperator.go:107.2,107.16 1 4
github.com/opendatahub-io/opendatahub-operator/v2/internal/controller/components/trainingoperator/trainingoperator_controller.go:42.96,77.16 2 0
github.com/opendatahub-io/opendatahub-operator/v2/internal/controller/components/trainingoperator/trainingoperator_controller.go:77.16,79.3 1 0
github.com/opendatahub-io/opendatahub-operator/v2/internal/controller/components/trainingoperator/trainingoperator_controller.go:81.2,81.12 1 0
github.com/opendatahub-io/opendatahub-operator/v2/internal/controller/components/trainingoperator/trainingoperator_controller_actions.go:28.80,31.2 2 0
github.com/opendatahub-io/opendatahub-operator/v2/internal/controller/components/trainingoperator/trainingoperator_controller_actions.go:33.78,35.9 2 0
github.com/opendatahub-io/opendatahub-operator/v2/internal/controller/components/trainingoperator/trainingoperator_controller_actions.go:35.9,37.3 1 0
github.com/opendatahub-io/opendatahub-operator/v2/internal/controller/components/trainingoperator/trainingoperator_controller_actions.go:39.2,39.43 1 0
github.com/opendatahub-io/opendatahub-operator/v2/internal/controller/components/trainingoperator/trainingoperator_controller_actions.go:39.43,41.3 1 0
github.com/opendatahub-io/opendatahub-operator/v2/internal/controller/components/trainingoperator/trainingoperator_controller_actions.go:42.2,42.56 1 0
github.com/opendatahub-io/opendatahub-operator/v2/internal/controller/components/trainingoperator/trainingoperator_controller_actions.go:42.56,44.89 2 0
github.com/opendatahub-io/opendatahub-operator/v2/internal/controller/components/trainingoperator/trainingoperator_controller_actions.go:44.89,46.4 1 0
github.com/opendatahub-io/opendatahub-operator/v2/internal/controller/components/trainingoperator/trainingoperator_controller_actions.go:47.3,47.38 1 0
github.com/opendatahub-io/opendatahub-operator/v2/internal/controller/components/trainingoperator/trainingoperator_controller_actions.go:47.38,51.4 3 0
github.com/opendatahub-io/opendatahub-operator/v2/internal/controller/components/trainingoperator/trainingoperator_controller_actions.go:54.2,54.12 1 0
github.com/opendatahub-io/opendatahub-operator/v2/internal/controller/components/trainingoperator/trainingoperator_support.go:31.40,37.2 1 0
