mode: atomic
github.com/opendatahub-io/opendatahub-operator/v2/internal/controller/components/modelmeshserving/modelmeshserving.go:27.13,29.2 1 1
github.com/opendatahub-io/opendatahub-operator/v2/internal/controller/components/modelmeshserving/modelmeshserving.go:31.45,33.2 1 1
github.com/opendatahub-io/opendatahub-operator/v2/internal/controller/components/modelmeshserving/modelmeshserving.go:35.58,37.101 1 0
github.com/opendatahub-io/opendatahub-operator/v2/internal/controller/components/modelmeshserving/modelmeshserving.go:37.101,39.3 1 0
github.com/opendatahub-io/opendatahub-operator/v2/internal/controller/components/modelmeshserving/modelmeshserving.go:41.2,41.12 1 0
github.com/opendatahub-io/opendatahub-operator/v2/internal/controller/components/modelmeshserving/modelmeshserving.go:45.93,61.2 1 1
github.com/opendatahub-io/opendatahub-operator/v2/internal/controller/components/modelmeshserving/modelmeshserving.go:63.74,65.2 1 7
github.com/opendatahub-io/opendatahub-operator/v2/internal/controller/components/modelmeshserving/modelmeshserving.go:67.130,73.106 4 4
github.com/opendatahub-io/opendatahub-operator/v2/internal/controller/components/modelmeshserving/modelmeshserving.go:73.106,75.3 1 0
github.com/opendatahub-io/opendatahub-operator/v2/internal/controller/components/modelmeshserving/modelmeshserving.go:77.2,78.9 2 4
github.com/opendatahub-io/opendatahub-operator/v2/internal/controller/components/modelmeshserving/modelmeshserving.go:78.9,80.3 1 0
github.com/opendatahub-io/opendatahub-operator/v2/internal/controller/components/modelmeshserving/modelmeshserving.go:82.2,90.22 6 4
github.com/opendatahub-io/opendatahub-operator/v2/internal/controller/components/modelmeshserving/modelmeshserving.go:90.22,94.96 3 2
github.com/opendatahub-io/opendatahub-operator/v2/internal/controller/components/modelmeshserving/modelmeshserving.go:94.96,97.4 2 2
github.com/opendatahub-io/opendatahub-operator/v2/internal/controller/components/modelmeshserving/modelmeshserving.go:97.9,99.4 1 0
github.com/opendatahub-io/opendatahub-operator/v2/internal/controller/components/modelmeshserving/modelmeshserving.go:100.8,107.3 1 2
github.com/opendatahub-io/opendatahub-operator/v2/internal/controller/components/modelmeshserving/modelmeshserving.go:109.2,109.16 1 4
github.com/opendatahub-io/opendatahub-operator/v2/internal/controller/components/modelmeshserving/modelmeshserving_actions.go:29.78,33.2 2 0
github.com/opendatahub-io/opendatahub-operator/v2/internal/controller/components/modelmeshserving/modelmeshserving_actions.go:35.78,37.9 2 0
github.com/opendatahub-io/opendatahub-operator/v2/internal/controller/components/modelmeshserving/modelmeshserving_actions.go:37.9,39.3 1 0
github.com/opendatahub-io/opendatahub-operator/v2/internal/controller/components/modelmeshserving/modelmeshserving_actions.go:41.2,42.15 2 0
github.com/opendatahub-io/opendatahub-operator/v2/internal/controller/components/modelmeshserving/modelmeshserving_actions.go:42.15,44.3 1 0
github.com/opendatahub-io/opendatahub-operator/v2/internal/controller/components/modelmeshserving/modelmeshserving_actions.go:45.2,45.28 1 0
github.com/opendatahub-io/opendatahub-operator/v2/internal/controller/components/modelmeshserving/modelmeshserving_actions.go:45.28,47.3 1 0
github.com/opendatahub-io/opendatahub-operator/v2/internal/controller/components/modelmeshserving/modelmeshserving_actions.go:51.2,51.44 1 0
github.com/opendatahub-io/opendatahub-operator/v2/internal/controller/components/modelmeshserving/modelmeshserving_actions.go:51.44,52.117 1 0
github.com/opendatahub-io/opendatahub-operator/v2/internal/controller/components/modelmeshserving/modelmeshserving_actions.go:52.117,53.12 1 0
github.com/opendatahub-io/opendatahub-operator/v2/internal/controller/components/modelmeshserving/modelmeshserving_actions.go:57.3,57.87 1 0
github.com/opendatahub-io/opendatahub-operator/v2/internal/controller/components/modelmeshserving/modelmeshserving_actions.go:57.87,59.4 1 0
github.com/opendatahub-io/opendatahub-operator/v2/internal/controller/components/modelmeshserving/modelmeshserving_actions.go:61.3,61.36 1 0
github.com/opendatahub-io/opendatahub-operator/v2/internal/controller/components/modelmeshserving/modelmeshserving_actions.go:61.36,63.4 1 0
github.com/opendatahub-io/opendatahub-operator/v2/internal/controller/components/modelmeshserving/modelmeshserving_actions.go:65.3,65.8 1 0
github.com/opendatahub-io/opendatahub-operator/v2/internal/controller/components/modelmeshserving/modelmeshserving_actions.go:68.2,68.12 1 0
github.com/opendatahub-io/opendatahub-operator/v2/internal/controller/components/modelmeshserving/modelmeshserving_controller.go:46.96,70.53 1 0
github.com/opendatahub-io/opendatahub-operator/v2/internal/controller/components/modelmeshserving/modelmeshserving_controller.go:70.53,74.40 1 0
github.com/opendatahub-io/opendatahub-operator/v2/internal/controller/components/modelmeshserving/modelmeshserving_controller.go:75.50,76.20 1 0
github.com/opendatahub-io/opendatahub-operator/v2/internal/controller/components/modelmeshserving/modelmeshserving_controller.go:77.48,78.20 1 0
github.com/opendatahub-io/opendatahub-operator/v2/internal/controller/components/modelmeshserving/modelmeshserving_controller.go:80.7,80.18 1 0
github.com/opendatahub-io/opendatahub-operator/v2/internal/controller/components/modelmeshserving/modelmeshserving_controller.go:103.2,103.16 1 0
github.com/opendatahub-io/opendatahub-operator/v2/internal/controller/components/modelmeshserving/modelmeshserving_controller.go:103.16,105.3 1 0
github.com/opendatahub-io/opendatahub-operator/v2/internal/controller/components/modelmeshserving/modelmeshserving_controller.go:107.2,107.12 1 0
github.com/opendatahub-io/opendatahub-operator/v2/internal/controller/components/modelmeshserving/modelmeshserving_support.go:34.44,40.2 1 0
